[2023-11-15 15:11:55.652] [jointLog] [info] setting maxHashResizeThreads to 10
[2023-11-15 15:11:55.652] [jointLog] [info] Fragment incompatibility prior below threshold.  Incompatible fragments will be ignored.
[2023-11-15 15:11:55.653] [jointLog] [info] Usage of --validateMappings implies use of minScoreFraction. Since not explicitly specified, it is being set to 0.65
[2023-11-15 15:11:55.653] [jointLog] [info] Setting consensusSlack to selective-alignment default of 0.35.
[2023-11-15 15:11:55.653] [jointLog] [info] parsing read library format
[2023-11-15 15:11:55.653] [jointLog] [info] There is 1 library.
[2023-11-15 15:11:55.680] [jointLog] [info] Loading pufferfish index
[2023-11-15 15:11:55.681] [jointLog] [info] Loading dense pufferfish index.
[2023-11-15 15:12:03.390] [jointLog] [info] done
[2023-11-15 15:12:03.429] [jointLog] [info] Index contained 198,540 targets
[2023-11-15 15:12:03.486] [jointLog] [info] Number of decoys : 0
[2023-11-15 15:12:03.626] [jointLog] [info] Automatically detected most likely library type as SF

[2023-11-15 15:12:30.784] [jointLog] [info] Thread saw mini-batch with a maximum of 48.16% zero probability fragments
[2023-11-15 15:12:30.798] [jointLog] [info] Thread saw mini-batch with a maximum of 99.58% zero probability fragments
[2023-11-15 15:12:30.802] [jointLog] [info] Thread saw mini-batch with a maximum of 96.24% zero probability fragments
[2023-11-15 15:12:30.809] [jointLog] [info] Thread saw mini-batch with a maximum of 51.90% zero probability fragments
[2023-11-15 15:12:30.812] [jointLog] [info] Thread saw mini-batch with a maximum of 99.60% zero probability fragments
[2023-11-15 15:12:30.816] [jointLog] [info] Thread saw mini-batch with a maximum of 83.66% zero probability fragments
[2023-11-15 15:12:30.828] [jointLog] [info] Thread saw mini-batch with a maximum of 31.64% zero probability fragments
[2023-11-15 15:12:30.830] [jointLog] [info] Thread saw mini-batch with a maximum of 99.16% zero probability fragments
[2023-11-15 15:12:30.834] [jointLog] [info] Thread saw mini-batch with a maximum of 94.24% zero probability fragments
[2023-11-15 15:12:30.867] [jointLog] [info] Thread saw mini-batch with a maximum of 68.36% zero probability fragments
[2023-11-15 15:12:31.034] [jointLog] [info] Computed 229,576 rich equivalence classes for further processing
[2023-11-15 15:12:31.034] [jointLog] [info] Counted 11,751,870 total reads in the equivalence classes 
[2023-11-15 15:12:31.039] [jointLog] [info] Number of mappings discarded because of alignment score : 42,143,211
[2023-11-15 15:12:31.039] [jointLog] [info] Number of fragments entirely discarded because of alignment score : 463,160
[2023-11-15 15:12:31.039] [jointLog] [info] Number of fragments discarded because they are best-mapped to decoys : 0
[2023-11-15 15:12:31.039] [jointLog] [info] Number of fragments discarded because they have only dovetail (discordant) mappings to valid targets : 0
[2023-11-15 15:12:31.039] [jointLog] [info] Mapping rate = 91.5448%

[2023-11-15 15:12:31.039] [jointLog] [info] finished quantifyLibrary()
[2023-11-15 15:12:31.139] [jointLog] [info] Starting optimizer
[2023-11-15 15:12:31.294] [jointLog] [info] Marked 0 weighted equivalence classes as degenerate
[2023-11-15 15:12:31.311] [jointLog] [info] iteration = 0 | max rel diff. = 4525.85
[2023-11-15 15:12:31.036] [fileLog] [info] 
At end of round 0
==================
Observed 12837287 total fragments (12837287 in most recent round)

[2023-11-15 15:12:32.985] [jointLog] [info] iteration = 100 | max rel diff. = 13.6099
[2023-11-15 15:12:34.677] [jointLog] [info] iteration = 200 | max rel diff. = 7.29758
[2023-11-15 15:12:36.368] [jointLog] [info] iteration = 300 | max rel diff. = 0.929488
[2023-11-15 15:12:38.067] [jointLog] [info] iteration = 400 | max rel diff. = 6.04212
[2023-11-15 15:12:39.783] [jointLog] [info] iteration = 500 | max rel diff. = 0.311794
[2023-11-15 15:12:41.481] [jointLog] [info] iteration = 600 | max rel diff. = 0.19693
[2023-11-15 15:12:43.183] [jointLog] [info] iteration = 700 | max rel diff. = 0.205949
[2023-11-15 15:12:44.896] [jointLog] [info] iteration = 800 | max rel diff. = 0.1857
[2023-11-15 15:12:46.602] [jointLog] [info] iteration = 900 | max rel diff. = 4.7841
[2023-11-15 15:12:48.310] [jointLog] [info] iteration = 1,000 | max rel diff. = 0.0725377
[2023-11-15 15:12:50.023] [jointLog] [info] iteration = 1,100 | max rel diff. = 0.122772
[2023-11-15 15:12:51.742] [jointLog] [info] iteration = 1,200 | max rel diff. = 0.287918
[2023-11-15 15:12:51.811] [jointLog] [info] iteration = 1,205 | max rel diff. = 0.00565015
[2023-11-15 15:12:51.842] [jointLog] [info] Finished optimizer
[2023-11-15 15:12:51.842] [jointLog] [info] writing output 

