[2023-11-15 13:46:10.083] [jointLog] [info] setting maxHashResizeThreads to 10
[2023-11-15 13:46:10.083] [jointLog] [info] Fragment incompatibility prior below threshold.  Incompatible fragments will be ignored.
[2023-11-15 13:46:10.084] [jointLog] [info] Usage of --validateMappings implies use of minScoreFraction. Since not explicitly specified, it is being set to 0.65
[2023-11-15 13:46:10.084] [jointLog] [info] Setting consensusSlack to selective-alignment default of 0.35.
[2023-11-15 13:46:10.084] [jointLog] [info] parsing read library format
[2023-11-15 13:46:10.084] [jointLog] [info] There is 1 library.
[2023-11-15 13:46:10.086] [jointLog] [info] Loading pufferfish index
[2023-11-15 13:46:10.087] [jointLog] [info] Loading dense pufferfish index.
[2023-11-15 13:46:19.614] [jointLog] [info] done
[2023-11-15 13:46:19.654] [jointLog] [info] Index contained 198,540 targets
[2023-11-15 13:46:19.717] [jointLog] [info] Number of decoys : 0
[2023-11-15 13:46:19.999] [jointLog] [info] Automatically detected most likely library type as SF

[2023-11-15 13:46:55.532] [jointLog] [info] Thread saw mini-batch with a maximum of 55.90% zero probability fragments
[2023-11-15 13:46:55.536] [jointLog] [info] Thread saw mini-batch with a maximum of 53.22% zero probability fragments
[2023-11-15 13:46:55.543] [jointLog] [info] Thread saw mini-batch with a maximum of 13.48% zero probability fragments
[2023-11-15 13:46:55.547] [jointLog] [info] Thread saw mini-batch with a maximum of 32.68% zero probability fragments
[2023-11-15 13:46:55.550] [jointLog] [info] Thread saw mini-batch with a maximum of 48.56% zero probability fragments
[2023-11-15 13:46:55.560] [jointLog] [info] Thread saw mini-batch with a maximum of 68.52% zero probability fragments
[2023-11-15 13:46:55.583] [jointLog] [info] Thread saw mini-batch with a maximum of 12.78% zero probability fragments
[2023-11-15 13:46:55.601] [jointLog] [info] Thread saw mini-batch with a maximum of 52.42% zero probability fragments
[2023-11-15 13:46:55.620] [jointLog] [info] Thread saw mini-batch with a maximum of 59.88% zero probability fragments
[2023-11-15 13:46:55.651] [jointLog] [info] Thread saw mini-batch with a maximum of 51.50% zero probability fragments
[2023-11-15 13:46:55.838] [fileLog] [info] 
At end of round 0
==================
Observed 16687225 total fragments (16687225 in most recent round)

[2023-11-15 13:46:55.837] [jointLog] [info] Computed 252,963 rich equivalence classes for further processing
[2023-11-15 13:46:55.837] [jointLog] [info] Counted 14,603,607 total reads in the equivalence classes 
[2023-11-15 13:46:55.841] [jointLog] [info] Number of mappings discarded because of alignment score : 49,410,492
[2023-11-15 13:46:55.841] [jointLog] [info] Number of fragments entirely discarded because of alignment score : 1,858,556
[2023-11-15 13:46:55.841] [jointLog] [info] Number of fragments discarded because they are best-mapped to decoys : 0
[2023-11-15 13:46:55.841] [jointLog] [info] Number of fragments discarded because they have only dovetail (discordant) mappings to valid targets : 0
[2023-11-15 13:46:55.841] [jointLog] [info] Mapping rate = 87.5137%

[2023-11-15 13:46:55.841] [jointLog] [info] finished quantifyLibrary()
[2023-11-15 13:46:55.844] [jointLog] [info] Starting optimizer
[2023-11-15 13:46:56.018] [jointLog] [info] Marked 0 weighted equivalence classes as degenerate
[2023-11-15 13:46:56.037] [jointLog] [info] iteration = 0 | max rel diff. = 5202.67
[2023-11-15 13:46:57.900] [jointLog] [info] iteration = 100 | max rel diff. = 17.0807
[2023-11-15 13:46:59.663] [jointLog] [info] iteration = 200 | max rel diff. = 2.31605
[2023-11-15 13:47:01.325] [jointLog] [info] iteration = 300 | max rel diff. = 1.14034
[2023-11-15 13:47:02.975] [jointLog] [info] iteration = 400 | max rel diff. = 16.0848
[2023-11-15 13:47:04.598] [jointLog] [info] iteration = 500 | max rel diff. = 0.624226
[2023-11-15 13:47:06.220] [jointLog] [info] iteration = 600 | max rel diff. = 0.183368
[2023-11-15 13:47:07.843] [jointLog] [info] iteration = 700 | max rel diff. = 0.0596841
[2023-11-15 13:47:09.458] [jointLog] [info] iteration = 800 | max rel diff. = 0.062615
[2023-11-15 13:47:11.100] [jointLog] [info] iteration = 900 | max rel diff. = 0.0354087
[2023-11-15 13:47:12.723] [jointLog] [info] iteration = 1,000 | max rel diff. = 0.167778
[2023-11-15 13:47:14.352] [jointLog] [info] iteration = 1,100 | max rel diff. = 20.3072
[2023-11-15 13:47:15.881] [jointLog] [info] iteration = 1,200 | max rel diff. = 0.698139
[2023-11-15 13:47:17.321] [jointLog] [info] iteration = 1,294 | max rel diff. = 0.00475637
[2023-11-15 13:47:17.348] [jointLog] [info] Finished optimizer
[2023-11-15 13:47:17.348] [jointLog] [info] writing output 

