[2025-06-04 13:54:59.017] [jointLog] [info] setting maxHashResizeThreads to 10
[2025-06-04 13:54:59.017] [jointLog] [info] Fragment incompatibility prior below threshold.  Incompatible fragments will be ignored.
[2025-06-04 13:54:59.017] [jointLog] [info] Usage of --validateMappings implies use of minScoreFraction. Since not explicitly specified, it is being set to 0.65
[2025-06-04 13:54:59.017] [jointLog] [info] Setting consensusSlack to selective-alignment default of 0.35.
[2025-06-04 13:54:59.017] [jointLog] [info] parsing read library format
[2025-06-04 13:54:59.017] [jointLog] [info] There is 1 library.
[2025-06-04 13:54:59.021] [jointLog] [info] Loading pufferfish index
[2025-06-04 13:54:59.022] [jointLog] [info] Loading dense pufferfish index.
[2025-06-04 13:55:00.593] [jointLog] [info] done
[2025-06-04 13:55:00.633] [jointLog] [info] Index contained 198,540 targets
[2025-06-04 13:55:00.693] [jointLog] [info] Number of decoys : 0
[2025-06-04 13:55:01.205] [jointLog] [info] Automatically detected most likely library type as ISR

[2025-06-04 14:00:28.193] [jointLog] [info] Thread saw mini-batch with a maximum of 1.72% zero probability fragments
[2025-06-04 14:00:28.194] [jointLog] [info] Thread saw mini-batch with a maximum of 2.56% zero probability fragments
[2025-06-04 14:00:28.195] [jointLog] [info] Thread saw mini-batch with a maximum of 1.66% zero probability fragments
[2025-06-04 14:00:28.249] [jointLog] [info] Thread saw mini-batch with a maximum of 3.06% zero probability fragments
[2025-06-04 14:00:28.283] [jointLog] [info] Thread saw mini-batch with a maximum of 2.32% zero probability fragments
[2025-06-04 14:00:28.338] [jointLog] [info] Thread saw mini-batch with a maximum of 1.42% zero probability fragments
[2025-06-04 14:00:28.397] [jointLog] [info] Thread saw mini-batch with a maximum of 1.86% zero probability fragments
[2025-06-04 14:00:28.410] [jointLog] [info] Thread saw mini-batch with a maximum of 1.60% zero probability fragments
[2025-06-04 14:00:28.411] [jointLog] [info] Thread saw mini-batch with a maximum of 2.84% zero probability fragments
[2025-06-04 14:00:28.425] [jointLog] [info] Thread saw mini-batch with a maximum of 1.58% zero probability fragments
[2025-06-04 14:00:28.783] [fileLog] [info] 
At end of round 0
==================
Observed 56861203 total fragments (56861203 in most recent round)

[2025-06-04 14:00:28.782] [jointLog] [info] Computed 588,797 rich equivalence classes for further processing
[2025-06-04 14:00:28.782] [jointLog] [info] Counted 45,856,775 total reads in the equivalence classes 
[2025-06-04 14:00:28.791] [jointLog] [info] Number of mappings discarded because of alignment score : 54,217,345
[2025-06-04 14:00:28.791] [jointLog] [info] Number of fragments entirely discarded because of alignment score : 4,438,762
[2025-06-04 14:00:28.791] [jointLog] [info] Number of fragments discarded because they are best-mapped to decoys : 0
[2025-06-04 14:00:28.791] [jointLog] [info] Mapping rate = 80.6469%

[2025-06-04 14:00:28.791] [jointLog] [info] finished quantifyLibrary()
[2025-06-04 14:00:28.793] [jointLog] [info] Starting optimizer
[2025-06-04 14:00:33.338] [jointLog] [info] Marked 0 weighted equivalence classes as degenerate
[2025-06-04 14:00:33.362] [jointLog] [info] iteration = 0 | max rel diff. = 1895.67
[2025-06-04 14:00:35.303] [jointLog] [info] iteration = 100 | max rel diff. = 8.18624
[2025-06-04 14:00:37.155] [jointLog] [info] iteration = 200 | max rel diff. = 13.0534
[2025-06-04 14:00:39.008] [jointLog] [info] iteration = 300 | max rel diff. = 0.893132
[2025-06-04 14:00:40.859] [jointLog] [info] iteration = 400 | max rel diff. = 0.442527
[2025-06-04 14:00:42.742] [jointLog] [info] iteration = 500 | max rel diff. = 0.601009
[2025-06-04 14:00:44.598] [jointLog] [info] iteration = 600 | max rel diff. = 0.20554
[2025-06-04 14:00:46.442] [jointLog] [info] iteration = 700 | max rel diff. = 0.249915
[2025-06-04 14:00:48.287] [jointLog] [info] iteration = 800 | max rel diff. = 0.222065
[2025-06-04 14:00:50.129] [jointLog] [info] iteration = 900 | max rel diff. = 0.439601
[2025-06-04 14:00:51.971] [jointLog] [info] iteration = 1,000 | max rel diff. = 2.69746
[2025-06-04 14:00:53.813] [jointLog] [info] iteration = 1,100 | max rel diff. = 0.0877782
[2025-06-04 14:00:55.655] [jointLog] [info] iteration = 1,200 | max rel diff. = 0.0282921
[2025-06-04 14:00:57.501] [jointLog] [info] iteration = 1,300 | max rel diff. = 0.224866
[2025-06-04 14:00:58.319] [jointLog] [info] iteration = 1,345 | max rel diff. = 0.00719811
[2025-06-04 14:00:58.346] [jointLog] [info] Finished optimizer
[2025-06-04 14:00:58.346] [jointLog] [info] writing output 

