[2023-11-15 14:03:09.089] [jointLog] [info] setting maxHashResizeThreads to 10
[2023-11-15 14:03:09.089] [jointLog] [info] Fragment incompatibility prior below threshold.  Incompatible fragments will be ignored.
[2023-11-15 14:03:09.089] [jointLog] [info] Usage of --validateMappings implies use of minScoreFraction. Since not explicitly specified, it is being set to 0.65
[2023-11-15 14:03:09.090] [jointLog] [info] Setting consensusSlack to selective-alignment default of 0.35.
[2023-11-15 14:03:09.090] [jointLog] [info] parsing read library format
[2023-11-15 14:03:09.090] [jointLog] [info] There is 1 library.
[2023-11-15 14:03:09.092] [jointLog] [info] Loading pufferfish index
[2023-11-15 14:03:09.093] [jointLog] [info] Loading dense pufferfish index.
[2023-11-15 14:03:10.682] [jointLog] [info] done
[2023-11-15 14:03:10.726] [jointLog] [info] Index contained 198,540 targets
[2023-11-15 14:03:10.789] [jointLog] [info] Number of decoys : 0
[2023-11-15 14:03:11.328] [jointLog] [info] Automatically detected most likely library type as ISR

[2023-11-15 14:05:40.900] [jointLog] [info] Thread saw mini-batch with a maximum of 1.30% zero probability fragments
[2023-11-15 14:05:40.903] [jointLog] [info] Thread saw mini-batch with a maximum of 1.40% zero probability fragments
[2023-11-15 14:05:40.913] [jointLog] [info] Thread saw mini-batch with a maximum of 1.28% zero probability fragments
[2023-11-15 14:05:40.930] [jointLog] [info] Thread saw mini-batch with a maximum of 1.32% zero probability fragments
[2023-11-15 14:05:40.976] [jointLog] [info] Thread saw mini-batch with a maximum of 1.32% zero probability fragments
[2023-11-15 14:05:40.995] [jointLog] [info] Thread saw mini-batch with a maximum of 1.39% zero probability fragments
[2023-11-15 14:05:41.006] [jointLog] [info] Thread saw mini-batch with a maximum of 1.36% zero probability fragments
[2023-11-15 14:05:41.057] [jointLog] [info] Thread saw mini-batch with a maximum of 1.30% zero probability fragments
[2023-11-15 14:05:41.076] [jointLog] [info] Thread saw mini-batch with a maximum of 1.30% zero probability fragments
[2023-11-15 14:05:41.107] [jointLog] [info] Thread saw mini-batch with a maximum of 1.34% zero probability fragments
[2023-11-15 14:05:41.426] [jointLog] [info] Computed 457,673 rich equivalence classes for further processing
[2023-11-15 14:05:41.426] [jointLog] [info] Counted 18,776,164 total reads in the equivalence classes 
[2023-11-15 14:05:41.435] [jointLog] [info] Number of mappings discarded because of alignment score : 23,755,996
[2023-11-15 14:05:41.435] [jointLog] [info] Number of fragments entirely discarded because of alignment score : 1,605,659
[2023-11-15 14:05:41.435] [jointLog] [info] Number of fragments discarded because they are best-mapped to decoys : 0
[2023-11-15 14:05:41.435] [jointLog] [info] Mapping rate = 85.7691%

[2023-11-15 14:05:41.435] [jointLog] [info] finished quantifyLibrary()
[2023-11-15 14:05:41.470] [jointLog] [info] Starting optimizer
[2023-11-15 14:05:41.428] [fileLog] [info] 
At end of round 0
==================
Observed 21891513 total fragments (21891513 in most recent round)

[2023-11-15 14:05:41.668] [jointLog] [info] Marked 0 weighted equivalence classes as degenerate
[2023-11-15 14:05:41.687] [jointLog] [info] iteration = 0 | max rel diff. = 5901.48
[2023-11-15 14:05:43.555] [jointLog] [info] iteration = 100 | max rel diff. = 6.60141
[2023-11-15 14:05:45.281] [jointLog] [info] iteration = 200 | max rel diff. = 4.96162
[2023-11-15 14:05:47.075] [jointLog] [info] iteration = 300 | max rel diff. = 4.01068
[2023-11-15 14:05:48.790] [jointLog] [info] iteration = 400 | max rel diff. = 2.5704
[2023-11-15 14:05:50.455] [jointLog] [info] iteration = 500 | max rel diff. = 2.86187
[2023-11-15 14:05:52.122] [jointLog] [info] iteration = 600 | max rel diff. = 0.294044
[2023-11-15 14:05:53.789] [jointLog] [info] iteration = 700 | max rel diff. = 0.366437
[2023-11-15 14:05:55.458] [jointLog] [info] iteration = 800 | max rel diff. = 1.43064
[2023-11-15 14:05:57.121] [jointLog] [info] iteration = 900 | max rel diff. = 12.186
[2023-11-15 14:05:58.781] [jointLog] [info] iteration = 1,000 | max rel diff. = 0.0544298
[2023-11-15 14:06:00.436] [jointLog] [info] iteration = 1,100 | max rel diff. = 0.0500032
[2023-11-15 14:06:02.078] [jointLog] [info] iteration = 1,200 | max rel diff. = 0.0219478
[2023-11-15 14:06:03.725] [jointLog] [info] iteration = 1,300 | max rel diff. = 0.524442
[2023-11-15 14:06:03.775] [jointLog] [info] iteration = 1,304 | max rel diff. = 0.00697619
[2023-11-15 14:06:03.817] [jointLog] [info] Finished optimizer
[2023-11-15 14:06:03.817] [jointLog] [info] writing output 

