[2023-11-15 14:20:00.074] [jointLog] [info] setting maxHashResizeThreads to 10
[2023-11-15 14:20:00.074] [jointLog] [info] Fragment incompatibility prior below threshold.  Incompatible fragments will be ignored.
[2023-11-15 14:20:00.074] [jointLog] [info] Usage of --validateMappings implies use of minScoreFraction. Since not explicitly specified, it is being set to 0.65
[2023-11-15 14:20:00.075] [jointLog] [info] Setting consensusSlack to selective-alignment default of 0.35.
[2023-11-15 14:20:00.075] [jointLog] [info] parsing read library format
[2023-11-15 14:20:00.075] [jointLog] [info] There is 1 library.
[2023-11-15 14:20:00.109] [jointLog] [info] Loading pufferfish index
[2023-11-15 14:20:00.110] [jointLog] [info] Loading dense pufferfish index.
[2023-11-15 14:20:08.740] [jointLog] [info] done
[2023-11-15 14:20:08.778] [jointLog] [info] Index contained 198,540 targets
[2023-11-15 14:20:08.838] [jointLog] [info] Number of decoys : 0
[2023-11-15 14:20:09.028] [jointLog] [info] Automatically detected most likely library type as SF

[2023-11-15 14:20:18.805] [jointLog] [info] Thread saw mini-batch with a maximum of 31.66% zero probability fragments
[2023-11-15 14:20:18.810] [jointLog] [info] Thread saw mini-batch with a maximum of 8.06% zero probability fragments
[2023-11-15 14:20:18.810] [jointLog] [info] Thread saw mini-batch with a maximum of 30.38% zero probability fragments
[2023-11-15 14:20:18.818] [jointLog] [info] Thread saw mini-batch with a maximum of 37.18% zero probability fragments
[2023-11-15 14:20:18.828] [jointLog] [info] Thread saw mini-batch with a maximum of 22.66% zero probability fragments
[2023-11-15 14:20:18.833] [jointLog] [info] Thread saw mini-batch with a maximum of 30.32% zero probability fragments
[2023-11-15 14:20:18.839] [jointLog] [info] Thread saw mini-batch with a maximum of 37.04% zero probability fragments
[2023-11-15 14:20:18.840] [jointLog] [info] Thread saw mini-batch with a maximum of 37.20% zero probability fragments
[2023-11-15 14:20:18.842] [jointLog] [info] Thread saw mini-batch with a maximum of 34.72% zero probability fragments
[2023-11-15 14:20:18.845] [jointLog] [info] Thread saw mini-batch with a maximum of 26.58% zero probability fragments
[2023-11-15 14:20:18.999] [jointLog] [info] Computed 154,745 rich equivalence classes for further processing
[2023-11-15 14:20:18.999] [jointLog] [info] Counted 4,566,339 total reads in the equivalence classes 
[2023-11-15 14:20:19.005] [jointLog] [info] Number of mappings discarded because of alignment score : 18,699,029
[2023-11-15 14:20:19.005] [jointLog] [info] Number of fragments entirely discarded because of alignment score : 383,716
[2023-11-15 14:20:19.005] [jointLog] [info] Number of fragments discarded because they are best-mapped to decoys : 0
[2023-11-15 14:20:19.005] [jointLog] [info] Number of fragments discarded because they have only dovetail (discordant) mappings to valid targets : 0
[2023-11-15 14:20:19.034] [jointLog] [warning] Only 4566339 fragments were mapped, but the number of burn-in fragments was set to 5000000.
The effective lengths have been computed using the observed mappings.

[2023-11-15 14:20:19.034] [jointLog] [info] Mapping rate = 56.5142%

[2023-11-15 14:20:19.034] [jointLog] [info] finished quantifyLibrary()
[2023-11-15 14:20:19.036] [jointLog] [info] Starting optimizer
[2023-11-15 14:20:19.202] [jointLog] [info] Marked 0 weighted equivalence classes as degenerate
[2023-11-15 14:20:19.217] [jointLog] [info] iteration = 0 | max rel diff. = 2088.49
[2023-11-15 14:20:19.001] [fileLog] [info] 
At end of round 0
==================
Observed 8079985 total fragments (8079985 in most recent round)

[2023-11-15 14:20:20.594] [jointLog] [info] iteration = 100 | max rel diff. = 15.0619
[2023-11-15 14:20:22.006] [jointLog] [info] iteration = 200 | max rel diff. = 1.89959
[2023-11-15 14:20:23.408] [jointLog] [info] iteration = 300 | max rel diff. = 0.394104
[2023-11-15 14:20:24.848] [jointLog] [info] iteration = 400 | max rel diff. = 0.178522
[2023-11-15 14:20:26.271] [jointLog] [info] iteration = 500 | max rel diff. = 0.112323
[2023-11-15 14:20:27.658] [jointLog] [info] iteration = 600 | max rel diff. = 0.0314383
[2023-11-15 14:20:29.011] [jointLog] [info] iteration = 700 | max rel diff. = 0.0288786
[2023-11-15 14:20:30.024] [jointLog] [info] iteration = 775 | max rel diff. = 0.00743106
[2023-11-15 14:20:30.053] [jointLog] [info] Finished optimizer
[2023-11-15 14:20:30.053] [jointLog] [info] writing output 

