[2023-11-15 13:45:32.370] [jointLog] [info] setting maxHashResizeThreads to 10
[2023-11-15 13:45:32.370] [jointLog] [info] Fragment incompatibility prior below threshold.  Incompatible fragments will be ignored.
[2023-11-15 13:45:32.371] [jointLog] [info] Usage of --validateMappings implies use of minScoreFraction. Since not explicitly specified, it is being set to 0.65
[2023-11-15 13:45:32.371] [jointLog] [info] Setting consensusSlack to selective-alignment default of 0.35.
[2023-11-15 13:45:32.371] [jointLog] [info] parsing read library format
[2023-11-15 13:45:32.371] [jointLog] [info] There is 1 library.
[2023-11-15 13:45:32.374] [jointLog] [info] Loading pufferfish index
[2023-11-15 13:45:32.377] [jointLog] [info] Loading dense pufferfish index.
[2023-11-15 13:45:33.954] [jointLog] [info] done
[2023-11-15 13:45:34.001] [jointLog] [info] Index contained 198,540 targets
[2023-11-15 13:45:34.069] [jointLog] [info] Number of decoys : 0
[2023-11-15 13:45:34.642] [jointLog] [info] Automatically detected most likely library type as ISR

[2023-11-15 13:47:31.430] [jointLog] [info] Thread saw mini-batch with a maximum of 1.16% zero probability fragments
[2023-11-15 13:47:31.444] [jointLog] [info] Thread saw mini-batch with a maximum of 1.18% zero probability fragments
[2023-11-15 13:47:31.460] [jointLog] [info] Thread saw mini-batch with a maximum of 1.20% zero probability fragments
[2023-11-15 13:47:31.478] [jointLog] [info] Thread saw mini-batch with a maximum of 1.32% zero probability fragments
[2023-11-15 13:47:31.491] [jointLog] [info] Thread saw mini-batch with a maximum of 1.24% zero probability fragments
[2023-11-15 13:47:31.491] [jointLog] [info] Thread saw mini-batch with a maximum of 1.34% zero probability fragments
[2023-11-15 13:47:31.527] [jointLog] [info] Thread saw mini-batch with a maximum of 1.24% zero probability fragments
[2023-11-15 13:47:31.532] [jointLog] [info] Thread saw mini-batch with a maximum of 1.34% zero probability fragments
[2023-11-15 13:47:31.538] [jointLog] [info] Thread saw mini-batch with a maximum of 1.14% zero probability fragments
[2023-11-15 13:47:31.683] [jointLog] [info] Thread saw mini-batch with a maximum of 1.20% zero probability fragments
[2023-11-15 13:47:31.944] [fileLog] [info] 
At end of round 0
==================
Observed 17056331 total fragments (17056331 in most recent round)

[2023-11-15 13:47:31.942] [jointLog] [info] Computed 405,063 rich equivalence classes for further processing
[2023-11-15 13:47:31.942] [jointLog] [info] Counted 14,437,992 total reads in the equivalence classes 
[2023-11-15 13:47:31.952] [jointLog] [info] Number of mappings discarded because of alignment score : 19,192,658
[2023-11-15 13:47:31.952] [jointLog] [info] Number of fragments entirely discarded because of alignment score : 1,385,436
[2023-11-15 13:47:31.952] [jointLog] [info] Number of fragments discarded because they are best-mapped to decoys : 0
[2023-11-15 13:47:31.952] [jointLog] [info] Mapping rate = 84.6489%

[2023-11-15 13:47:31.952] [jointLog] [info] finished quantifyLibrary()
[2023-11-15 13:47:32.438] [jointLog] [info] Starting optimizer
[2023-11-15 13:47:36.341] [jointLog] [info] Marked 0 weighted equivalence classes as degenerate
[2023-11-15 13:47:36.359] [jointLog] [info] iteration = 0 | max rel diff. = 5150.46
[2023-11-15 13:47:37.867] [jointLog] [info] iteration = 100 | max rel diff. = 18.1712
[2023-11-15 13:47:39.385] [jointLog] [info] iteration = 200 | max rel diff. = 9.32588
[2023-11-15 13:47:40.879] [jointLog] [info] iteration = 300 | max rel diff. = 1.72776
[2023-11-15 13:47:42.362] [jointLog] [info] iteration = 400 | max rel diff. = 0.216567
[2023-11-15 13:47:43.846] [jointLog] [info] iteration = 500 | max rel diff. = 9.82947
[2023-11-15 13:47:45.352] [jointLog] [info] iteration = 600 | max rel diff. = 0.0671535
[2023-11-15 13:47:46.862] [jointLog] [info] iteration = 700 | max rel diff. = 0.0561923
[2023-11-15 13:47:48.382] [jointLog] [info] iteration = 800 | max rel diff. = 0.0827369
[2023-11-15 13:47:49.905] [jointLog] [info] iteration = 900 | max rel diff. = 0.0285375
[2023-11-15 13:47:51.392] [jointLog] [info] iteration = 1,000 | max rel diff. = 0.05458
[2023-11-15 13:47:51.633] [jointLog] [info] iteration = 1,017 | max rel diff. = 0.00726207
[2023-11-15 13:47:51.662] [jointLog] [info] Finished optimizer
[2023-11-15 13:47:51.662] [jointLog] [info] writing output 

