[2023-11-15 14:10:16.210] [jointLog] [info] setting maxHashResizeThreads to 10
[2023-11-15 14:10:16.210] [jointLog] [info] Fragment incompatibility prior below threshold.  Incompatible fragments will be ignored.
[2023-11-15 14:10:16.210] [jointLog] [info] Usage of --validateMappings implies use of minScoreFraction. Since not explicitly specified, it is being set to 0.65
[2023-11-15 14:10:16.210] [jointLog] [info] Setting consensusSlack to selective-alignment default of 0.35.
[2023-11-15 14:10:16.210] [jointLog] [info] parsing read library format
[2023-11-15 14:10:16.210] [jointLog] [info] There is 1 library.
[2023-11-15 14:10:16.238] [jointLog] [info] Loading pufferfish index
[2023-11-15 14:10:16.239] [jointLog] [info] Loading dense pufferfish index.
[2023-11-15 14:10:18.588] [jointLog] [info] done
[2023-11-15 14:10:18.628] [jointLog] [info] Index contained 198,540 targets
[2023-11-15 14:10:18.686] [jointLog] [info] Number of decoys : 0
[2023-11-15 14:10:19.347] [jointLog] [info] Automatically detected most likely library type as ISR

[2023-11-15 14:12:22.093] [jointLog] [info] Thread saw mini-batch with a maximum of 1.42% zero probability fragments
[2023-11-15 14:12:22.103] [jointLog] [info] Thread saw mini-batch with a maximum of 1.24% zero probability fragments
[2023-11-15 14:12:22.132] [jointLog] [info] Thread saw mini-batch with a maximum of 1.28% zero probability fragments
[2023-11-15 14:12:22.142] [jointLog] [info] Thread saw mini-batch with a maximum of 1.20% zero probability fragments
[2023-11-15 14:12:22.153] [jointLog] [info] Thread saw mini-batch with a maximum of 1.16% zero probability fragments
[2023-11-15 14:12:22.163] [jointLog] [info] Thread saw mini-batch with a maximum of 1.24% zero probability fragments
[2023-11-15 14:12:22.206] [jointLog] [info] Thread saw mini-batch with a maximum of 1.24% zero probability fragments
[2023-11-15 14:12:22.320] [jointLog] [info] Thread saw mini-batch with a maximum of 1.16% zero probability fragments
[2023-11-15 14:12:22.450] [jointLog] [info] Thread saw mini-batch with a maximum of 1.20% zero probability fragments
[2023-11-15 14:12:22.461] [jointLog] [info] Thread saw mini-batch with a maximum of 1.18% zero probability fragments
[2023-11-15 14:12:22.706] [jointLog] [info] Computed 391,911 rich equivalence classes for further processing
[2023-11-15 14:12:22.706] [jointLog] [info] Counted 14,453,787 total reads in the equivalence classes 
[2023-11-15 14:12:22.714] [jointLog] [info] Number of mappings discarded because of alignment score : 20,322,362
[2023-11-15 14:12:22.714] [jointLog] [info] Number of fragments entirely discarded because of alignment score : 1,326,112
[2023-11-15 14:12:22.714] [jointLog] [info] Number of fragments discarded because they are best-mapped to decoys : 0
[2023-11-15 14:12:22.714] [jointLog] [info] Mapping rate = 85.0959%

[2023-11-15 14:12:22.714] [jointLog] [info] finished quantifyLibrary()
[2023-11-15 14:12:22.760] [jointLog] [info] Starting optimizer
[2023-11-15 14:12:22.887] [jointLog] [info] Marked 0 weighted equivalence classes as degenerate
[2023-11-15 14:12:22.903] [jointLog] [info] iteration = 0 | max rel diff. = 5160.24
[2023-11-15 14:12:22.708] [fileLog] [info] 
At end of round 0
==================
Observed 16985282 total fragments (16985282 in most recent round)

[2023-11-15 14:12:24.415] [jointLog] [info] iteration = 100 | max rel diff. = 15.2729
[2023-11-15 14:12:25.989] [jointLog] [info] iteration = 200 | max rel diff. = 10.3518
[2023-11-15 14:12:27.555] [jointLog] [info] iteration = 300 | max rel diff. = 2.20707
[2023-11-15 14:12:29.058] [jointLog] [info] iteration = 400 | max rel diff. = 15.0762
[2023-11-15 14:12:30.568] [jointLog] [info] iteration = 500 | max rel diff. = 0.733461
[2023-11-15 14:12:32.086] [jointLog] [info] iteration = 600 | max rel diff. = 2.27758
[2023-11-15 14:12:33.602] [jointLog] [info] iteration = 700 | max rel diff. = 0.109885
[2023-11-15 14:12:35.125] [jointLog] [info] iteration = 800 | max rel diff. = 0.68663
[2023-11-15 14:12:36.640] [jointLog] [info] iteration = 900 | max rel diff. = 0.0809793
[2023-11-15 14:12:37.593] [jointLog] [info] iteration = 964 | max rel diff. = 0.00552594
[2023-11-15 14:12:37.620] [jointLog] [info] Finished optimizer
[2023-11-15 14:12:37.620] [jointLog] [info] writing output 

