[2025-08-07 15:41:52.765] [jointLog] [info] setting maxHashResizeThreads to 10
[2025-08-07 15:41:52.765] [jointLog] [info] Fragment incompatibility prior below threshold.  Incompatible fragments will be ignored.
[2025-08-07 15:41:52.765] [jointLog] [info] Usage of --validateMappings implies use of minScoreFraction. Since not explicitly specified, it is being set to 0.65
[2025-08-07 15:41:52.766] [jointLog] [info] Setting consensusSlack to selective-alignment default of 0.35.
[2025-08-07 15:41:52.766] [jointLog] [info] parsing read library format
[2025-08-07 15:41:52.766] [jointLog] [info] There is 1 library.
[2025-08-07 15:41:52.769] [jointLog] [info] Loading pufferfish index
[2025-08-07 15:41:52.769] [jointLog] [info] Loading dense pufferfish index.
[2025-08-07 15:42:02.954] [jointLog] [info] done
[2025-08-07 15:42:03.045] [jointLog] [info] Index contained 198,540 targets
[2025-08-07 15:42:03.137] [jointLog] [info] Number of decoys : 0
[2025-08-07 15:42:03.320] [jointLog] [info] Automatically detected most likely library type as SF

[2025-08-07 15:42:30.787] [jointLog] [info] Thread saw mini-batch with a maximum of 33.26% zero probability fragments
[2025-08-07 15:42:30.803] [jointLog] [info] Thread saw mini-batch with a maximum of 6.42% zero probability fragments
[2025-08-07 15:42:30.808] [jointLog] [info] Thread saw mini-batch with a maximum of 37.98% zero probability fragments
[2025-08-07 15:42:30.810] [jointLog] [info] Thread saw mini-batch with a maximum of 26.20% zero probability fragments
[2025-08-07 15:42:30.821] [jointLog] [info] Thread saw mini-batch with a maximum of 30.40% zero probability fragments
[2025-08-07 15:42:30.826] [jointLog] [info] Thread saw mini-batch with a maximum of 30.06% zero probability fragments
[2025-08-07 15:42:30.842] [jointLog] [info] Thread saw mini-batch with a maximum of 92.62% zero probability fragments
[2025-08-07 15:42:30.942] [jointLog] [info] Thread saw mini-batch with a maximum of 7.20% zero probability fragments
[2025-08-07 15:42:31.027] [jointLog] [info] Thread saw mini-batch with a maximum of 31.56% zero probability fragments
[2025-08-07 15:42:31.052] [jointLog] [info] Thread saw mini-batch with a maximum of 21.40% zero probability fragments
[2025-08-07 15:42:31.231] [jointLog] [info] Computed 193,327 rich equivalence classes for further processing
[2025-08-07 15:42:31.231] [jointLog] [info] Counted 10,015,873 total reads in the equivalence classes 
[2025-08-07 15:42:31.235] [jointLog] [info] Number of mappings discarded because of alignment score : 35,434,055
[2025-08-07 15:42:31.235] [jointLog] [info] Number of fragments entirely discarded because of alignment score : 2,295,036
[2025-08-07 15:42:31.235] [jointLog] [info] Number of fragments discarded because they are best-mapped to decoys : 0
[2025-08-07 15:42:31.235] [jointLog] [info] Number of fragments discarded because they have only dovetail (discordant) mappings to valid targets : 0
[2025-08-07 15:42:31.235] [jointLog] [info] Mapping rate = 73.3227%

[2025-08-07 15:42:31.236] [jointLog] [info] finished quantifyLibrary()
[2025-08-07 15:42:31.237] [jointLog] [info] Starting optimizer
[2025-08-07 15:42:31.396] [jointLog] [info] Marked 0 weighted equivalence classes as degenerate
[2025-08-07 15:42:31.415] [jointLog] [info] iteration = 0 | max rel diff. = 4030.7
[2025-08-07 15:42:31.232] [fileLog] [info] 
At end of round 0
==================
Observed 13659995 total fragments (13659995 in most recent round)

[2025-08-07 15:42:33.209] [jointLog] [info] iteration = 100 | max rel diff. = 10.0311
[2025-08-07 15:42:34.926] [jointLog] [info] iteration = 200 | max rel diff. = 2.09704
[2025-08-07 15:42:36.632] [jointLog] [info] iteration = 300 | max rel diff. = 10.2109
[2025-08-07 15:42:38.338] [jointLog] [info] iteration = 400 | max rel diff. = 2.29951
[2025-08-07 15:42:40.043] [jointLog] [info] iteration = 500 | max rel diff. = 0.104215
[2025-08-07 15:42:41.749] [jointLog] [info] iteration = 600 | max rel diff. = 0.373797
[2025-08-07 15:42:43.454] [jointLog] [info] iteration = 700 | max rel diff. = 0.080368
[2025-08-07 15:42:45.158] [jointLog] [info] iteration = 800 | max rel diff. = 0.0714975
[2025-08-07 15:42:46.865] [jointLog] [info] iteration = 900 | max rel diff. = 0.0658211
[2025-08-07 15:42:48.577] [jointLog] [info] iteration = 1,000 | max rel diff. = 0.125633
[2025-08-07 15:42:50.281] [jointLog] [info] iteration = 1,100 | max rel diff. = 0.0275181
[2025-08-07 15:42:51.986] [jointLog] [info] iteration = 1,200 | max rel diff. = 0.0265795
[2025-08-07 15:42:52.633] [jointLog] [info] iteration = 1,239 | max rel diff. = 0.00294922
[2025-08-07 15:42:52.675] [jointLog] [info] Finished optimizer
[2025-08-07 15:42:52.675] [jointLog] [info] writing output 

