[2025-08-07 14:33:42.580] [jointLog] [info] setting maxHashResizeThreads to 10
[2025-08-07 14:33:42.580] [jointLog] [info] Fragment incompatibility prior below threshold.  Incompatible fragments will be ignored.
[2025-08-07 14:33:42.580] [jointLog] [info] Usage of --validateMappings implies use of minScoreFraction. Since not explicitly specified, it is being set to 0.65
[2025-08-07 14:33:42.580] [jointLog] [info] Setting consensusSlack to selective-alignment default of 0.35.
[2025-08-07 14:33:42.580] [jointLog] [info] parsing read library format
[2025-08-07 14:33:42.580] [jointLog] [info] There is 1 library.
[2025-08-07 14:33:42.583] [jointLog] [info] Loading pufferfish index
[2025-08-07 14:33:42.584] [jointLog] [info] Loading dense pufferfish index.
[2025-08-07 14:33:44.274] [jointLog] [info] done
[2025-08-07 14:33:44.316] [jointLog] [info] Index contained 198,540 targets
[2025-08-07 14:33:44.373] [jointLog] [info] Number of decoys : 0
[2025-08-07 14:33:44.963] [jointLog] [info] Automatically detected most likely library type as ISR

[2025-08-07 14:38:02.297] [jointLog] [info] Thread saw mini-batch with a maximum of 0.68% zero probability fragments
[2025-08-07 14:38:02.301] [jointLog] [info] Thread saw mini-batch with a maximum of 0.72% zero probability fragments
[2025-08-07 14:38:02.308] [jointLog] [info] Thread saw mini-batch with a maximum of 0.72% zero probability fragments
[2025-08-07 14:38:02.363] [jointLog] [info] Thread saw mini-batch with a maximum of 0.62% zero probability fragments
[2025-08-07 14:38:02.364] [jointLog] [info] Thread saw mini-batch with a maximum of 0.68% zero probability fragments
[2025-08-07 14:38:02.381] [jointLog] [info] Thread saw mini-batch with a maximum of 0.62% zero probability fragments
[2025-08-07 14:38:02.384] [jointLog] [info] Thread saw mini-batch with a maximum of 0.70% zero probability fragments
[2025-08-07 14:38:02.393] [jointLog] [info] Thread saw mini-batch with a maximum of 0.72% zero probability fragments
[2025-08-07 14:38:02.399] [jointLog] [info] Thread saw mini-batch with a maximum of 0.66% zero probability fragments
[2025-08-07 14:38:02.414] [jointLog] [info] Thread saw mini-batch with a maximum of 0.66% zero probability fragments
[2025-08-07 14:38:02.670] [jointLog] [info] Computed 397,139 rich equivalence classes for further processing
[2025-08-07 14:38:02.670] [jointLog] [info] Counted 24,687,853 total reads in the equivalence classes 
[2025-08-07 14:38:02.677] [jointLog] [info] Number of mappings discarded because of alignment score : 17,266,856
[2025-08-07 14:38:02.677] [jointLog] [info] Number of fragments entirely discarded because of alignment score : 1,340,537
[2025-08-07 14:38:02.677] [jointLog] [info] Number of fragments discarded because they are best-mapped to decoys : 0
[2025-08-07 14:38:02.677] [jointLog] [info] Mapping rate = 46.4154%

[2025-08-07 14:38:02.677] [jointLog] [info] finished quantifyLibrary()
[2025-08-07 14:38:02.697] [jointLog] [info] Starting optimizer
[2025-08-07 14:38:02.845] [jointLog] [info] Marked 0 weighted equivalence classes as degenerate
[2025-08-07 14:38:02.864] [jointLog] [info] iteration = 0 | max rel diff. = 6185.4
[2025-08-07 14:38:02.672] [fileLog] [info] 
At end of round 0
==================
Observed 53188893 total fragments (53188893 in most recent round)

[2025-08-07 14:38:04.729] [jointLog] [info] iteration = 100 | max rel diff. = 19.2358
[2025-08-07 14:38:06.582] [jointLog] [info] iteration = 200 | max rel diff. = 10.8812
[2025-08-07 14:38:08.456] [jointLog] [info] iteration = 300 | max rel diff. = 0.445521
[2025-08-07 14:38:10.307] [jointLog] [info] iteration = 400 | max rel diff. = 1.01319
[2025-08-07 14:38:12.150] [jointLog] [info] iteration = 500 | max rel diff. = 0.521866
[2025-08-07 14:38:13.992] [jointLog] [info] iteration = 600 | max rel diff. = 0.433413
[2025-08-07 14:38:15.841] [jointLog] [info] iteration = 700 | max rel diff. = 0.641969
[2025-08-07 14:38:17.640] [jointLog] [info] iteration = 800 | max rel diff. = 0.164889
[2025-08-07 14:38:19.390] [jointLog] [info] iteration = 900 | max rel diff. = 0.103055
[2025-08-07 14:38:21.212] [jointLog] [info] iteration = 1,000 | max rel diff. = 0.0466248
[2025-08-07 14:38:23.032] [jointLog] [info] iteration = 1,100 | max rel diff. = 0.0642646
[2025-08-07 14:38:24.856] [jointLog] [info] iteration = 1,200 | max rel diff. = 2.22362
[2025-08-07 14:38:24.873] [jointLog] [info] iteration = 1,202 | max rel diff. = 0.00773091
[2025-08-07 14:38:24.903] [jointLog] [info] Finished optimizer
[2025-08-07 14:38:24.903] [jointLog] [info] writing output 

