[2023-11-15 14:55:25.733] [jointLog] [info] setting maxHashResizeThreads to 10
[2023-11-15 14:55:25.733] [jointLog] [info] Fragment incompatibility prior below threshold.  Incompatible fragments will be ignored.
[2023-11-15 14:55:25.733] [jointLog] [info] Usage of --validateMappings implies use of minScoreFraction. Since not explicitly specified, it is being set to 0.65
[2023-11-15 14:55:25.734] [jointLog] [info] Setting consensusSlack to selective-alignment default of 0.35.
[2023-11-15 14:55:25.734] [jointLog] [info] parsing read library format
[2023-11-15 14:55:25.734] [jointLog] [info] There is 1 library.
[2023-11-15 14:55:25.750] [jointLog] [info] Loading pufferfish index
[2023-11-15 14:55:25.751] [jointLog] [info] Loading dense pufferfish index.
[2023-11-15 14:55:33.517] [jointLog] [info] done
[2023-11-15 14:55:33.555] [jointLog] [info] Index contained 198,540 targets
[2023-11-15 14:55:33.613] [jointLog] [info] Number of decoys : 0
[2023-11-15 14:55:33.798] [jointLog] [info] Automatically detected most likely library type as SF

[2023-11-15 14:56:01.576] [jointLog] [info] Thread saw mini-batch with a maximum of 66.86% zero probability fragments
[2023-11-15 14:56:01.578] [jointLog] [info] Thread saw mini-batch with a maximum of 99.66% zero probability fragments
[2023-11-15 14:56:01.584] [jointLog] [info] Thread saw mini-batch with a maximum of 99.80% zero probability fragments
[2023-11-15 14:56:01.588] [jointLog] [info] Thread saw mini-batch with a maximum of 96.02% zero probability fragments
[2023-11-15 14:56:01.595] [jointLog] [info] Thread saw mini-batch with a maximum of 99.40% zero probability fragments
[2023-11-15 14:56:01.615] [jointLog] [info] Thread saw mini-batch with a maximum of 67.88% zero probability fragments
[2023-11-15 14:56:01.618] [jointLog] [info] Thread saw mini-batch with a maximum of 83.74% zero probability fragments
[2023-11-15 14:56:01.625] [jointLog] [info] Thread saw mini-batch with a maximum of 39.94% zero probability fragments
[2023-11-15 14:56:01.642] [jointLog] [info] Thread saw mini-batch with a maximum of 99.86% zero probability fragments
[2023-11-15 14:56:01.645] [jointLog] [info] Thread saw mini-batch with a maximum of 79.78% zero probability fragments
[2023-11-15 14:56:01.829] [jointLog] [info] Computed 241,936 rich equivalence classes for further processing
[2023-11-15 14:56:01.829] [jointLog] [info] Counted 13,079,983 total reads in the equivalence classes 
[2023-11-15 14:56:01.835] [jointLog] [info] Number of mappings discarded because of alignment score : 43,603,273
[2023-11-15 14:56:01.835] [jointLog] [info] Number of fragments entirely discarded because of alignment score : 516,947
[2023-11-15 14:56:01.835] [jointLog] [info] Number of fragments discarded because they are best-mapped to decoys : 0
[2023-11-15 14:56:01.835] [jointLog] [info] Number of fragments discarded because they have only dovetail (discordant) mappings to valid targets : 0
[2023-11-15 14:56:01.835] [jointLog] [info] Mapping rate = 92.072%

[2023-11-15 14:56:01.835] [jointLog] [info] finished quantifyLibrary()
[2023-11-15 14:56:01.831] [fileLog] [info] 
At end of round 0
==================
Observed 14206259 total fragments (14206259 in most recent round)

[2023-11-15 14:56:02.030] [jointLog] [info] Starting optimizer
[2023-11-15 14:56:02.231] [jointLog] [info] Marked 0 weighted equivalence classes as degenerate
[2023-11-15 14:56:02.250] [jointLog] [info] iteration = 0 | max rel diff. = 4862.08
[2023-11-15 14:56:04.040] [jointLog] [info] iteration = 100 | max rel diff. = 20.6564
[2023-11-15 14:56:05.704] [jointLog] [info] iteration = 200 | max rel diff. = 10.0207
[2023-11-15 14:56:07.208] [jointLog] [info] iteration = 300 | max rel diff. = 1.15976
[2023-11-15 14:56:08.668] [jointLog] [info] iteration = 400 | max rel diff. = 1.77885
[2023-11-15 14:56:10.125] [jointLog] [info] iteration = 500 | max rel diff. = 0.609762
[2023-11-15 14:56:11.580] [jointLog] [info] iteration = 600 | max rel diff. = 2.23359
[2023-11-15 14:56:13.038] [jointLog] [info] iteration = 700 | max rel diff. = 0.536801
[2023-11-15 14:56:14.539] [jointLog] [info] iteration = 800 | max rel diff. = 0.0575136
[2023-11-15 14:56:16.116] [jointLog] [info] iteration = 900 | max rel diff. = 0.0560392
[2023-11-15 14:56:17.741] [jointLog] [info] iteration = 1,000 | max rel diff. = 0.0755391
[2023-11-15 14:56:19.364] [jointLog] [info] iteration = 1,100 | max rel diff. = 0.0591419
[2023-11-15 14:56:20.757] [jointLog] [info] iteration = 1,187 | max rel diff. = 0.00820203
[2023-11-15 14:56:20.795] [jointLog] [info] Finished optimizer
[2023-11-15 14:56:20.795] [jointLog] [info] writing output 

