[2023-11-15 14:24:15.819] [jointLog] [info] setting maxHashResizeThreads to 10
[2023-11-15 14:24:15.819] [jointLog] [info] Fragment incompatibility prior below threshold.  Incompatible fragments will be ignored.
[2023-11-15 14:24:15.820] [jointLog] [info] Usage of --validateMappings implies use of minScoreFraction. Since not explicitly specified, it is being set to 0.65
[2023-11-15 14:24:15.820] [jointLog] [info] Setting consensusSlack to selective-alignment default of 0.35.
[2023-11-15 14:24:15.820] [jointLog] [info] parsing read library format
[2023-11-15 14:24:15.820] [jointLog] [info] There is 1 library.
[2023-11-15 14:24:15.823] [jointLog] [info] Loading pufferfish index
[2023-11-15 14:24:15.824] [jointLog] [info] Loading dense pufferfish index.
[2023-11-15 14:24:23.825] [jointLog] [info] done
[2023-11-15 14:24:23.864] [jointLog] [info] Index contained 198,540 targets
[2023-11-15 14:24:23.923] [jointLog] [info] Number of decoys : 0
[2023-11-15 14:24:24.146] [jointLog] [info] Automatically detected most likely library type as SF

[2023-11-15 14:24:47.665] [jointLog] [info] Thread saw mini-batch with a maximum of 99.92% zero probability fragments
[2023-11-15 14:24:47.671] [jointLog] [info] Thread saw mini-batch with a maximum of 99.92% zero probability fragments
[2023-11-15 14:24:47.675] [jointLog] [info] Thread saw mini-batch with a maximum of 99.92% zero probability fragments
[2023-11-15 14:24:47.676] [jointLog] [info] Thread saw mini-batch with a maximum of 99.72% zero probability fragments
[2023-11-15 14:24:47.688] [jointLog] [info] Thread saw mini-batch with a maximum of 99.92% zero probability fragments
[2023-11-15 14:24:47.692] [jointLog] [info] Thread saw mini-batch with a maximum of 99.46% zero probability fragments
[2023-11-15 14:24:47.694] [jointLog] [info] Thread saw mini-batch with a maximum of 99.92% zero probability fragments
[2023-11-15 14:24:47.704] [jointLog] [info] Thread saw mini-batch with a maximum of 99.76% zero probability fragments
[2023-11-15 14:24:47.718] [jointLog] [info] Thread saw mini-batch with a maximum of 99.66% zero probability fragments
[2023-11-15 14:24:47.753] [jointLog] [info] Thread saw mini-batch with a maximum of 99.20% zero probability fragments
[2023-11-15 14:24:47.927] [jointLog] [info] Computed 221,288 rich equivalence classes for further processing
[2023-11-15 14:24:47.927] [jointLog] [info] Counted 10,118,492 total reads in the equivalence classes 
[2023-11-15 14:24:47.931] [jointLog] [info] Number of mappings discarded because of alignment score : 35,362,868
[2023-11-15 14:24:47.931] [jointLog] [info] Number of fragments entirely discarded because of alignment score : 624,338
[2023-11-15 14:24:47.931] [jointLog] [info] Number of fragments discarded because they are best-mapped to decoys : 0
[2023-11-15 14:24:47.931] [jointLog] [info] Number of fragments discarded because they have only dovetail (discordant) mappings to valid targets : 0
[2023-11-15 14:24:47.931] [jointLog] [info] Mapping rate = 89.3874%

[2023-11-15 14:24:47.931] [jointLog] [info] finished quantifyLibrary()
[2023-11-15 14:24:47.934] [jointLog] [info] Starting optimizer
[2023-11-15 14:24:47.928] [fileLog] [info] 
At end of round 0
==================
Observed 11319818 total fragments (11319818 in most recent round)

[2023-11-15 14:24:48.137] [jointLog] [info] Marked 0 weighted equivalence classes as degenerate
[2023-11-15 14:24:48.154] [jointLog] [info] iteration = 0 | max rel diff. = 4064.02
[2023-11-15 14:24:49.630] [jointLog] [info] iteration = 100 | max rel diff. = 18.2511
[2023-11-15 14:24:51.069] [jointLog] [info] iteration = 200 | max rel diff. = 2.58537
[2023-11-15 14:24:52.577] [jointLog] [info] iteration = 300 | max rel diff. = 3.31317
[2023-11-15 14:24:54.085] [jointLog] [info] iteration = 400 | max rel diff. = 4.13985
[2023-11-15 14:24:55.495] [jointLog] [info] iteration = 500 | max rel diff. = 0.364081
[2023-11-15 14:24:56.888] [jointLog] [info] iteration = 600 | max rel diff. = 0.111864
[2023-11-15 14:24:58.273] [jointLog] [info] iteration = 700 | max rel diff. = 0.168188
[2023-11-15 14:24:59.658] [jointLog] [info] iteration = 800 | max rel diff. = 0.193245
[2023-11-15 14:25:01.051] [jointLog] [info] iteration = 900 | max rel diff. = 0.0600056
[2023-11-15 14:25:02.500] [jointLog] [info] iteration = 1,000 | max rel diff. = 0.199484
[2023-11-15 14:25:04.051] [jointLog] [info] iteration = 1,100 | max rel diff. = 0.0389945
[2023-11-15 14:25:05.597] [jointLog] [info] iteration = 1,200 | max rel diff. = 0.260518
[2023-11-15 14:25:06.124] [jointLog] [info] iteration = 1,234 | max rel diff. = 0.00466867
[2023-11-15 14:25:06.163] [jointLog] [info] Finished optimizer
[2023-11-15 14:25:06.163] [jointLog] [info] writing output 

