[2023-11-15 13:25:27.880] [jointLog] [info] setting maxHashResizeThreads to 10
[2023-11-15 13:25:27.880] [jointLog] [info] Fragment incompatibility prior below threshold.  Incompatible fragments will be ignored.
[2023-11-15 13:25:27.881] [jointLog] [info] Usage of --validateMappings implies use of minScoreFraction. Since not explicitly specified, it is being set to 0.65
[2023-11-15 13:25:27.882] [jointLog] [info] Setting consensusSlack to selective-alignment default of 0.35.
[2023-11-15 13:25:27.882] [jointLog] [info] parsing read library format
[2023-11-15 13:25:27.882] [jointLog] [info] There is 1 library.
[2023-11-15 13:25:27.889] [jointLog] [info] Loading pufferfish index
[2023-11-15 13:25:27.890] [jointLog] [info] Loading dense pufferfish index.
[2023-11-15 13:25:30.464] [jointLog] [info] done
[2023-11-15 13:25:30.507] [jointLog] [info] Index contained 198,540 targets
[2023-11-15 13:25:30.566] [jointLog] [info] Number of decoys : 0
[2023-11-15 13:25:31.008] [jointLog] [info] Automatically detected most likely library type as ISR

[2023-11-15 13:28:58.027] [jointLog] [info] Thread saw mini-batch with a maximum of 1.28% zero probability fragments
[2023-11-15 13:28:58.043] [jointLog] [info] Thread saw mini-batch with a maximum of 1.22% zero probability fragments
[2023-11-15 13:28:58.075] [jointLog] [info] Thread saw mini-batch with a maximum of 1.22% zero probability fragments
[2023-11-15 13:28:58.080] [jointLog] [info] Thread saw mini-batch with a maximum of 1.30% zero probability fragments
[2023-11-15 13:28:58.091] [jointLog] [info] Thread saw mini-batch with a maximum of 1.20% zero probability fragments
[2023-11-15 13:28:58.099] [jointLog] [info] Thread saw mini-batch with a maximum of 1.20% zero probability fragments
[2023-11-15 13:28:58.109] [jointLog] [info] Thread saw mini-batch with a maximum of 1.28% zero probability fragments
[2023-11-15 13:28:58.163] [jointLog] [info] Thread saw mini-batch with a maximum of 1.14% zero probability fragments
[2023-11-15 13:28:58.171] [jointLog] [info] Thread saw mini-batch with a maximum of 1.44% zero probability fragments
[2023-11-15 13:28:58.194] [jointLog] [info] Thread saw mini-batch with a maximum of 1.18% zero probability fragments
[2023-11-15 13:28:58.681] [fileLog] [info] 
At end of round 0
==================
Observed 45546788 total fragments (45546788 in most recent round)

[2023-11-15 13:28:58.679] [jointLog] [info] Computed 775,720 rich equivalence classes for further processing
[2023-11-15 13:28:58.679] [jointLog] [info] Counted 41,384,998 total reads in the equivalence classes 
[2023-11-15 13:28:58.690] [jointLog] [info] Number of mappings discarded because of alignment score : 38,530,058
[2023-11-15 13:28:58.690] [jointLog] [info] Number of fragments entirely discarded because of alignment score : 2,746,716
[2023-11-15 13:28:58.690] [jointLog] [info] Number of fragments discarded because they are best-mapped to decoys : 0
[2023-11-15 13:28:58.690] [jointLog] [info] Mapping rate = 90.8626%

[2023-11-15 13:28:58.690] [jointLog] [info] finished quantifyLibrary()
[2023-11-15 13:28:58.786] [jointLog] [info] Starting optimizer
[2023-11-15 13:28:59.020] [jointLog] [info] Marked 0 weighted equivalence classes as degenerate
[2023-11-15 13:28:59.046] [jointLog] [info] iteration = 0 | max rel diff. = 3585.21
[2023-11-15 13:29:01.366] [jointLog] [info] iteration = 100 | max rel diff. = 8.17114
[2023-11-15 13:29:03.907] [jointLog] [info] iteration = 200 | max rel diff. = 12.8407
[2023-11-15 13:29:06.497] [jointLog] [info] iteration = 300 | max rel diff. = 0.942992
[2023-11-15 13:29:09.031] [jointLog] [info] iteration = 400 | max rel diff. = 6.40506
[2023-11-15 13:29:11.740] [jointLog] [info] iteration = 500 | max rel diff. = 0.115414
[2023-11-15 13:29:14.162] [jointLog] [info] iteration = 600 | max rel diff. = 3.20294
[2023-11-15 13:29:16.679] [jointLog] [info] iteration = 700 | max rel diff. = 0.546908
[2023-11-15 13:29:19.195] [jointLog] [info] iteration = 800 | max rel diff. = 0.309239
[2023-11-15 13:29:21.735] [jointLog] [info] iteration = 900 | max rel diff. = 0.138304
[2023-11-15 13:29:24.251] [jointLog] [info] iteration = 1,000 | max rel diff. = 0.214874
[2023-11-15 13:29:26.700] [jointLog] [info] iteration = 1,100 | max rel diff. = 0.0269826
[2023-11-15 13:29:29.035] [jointLog] [info] iteration = 1,200 | max rel diff. = 0.0276399
[2023-11-15 13:29:31.305] [jointLog] [info] iteration = 1,300 | max rel diff. = 0.035726
[2023-11-15 13:29:33.094] [jointLog] [info] iteration = 1,380 | max rel diff. = 0.00821715
[2023-11-15 13:29:33.133] [jointLog] [info] Finished optimizer
[2023-11-15 13:29:33.133] [jointLog] [info] writing output 

