[2023-11-15 14:04:10.442] [jointLog] [info] setting maxHashResizeThreads to 10
[2023-11-15 14:04:10.442] [jointLog] [info] Fragment incompatibility prior below threshold.  Incompatible fragments will be ignored.
[2023-11-15 14:04:10.442] [jointLog] [info] Usage of --validateMappings implies use of minScoreFraction. Since not explicitly specified, it is being set to 0.65
[2023-11-15 14:04:10.442] [jointLog] [info] Setting consensusSlack to selective-alignment default of 0.35.
[2023-11-15 14:04:10.442] [jointLog] [info] parsing read library format
[2023-11-15 14:04:10.442] [jointLog] [info] There is 1 library.
[2023-11-15 14:04:10.445] [jointLog] [info] Loading pufferfish index
[2023-11-15 14:04:10.446] [jointLog] [info] Loading dense pufferfish index.
[2023-11-15 14:04:11.845] [jointLog] [info] done
[2023-11-15 14:04:11.884] [jointLog] [info] Index contained 198,540 targets
[2023-11-15 14:04:11.942] [jointLog] [info] Number of decoys : 0
[2023-11-15 14:04:12.485] [jointLog] [info] Automatically detected most likely library type as ISR

[2023-11-15 14:07:20.096] [jointLog] [info] Thread saw mini-batch with a maximum of 1.28% zero probability fragments
[2023-11-15 14:07:20.104] [jointLog] [info] Thread saw mini-batch with a maximum of 1.54% zero probability fragments
[2023-11-15 14:07:20.125] [jointLog] [info] Thread saw mini-batch with a maximum of 1.28% zero probability fragments
[2023-11-15 14:07:20.155] [jointLog] [info] Thread saw mini-batch with a maximum of 1.36% zero probability fragments
[2023-11-15 14:07:20.260] [jointLog] [info] Thread saw mini-batch with a maximum of 1.30% zero probability fragments
[2023-11-15 14:07:20.359] [jointLog] [info] Thread saw mini-batch with a maximum of 1.36% zero probability fragments
[2023-11-15 14:07:20.360] [jointLog] [info] Thread saw mini-batch with a maximum of 1.32% zero probability fragments
[2023-11-15 14:07:20.386] [jointLog] [info] Thread saw mini-batch with a maximum of 1.32% zero probability fragments
[2023-11-15 14:07:20.396] [jointLog] [info] Thread saw mini-batch with a maximum of 1.34% zero probability fragments
[2023-11-15 14:07:20.460] [jointLog] [info] Thread saw mini-batch with a maximum of 1.36% zero probability fragments
[2023-11-15 14:07:20.710] [jointLog] [info] Computed 487,391 rich equivalence classes for further processing
[2023-11-15 14:07:20.710] [jointLog] [info] Counted 20,811,572 total reads in the equivalence classes 
[2023-11-15 14:07:20.718] [jointLog] [info] Number of mappings discarded because of alignment score : 26,486,496
[2023-11-15 14:07:20.718] [jointLog] [info] Number of fragments entirely discarded because of alignment score : 1,715,975
[2023-11-15 14:07:20.718] [jointLog] [info] Number of fragments discarded because they are best-mapped to decoys : 0
[2023-11-15 14:07:20.718] [jointLog] [info] Mapping rate = 84.9327%

[2023-11-15 14:07:20.718] [jointLog] [info] finished quantifyLibrary()
[2023-11-15 14:07:20.761] [jointLog] [info] Starting optimizer
[2023-11-15 14:07:20.712] [fileLog] [info] 
At end of round 0
==================
Observed 24503600 total fragments (24503600 in most recent round)

[2023-11-15 14:07:25.864] [jointLog] [info] Marked 0 weighted equivalence classes as degenerate
[2023-11-15 14:07:25.885] [jointLog] [info] iteration = 0 | max rel diff. = 6060.84
[2023-11-15 14:07:27.813] [jointLog] [info] iteration = 100 | max rel diff. = 17.4324
[2023-11-15 14:07:29.896] [jointLog] [info] iteration = 200 | max rel diff. = 1.51764
[2023-11-15 14:07:31.703] [jointLog] [info] iteration = 300 | max rel diff. = 1.29825
[2023-11-15 14:07:33.438] [jointLog] [info] iteration = 400 | max rel diff. = 2.76674
[2023-11-15 14:07:35.132] [jointLog] [info] iteration = 500 | max rel diff. = 8.2047
[2023-11-15 14:07:36.884] [jointLog] [info] iteration = 600 | max rel diff. = 1.22043
[2023-11-15 14:07:38.737] [jointLog] [info] iteration = 700 | max rel diff. = 1.00117
[2023-11-15 14:07:40.566] [jointLog] [info] iteration = 800 | max rel diff. = 0.679949
[2023-11-15 14:07:42.368] [jointLog] [info] iteration = 900 | max rel diff. = 0.0494527
[2023-11-15 14:07:44.161] [jointLog] [info] iteration = 1,000 | max rel diff. = 0.0443146
[2023-11-15 14:07:45.946] [jointLog] [info] iteration = 1,100 | max rel diff. = 0.0859787
[2023-11-15 14:07:46.530] [jointLog] [info] iteration = 1,134 | max rel diff. = 0.00913496
[2023-11-15 14:07:46.569] [jointLog] [info] Finished optimizer
[2023-11-15 14:07:46.569] [jointLog] [info] writing output 

