[2023-11-15 14:10:51.315] [jointLog] [info] setting maxHashResizeThreads to 10
[2023-11-15 14:10:51.315] [jointLog] [info] Fragment incompatibility prior below threshold.  Incompatible fragments will be ignored.
[2023-11-15 14:10:51.315] [jointLog] [info] Usage of --validateMappings implies use of minScoreFraction. Since not explicitly specified, it is being set to 0.65
[2023-11-15 14:10:51.316] [jointLog] [info] Setting consensusSlack to selective-alignment default of 0.35.
[2023-11-15 14:10:51.316] [jointLog] [info] parsing read library format
[2023-11-15 14:10:51.316] [jointLog] [info] There is 1 library.
[2023-11-15 14:10:51.324] [jointLog] [info] Loading pufferfish index
[2023-11-15 14:10:51.329] [jointLog] [info] Loading dense pufferfish index.
[2023-11-15 14:10:53.023] [jointLog] [info] done
[2023-11-15 14:10:53.065] [jointLog] [info] Index contained 198,540 targets
[2023-11-15 14:10:53.127] [jointLog] [info] Number of decoys : 0
[2023-11-15 14:10:53.875] [jointLog] [info] Automatically detected most likely library type as ISR

[2023-11-15 14:13:01.218] [jointLog] [info] Thread saw mini-batch with a maximum of 1.28% zero probability fragments
[2023-11-15 14:13:01.270] [jointLog] [info] Thread saw mini-batch with a maximum of 1.28% zero probability fragments
[2023-11-15 14:13:01.274] [jointLog] [info] Thread saw mini-batch with a maximum of 1.28% zero probability fragments
[2023-11-15 14:13:01.333] [jointLog] [info] Thread saw mini-batch with a maximum of 1.32% zero probability fragments
[2023-11-15 14:13:01.348] [jointLog] [info] Thread saw mini-batch with a maximum of 1.26% zero probability fragments
[2023-11-15 14:13:01.360] [jointLog] [info] Thread saw mini-batch with a maximum of 1.34% zero probability fragments
[2023-11-15 14:13:01.372] [jointLog] [info] Thread saw mini-batch with a maximum of 1.28% zero probability fragments
[2023-11-15 14:13:01.458] [jointLog] [info] Thread saw mini-batch with a maximum of 1.32% zero probability fragments
[2023-11-15 14:13:01.464] [jointLog] [info] Thread saw mini-batch with a maximum of 1.20% zero probability fragments
[2023-11-15 14:13:01.481] [jointLog] [info] Thread saw mini-batch with a maximum of 1.24% zero probability fragments
[2023-11-15 14:13:01.740] [jointLog] [info] Computed 418,213 rich equivalence classes for further processing
[2023-11-15 14:13:01.740] [jointLog] [info] Counted 14,983,973 total reads in the equivalence classes 
[2023-11-15 14:13:01.748] [jointLog] [info] Number of mappings discarded because of alignment score : 23,941,665
[2023-11-15 14:13:01.748] [jointLog] [info] Number of fragments entirely discarded because of alignment score : 1,816,766
[2023-11-15 14:13:01.748] [jointLog] [info] Number of fragments discarded because they are best-mapped to decoys : 0
[2023-11-15 14:13:01.748] [jointLog] [info] Mapping rate = 82.4089%

[2023-11-15 14:13:01.748] [jointLog] [info] finished quantifyLibrary()
[2023-11-15 14:13:01.818] [jointLog] [info] Starting optimizer
[2023-11-15 14:13:01.993] [jointLog] [info] Marked 0 weighted equivalence classes as degenerate
[2023-11-15 14:13:02.011] [jointLog] [info] iteration = 0 | max rel diff. = 5204.52
[2023-11-15 14:13:01.741] [fileLog] [info] 
At end of round 0
==================
Observed 18182477 total fragments (18182477 in most recent round)

[2023-11-15 14:13:03.656] [jointLog] [info] iteration = 100 | max rel diff. = 7.97685
[2023-11-15 14:13:05.412] [jointLog] [info] iteration = 200 | max rel diff. = 15.9992
[2023-11-15 14:13:07.200] [jointLog] [info] iteration = 300 | max rel diff. = 17.2614
[2023-11-15 14:13:09.003] [jointLog] [info] iteration = 400 | max rel diff. = 14.2007
[2023-11-15 14:13:10.700] [jointLog] [info] iteration = 500 | max rel diff. = 0.166572
[2023-11-15 14:13:12.329] [jointLog] [info] iteration = 600 | max rel diff. = 0.545055
[2023-11-15 14:13:14.042] [jointLog] [info] iteration = 700 | max rel diff. = 16.4979
[2023-11-15 14:13:15.816] [jointLog] [info] iteration = 800 | max rel diff. = 0.0368128
[2023-11-15 14:13:17.573] [jointLog] [info] iteration = 900 | max rel diff. = 0.0217312
[2023-11-15 14:13:19.127] [jointLog] [info] iteration = 1,000 | max rel diff. = 0.0143202
[2023-11-15 14:13:19.974] [jointLog] [info] iteration = 1,054 | max rel diff. = 0.00715158
[2023-11-15 14:13:20.011] [jointLog] [info] Finished optimizer
[2023-11-15 14:13:20.011] [jointLog] [info] writing output 

