[2023-11-15 13:36:32.848] [jointLog] [info] setting maxHashResizeThreads to 10
[2023-11-15 13:36:32.848] [jointLog] [info] Fragment incompatibility prior below threshold.  Incompatible fragments will be ignored.
[2023-11-15 13:36:32.848] [jointLog] [info] Usage of --validateMappings implies use of minScoreFraction. Since not explicitly specified, it is being set to 0.65
[2023-11-15 13:36:32.849] [jointLog] [info] Setting consensusSlack to selective-alignment default of 0.35.
[2023-11-15 13:36:32.849] [jointLog] [info] parsing read library format
[2023-11-15 13:36:32.849] [jointLog] [info] There is 1 library.
[2023-11-15 13:36:32.852] [jointLog] [info] Loading pufferfish index
[2023-11-15 13:36:32.853] [jointLog] [info] Loading dense pufferfish index.
[2023-11-15 13:36:43.893] [jointLog] [info] done
[2023-11-15 13:36:43.972] [jointLog] [info] Index contained 198,540 targets
[2023-11-15 13:36:44.056] [jointLog] [info] Number of decoys : 0
[2023-11-15 13:36:44.262] [jointLog] [info] Automatically detected most likely library type as SF

[2023-11-15 13:37:13.500] [jointLog] [info] Thread saw mini-batch with a maximum of 86.32% zero probability fragments
[2023-11-15 13:37:13.505] [jointLog] [info] Thread saw mini-batch with a maximum of 35.48% zero probability fragments
[2023-11-15 13:37:13.511] [jointLog] [info] Thread saw mini-batch with a maximum of 23.90% zero probability fragments
[2023-11-15 13:37:13.518] [jointLog] [info] Thread saw mini-batch with a maximum of 37.68% zero probability fragments
[2023-11-15 13:37:13.524] [jointLog] [info] Thread saw mini-batch with a maximum of 97.38% zero probability fragments
[2023-11-15 13:37:13.547] [jointLog] [info] Thread saw mini-batch with a maximum of 99.38% zero probability fragments
[2023-11-15 13:37:13.554] [jointLog] [info] Thread saw mini-batch with a maximum of 94.98% zero probability fragments
[2023-11-15 13:37:13.561] [jointLog] [info] Thread saw mini-batch with a maximum of 96.24% zero probability fragments
[2023-11-15 13:37:13.574] [jointLog] [info] Thread saw mini-batch with a maximum of 80.56% zero probability fragments
[2023-11-15 13:37:13.584] [jointLog] [info] Thread saw mini-batch with a maximum of 85.44% zero probability fragments
[2023-11-15 13:37:13.811] [jointLog] [info] Computed 223,469 rich equivalence classes for further processing
[2023-11-15 13:37:13.811] [jointLog] [info] Counted 9,203,029 total reads in the equivalence classes 
[2023-11-15 13:37:13.817] [jointLog] [info] Number of mappings discarded because of alignment score : 37,253,967
[2023-11-15 13:37:13.817] [jointLog] [info] Number of fragments entirely discarded because of alignment score : 748,006
[2023-11-15 13:37:13.817] [jointLog] [info] Number of fragments discarded because they are best-mapped to decoys : 0
[2023-11-15 13:37:13.817] [jointLog] [info] Number of fragments discarded because they have only dovetail (discordant) mappings to valid targets : 0
[2023-11-15 13:37:13.817] [jointLog] [info] Mapping rate = 80.162%

[2023-11-15 13:37:13.817] [jointLog] [info] finished quantifyLibrary()
[2023-11-15 13:37:13.852] [jointLog] [info] Starting optimizer
[2023-11-15 13:37:13.812] [fileLog] [info] 
At end of round 0
==================
Observed 11480541 total fragments (11480541 in most recent round)

[2023-11-15 13:37:14.060] [jointLog] [info] Marked 0 weighted equivalence classes as degenerate
[2023-11-15 13:37:14.081] [jointLog] [info] iteration = 0 | max rel diff. = 3778.43
[2023-11-15 13:37:16.038] [jointLog] [info] iteration = 100 | max rel diff. = 8.76712
[2023-11-15 13:37:17.972] [jointLog] [info] iteration = 200 | max rel diff. = 7.95804
[2023-11-15 13:37:19.919] [jointLog] [info] iteration = 300 | max rel diff. = 5.17754
[2023-11-15 13:37:21.762] [jointLog] [info] iteration = 400 | max rel diff. = 2.29431
[2023-11-15 13:37:23.587] [jointLog] [info] iteration = 500 | max rel diff. = 0.127742
[2023-11-15 13:37:25.417] [jointLog] [info] iteration = 600 | max rel diff. = 0.219407
[2023-11-15 13:37:27.254] [jointLog] [info] iteration = 700 | max rel diff. = 1.16656
[2023-11-15 13:37:29.094] [jointLog] [info] iteration = 800 | max rel diff. = 1.15963
[2023-11-15 13:37:30.919] [jointLog] [info] iteration = 900 | max rel diff. = 0.0494226
[2023-11-15 13:37:32.763] [jointLog] [info] iteration = 1,000 | max rel diff. = 0.0539014
[2023-11-15 13:37:34.609] [jointLog] [info] iteration = 1,100 | max rel diff. = 0.0470264
[2023-11-15 13:37:36.429] [jointLog] [info] iteration = 1,200 | max rel diff. = 0.0803499
[2023-11-15 13:37:38.244] [jointLog] [info] iteration = 1,300 | max rel diff. = 5.18055
[2023-11-15 13:37:38.916] [jointLog] [info] iteration = 1,338 | max rel diff. = 0.00790258
[2023-11-15 13:37:38.955] [jointLog] [info] Finished optimizer
[2023-11-15 13:37:38.955] [jointLog] [info] writing output 

