[2023-11-15 14:16:05.498] [jointLog] [info] setting maxHashResizeThreads to 10
[2023-11-15 14:16:05.498] [jointLog] [info] Fragment incompatibility prior below threshold.  Incompatible fragments will be ignored.
[2023-11-15 14:16:05.498] [jointLog] [info] Usage of --validateMappings implies use of minScoreFraction. Since not explicitly specified, it is being set to 0.65
[2023-11-15 14:16:05.499] [jointLog] [info] Setting consensusSlack to selective-alignment default of 0.35.
[2023-11-15 14:16:05.499] [jointLog] [info] parsing read library format
[2023-11-15 14:16:05.499] [jointLog] [info] There is 1 library.
[2023-11-15 14:16:05.502] [jointLog] [info] Loading pufferfish index
[2023-11-15 14:16:05.502] [jointLog] [info] Loading dense pufferfish index.
[2023-11-15 14:16:14.290] [jointLog] [info] done
[2023-11-15 14:16:14.329] [jointLog] [info] Index contained 198,540 targets
[2023-11-15 14:16:14.389] [jointLog] [info] Number of decoys : 0
[2023-11-15 14:16:14.626] [jointLog] [info] Automatically detected most likely library type as SF

[2023-11-15 14:16:30.159] [fileLog] [info] 
At end of round 0
==================
Observed 7793072 total fragments (7793072 in most recent round)

[2023-11-15 14:16:29.956] [jointLog] [info] Thread saw mini-batch with a maximum of 80.00% zero probability fragments
[2023-11-15 14:16:29.966] [jointLog] [info] Thread saw mini-batch with a maximum of 20.18% zero probability fragments
[2023-11-15 14:16:29.973] [jointLog] [info] Thread saw mini-batch with a maximum of 46.06% zero probability fragments
[2023-11-15 14:16:29.979] [jointLog] [info] Thread saw mini-batch with a maximum of 56.52% zero probability fragments
[2023-11-15 14:16:29.988] [jointLog] [info] Thread saw mini-batch with a maximum of 71.52% zero probability fragments
[2023-11-15 14:16:29.991] [jointLog] [info] Thread saw mini-batch with a maximum of 96.80% zero probability fragments
[2023-11-15 14:16:30.002] [jointLog] [info] Thread saw mini-batch with a maximum of 63.94% zero probability fragments
[2023-11-15 14:16:30.007] [jointLog] [info] Thread saw mini-batch with a maximum of 62.06% zero probability fragments
[2023-11-15 14:16:30.008] [jointLog] [info] Thread saw mini-batch with a maximum of 44.12% zero probability fragments
[2023-11-15 14:16:30.010] [jointLog] [info] Thread saw mini-batch with a maximum of 20.12% zero probability fragments
[2023-11-15 14:16:30.157] [jointLog] [info] Computed 190,038 rich equivalence classes for further processing
[2023-11-15 14:16:30.157] [jointLog] [info] Counted 6,741,886 total reads in the equivalence classes 
[2023-11-15 14:16:30.163] [jointLog] [info] Number of mappings discarded because of alignment score : 31,158,337
[2023-11-15 14:16:30.163] [jointLog] [info] Number of fragments entirely discarded because of alignment score : 330,078
[2023-11-15 14:16:30.163] [jointLog] [info] Number of fragments discarded because they are best-mapped to decoys : 0
[2023-11-15 14:16:30.163] [jointLog] [info] Number of fragments discarded because they have only dovetail (discordant) mappings to valid targets : 0
[2023-11-15 14:16:30.163] [jointLog] [info] Mapping rate = 86.5113%

[2023-11-15 14:16:30.163] [jointLog] [info] finished quantifyLibrary()
[2023-11-15 14:16:30.170] [jointLog] [info] Starting optimizer
[2023-11-15 14:16:35.453] [jointLog] [info] Marked 0 weighted equivalence classes as degenerate
[2023-11-15 14:16:35.470] [jointLog] [info] iteration = 0 | max rel diff. = 2933.63
[2023-11-15 14:16:36.919] [jointLog] [info] iteration = 100 | max rel diff. = 10.542
[2023-11-15 14:16:38.363] [jointLog] [info] iteration = 200 | max rel diff. = 9.31963
[2023-11-15 14:16:39.834] [jointLog] [info] iteration = 300 | max rel diff. = 1.77656
[2023-11-15 14:16:41.414] [jointLog] [info] iteration = 400 | max rel diff. = 6.65098
[2023-11-15 14:16:42.895] [jointLog] [info] iteration = 500 | max rel diff. = 0.432991
[2023-11-15 14:16:44.360] [jointLog] [info] iteration = 600 | max rel diff. = 0.414574
[2023-11-15 14:16:45.434] [jointLog] [info] iteration = 675 | max rel diff. = 0.00963355
[2023-11-15 14:16:45.461] [jointLog] [info] Finished optimizer
[2023-11-15 14:16:45.461] [jointLog] [info] writing output 

