[2025-08-07 15:28:14.276] [jointLog] [info] setting maxHashResizeThreads to 10
[2025-08-07 15:28:14.276] [jointLog] [info] Fragment incompatibility prior below threshold.  Incompatible fragments will be ignored.
[2025-08-07 15:28:14.277] [jointLog] [info] Usage of --validateMappings implies use of minScoreFraction. Since not explicitly specified, it is being set to 0.65
[2025-08-07 15:28:14.277] [jointLog] [info] Setting consensusSlack to selective-alignment default of 0.35.
[2025-08-07 15:28:14.277] [jointLog] [info] parsing read library format
[2025-08-07 15:28:14.277] [jointLog] [info] There is 1 library.
[2025-08-07 15:28:14.280] [jointLog] [info] Loading pufferfish index
[2025-08-07 15:28:14.281] [jointLog] [info] Loading dense pufferfish index.
[2025-08-07 15:28:22.814] [jointLog] [info] done
[2025-08-07 15:28:22.853] [jointLog] [info] Index contained 198,540 targets
[2025-08-07 15:28:22.913] [jointLog] [info] Number of decoys : 0
[2025-08-07 15:28:23.075] [jointLog] [info] Automatically detected most likely library type as SF

[2025-08-07 15:28:49.457] [jointLog] [info] Thread saw mini-batch with a maximum of 66.28% zero probability fragments
[2025-08-07 15:28:49.463] [jointLog] [info] Thread saw mini-batch with a maximum of 24.26% zero probability fragments
[2025-08-07 15:28:49.469] [jointLog] [info] Thread saw mini-batch with a maximum of 65.02% zero probability fragments
[2025-08-07 15:28:49.477] [jointLog] [info] Thread saw mini-batch with a maximum of 59.82% zero probability fragments
[2025-08-07 15:28:49.497] [jointLog] [info] Thread saw mini-batch with a maximum of 42.38% zero probability fragments
[2025-08-07 15:28:49.503] [jointLog] [info] Thread saw mini-batch with a maximum of 45.94% zero probability fragments
[2025-08-07 15:28:49.513] [jointLog] [info] Thread saw mini-batch with a maximum of 64.70% zero probability fragments
[2025-08-07 15:28:49.515] [jointLog] [info] Thread saw mini-batch with a maximum of 77.02% zero probability fragments
[2025-08-07 15:28:49.525] [jointLog] [info] Thread saw mini-batch with a maximum of 12.08% zero probability fragments
[2025-08-07 15:28:49.564] [jointLog] [info] Thread saw mini-batch with a maximum of 8.54% zero probability fragments
[2025-08-07 15:28:49.681] [jointLog] [info] Computed 153,796 rich equivalence classes for further processing
[2025-08-07 15:28:49.681] [jointLog] [info] Counted 10,665,528 total reads in the equivalence classes 
[2025-08-07 15:28:49.686] [jointLog] [info] Number of mappings discarded because of alignment score : 43,234,929
[2025-08-07 15:28:49.686] [jointLog] [info] Number of fragments entirely discarded because of alignment score : 5,719,655
[2025-08-07 15:28:49.686] [jointLog] [info] Number of fragments discarded because they are best-mapped to decoys : 0
[2025-08-07 15:28:49.686] [jointLog] [info] Number of fragments discarded because they have only dovetail (discordant) mappings to valid targets : 0
[2025-08-07 15:28:49.686] [jointLog] [info] Mapping rate = 59.3214%

[2025-08-07 15:28:49.686] [jointLog] [info] finished quantifyLibrary()
[2025-08-07 15:28:49.690] [jointLog] [info] Starting optimizer
[2025-08-07 15:28:49.812] [jointLog] [info] Marked 0 weighted equivalence classes as degenerate
[2025-08-07 15:28:49.826] [jointLog] [info] iteration = 0 | max rel diff. = 4222.2
[2025-08-07 15:28:49.683] [fileLog] [info] 
At end of round 0
==================
Observed 17979211 total fragments (17979211 in most recent round)

[2025-08-07 15:28:51.228] [jointLog] [info] iteration = 100 | max rel diff. = 16.5842
[2025-08-07 15:28:52.659] [jointLog] [info] iteration = 200 | max rel diff. = 1.39895
[2025-08-07 15:28:54.069] [jointLog] [info] iteration = 300 | max rel diff. = 0.379757
[2025-08-07 15:28:55.506] [jointLog] [info] iteration = 400 | max rel diff. = 0.275416
[2025-08-07 15:28:56.914] [jointLog] [info] iteration = 500 | max rel diff. = 0.99014
[2025-08-07 15:28:58.323] [jointLog] [info] iteration = 600 | max rel diff. = 0.230916
[2025-08-07 15:28:59.719] [jointLog] [info] iteration = 700 | max rel diff. = 0.170651
[2025-08-07 15:29:00.886] [jointLog] [info] iteration = 784 | max rel diff. = 0.00924966
[2025-08-07 15:29:00.913] [jointLog] [info] Finished optimizer
[2025-08-07 15:29:00.913] [jointLog] [info] writing output 

