[2023-11-15 13:25:05.611] [jointLog] [info] setting maxHashResizeThreads to 10
[2023-11-15 13:25:05.611] [jointLog] [info] Fragment incompatibility prior below threshold.  Incompatible fragments will be ignored.
[2023-11-15 13:25:05.612] [jointLog] [info] Usage of --validateMappings implies use of minScoreFraction. Since not explicitly specified, it is being set to 0.65
[2023-11-15 13:25:05.612] [jointLog] [info] Setting consensusSlack to selective-alignment default of 0.35.
[2023-11-15 13:25:05.612] [jointLog] [info] parsing read library format
[2023-11-15 13:25:05.612] [jointLog] [info] There is 1 library.
[2023-11-15 13:25:05.615] [jointLog] [info] Loading pufferfish index
[2023-11-15 13:25:05.616] [jointLog] [info] Loading dense pufferfish index.
[2023-11-15 13:25:07.231] [jointLog] [info] done
[2023-11-15 13:25:07.311] [jointLog] [info] Index contained 198,540 targets
[2023-11-15 13:25:07.398] [jointLog] [info] Number of decoys : 0
[2023-11-15 13:25:08.188] [jointLog] [info] Automatically detected most likely library type as ISR

[2023-11-15 13:28:14.612] [jointLog] [info] Thread saw mini-batch with a maximum of 1.44% zero probability fragments
[2023-11-15 13:28:14.647] [jointLog] [info] Thread saw mini-batch with a maximum of 1.42% zero probability fragments
[2023-11-15 13:28:14.677] [jointLog] [info] Thread saw mini-batch with a maximum of 1.48% zero probability fragments
[2023-11-15 13:28:14.712] [jointLog] [info] Thread saw mini-batch with a maximum of 1.54% zero probability fragments
[2023-11-15 13:28:14.733] [jointLog] [info] Thread saw mini-batch with a maximum of 1.42% zero probability fragments
[2023-11-15 13:28:14.786] [jointLog] [info] Thread saw mini-batch with a maximum of 1.46% zero probability fragments
[2023-11-15 13:28:14.789] [jointLog] [info] Thread saw mini-batch with a maximum of 1.50% zero probability fragments
[2023-11-15 13:28:14.840] [jointLog] [info] Thread saw mini-batch with a maximum of 1.38% zero probability fragments
[2023-11-15 13:28:14.889] [jointLog] [info] Thread saw mini-batch with a maximum of 1.44% zero probability fragments
[2023-11-15 13:28:14.966] [jointLog] [info] Thread saw mini-batch with a maximum of 1.54% zero probability fragments
[2023-11-15 13:28:15.291] [fileLog] [info] 
At end of round 0
==================
Observed 17262775 total fragments (17262775 in most recent round)

[2023-11-15 13:28:15.289] [jointLog] [info] Computed 391,255 rich equivalence classes for further processing
[2023-11-15 13:28:15.289] [jointLog] [info] Counted 14,248,995 total reads in the equivalence classes 
[2023-11-15 13:28:15.305] [jointLog] [info] Number of mappings discarded because of alignment score : 25,003,571
[2023-11-15 13:28:15.305] [jointLog] [info] Number of fragments entirely discarded because of alignment score : 1,534,192
[2023-11-15 13:28:15.305] [jointLog] [info] Number of fragments discarded because they are best-mapped to decoys : 0
[2023-11-15 13:28:15.305] [jointLog] [info] Mapping rate = 82.5417%

[2023-11-15 13:28:15.305] [jointLog] [info] finished quantifyLibrary()
[2023-11-15 13:28:15.343] [jointLog] [info] Starting optimizer
[2023-11-15 13:28:15.592] [jointLog] [info] Marked 0 weighted equivalence classes as degenerate
[2023-11-15 13:28:15.612] [jointLog] [info] iteration = 0 | max rel diff. = 5073.63
[2023-11-15 13:28:17.428] [jointLog] [info] iteration = 100 | max rel diff. = 18.2571
[2023-11-15 13:28:19.203] [jointLog] [info] iteration = 200 | max rel diff. = 11.0704
[2023-11-15 13:28:20.995] [jointLog] [info] iteration = 300 | max rel diff. = 16.5076
[2023-11-15 13:28:22.798] [jointLog] [info] iteration = 400 | max rel diff. = 0.367387
[2023-11-15 13:28:24.602] [jointLog] [info] iteration = 500 | max rel diff. = 0.418856
[2023-11-15 13:28:26.411] [jointLog] [info] iteration = 600 | max rel diff. = 0.281613
[2023-11-15 13:28:28.210] [jointLog] [info] iteration = 700 | max rel diff. = 0.0736196
[2023-11-15 13:28:30.016] [jointLog] [info] iteration = 800 | max rel diff. = 0.0392757
[2023-11-15 13:28:31.806] [jointLog] [info] iteration = 900 | max rel diff. = 1.09433
[2023-11-15 13:28:33.610] [jointLog] [info] iteration = 1,000 | max rel diff. = 0.128348
[2023-11-15 13:28:35.416] [jointLog] [info] iteration = 1,100 | max rel diff. = 0.220577
[2023-11-15 13:28:37.210] [jointLog] [info] iteration = 1,200 | max rel diff. = 0.0247844
[2023-11-15 13:28:37.676] [jointLog] [info] iteration = 1,227 | max rel diff. = 0.00770816
[2023-11-15 13:28:37.710] [jointLog] [info] Finished optimizer
[2023-11-15 13:28:37.710] [jointLog] [info] writing output 

