[2023-11-15 13:25:20.140] [jointLog] [info] setting maxHashResizeThreads to 10
[2023-11-15 13:25:20.140] [jointLog] [info] Fragment incompatibility prior below threshold.  Incompatible fragments will be ignored.
[2023-11-15 13:25:20.140] [jointLog] [info] Usage of --validateMappings implies use of minScoreFraction. Since not explicitly specified, it is being set to 0.65
[2023-11-15 13:25:20.141] [jointLog] [info] Setting consensusSlack to selective-alignment default of 0.35.
[2023-11-15 13:25:20.141] [jointLog] [info] parsing read library format
[2023-11-15 13:25:20.141] [jointLog] [info] There is 1 library.
[2023-11-15 13:25:20.144] [jointLog] [info] Loading pufferfish index
[2023-11-15 13:25:20.144] [jointLog] [info] Loading dense pufferfish index.
[2023-11-15 13:25:22.603] [jointLog] [info] done
[2023-11-15 13:25:22.648] [jointLog] [info] Index contained 198,540 targets
[2023-11-15 13:25:22.706] [jointLog] [info] Number of decoys : 0
[2023-11-15 13:25:23.156] [jointLog] [info] Automatically detected most likely library type as ISR

[2023-11-15 13:28:55.594] [jointLog] [info] Thread saw mini-batch with a maximum of 1.06% zero probability fragments
[2023-11-15 13:28:55.625] [jointLog] [info] Thread saw mini-batch with a maximum of 1.10% zero probability fragments
[2023-11-15 13:28:55.627] [jointLog] [info] Thread saw mini-batch with a maximum of 1.20% zero probability fragments
[2023-11-15 13:28:55.646] [jointLog] [info] Thread saw mini-batch with a maximum of 1.16% zero probability fragments
[2023-11-15 13:28:55.687] [jointLog] [info] Thread saw mini-batch with a maximum of 1.18% zero probability fragments
[2023-11-15 13:28:55.691] [jointLog] [info] Thread saw mini-batch with a maximum of 1.08% zero probability fragments
[2023-11-15 13:28:55.706] [jointLog] [info] Thread saw mini-batch with a maximum of 1.08% zero probability fragments
[2023-11-15 13:28:55.726] [jointLog] [info] Thread saw mini-batch with a maximum of 1.16% zero probability fragments
[2023-11-15 13:28:55.728] [jointLog] [info] Thread saw mini-batch with a maximum of 1.22% zero probability fragments
[2023-11-15 13:28:55.741] [jointLog] [info] Thread saw mini-batch with a maximum of 1.10% zero probability fragments
[2023-11-15 13:28:56.232] [jointLog] [info] Computed 880,263 rich equivalence classes for further processing
[2023-11-15 13:28:56.232] [jointLog] [info] Counted 44,576,093 total reads in the equivalence classes 
[2023-11-15 13:28:56.242] [jointLog] [info] Number of mappings discarded because of alignment score : 34,435,410
[2023-11-15 13:28:56.242] [jointLog] [info] Number of fragments entirely discarded because of alignment score : 2,314,677
[2023-11-15 13:28:56.242] [jointLog] [info] Number of fragments discarded because they are best-mapped to decoys : 0
[2023-11-15 13:28:56.242] [jointLog] [info] Mapping rate = 92.507%

[2023-11-15 13:28:56.242] [jointLog] [info] finished quantifyLibrary()
[2023-11-15 13:28:56.257] [jointLog] [info] Starting optimizer
[2023-11-15 13:28:56.500] [jointLog] [info] Marked 0 weighted equivalence classes as degenerate
[2023-11-15 13:28:56.530] [jointLog] [info] iteration = 0 | max rel diff. = 2430.11
[2023-11-15 13:28:56.233] [fileLog] [info] 
At end of round 0
==================
Observed 48186731 total fragments (48186731 in most recent round)

[2023-11-15 13:28:59.153] [jointLog] [info] iteration = 100 | max rel diff. = 8.84451
[2023-11-15 13:29:01.688] [jointLog] [info] iteration = 200 | max rel diff. = 2.24385
[2023-11-15 13:29:04.442] [jointLog] [info] iteration = 300 | max rel diff. = 5.43332
[2023-11-15 13:29:07.278] [jointLog] [info] iteration = 400 | max rel diff. = 0.314527
[2023-11-15 13:29:09.906] [jointLog] [info] iteration = 500 | max rel diff. = 0.225803
[2023-11-15 13:29:12.609] [jointLog] [info] iteration = 600 | max rel diff. = 0.71653
[2023-11-15 13:29:15.336] [jointLog] [info] iteration = 700 | max rel diff. = 0.065738
[2023-11-15 13:29:17.860] [jointLog] [info] iteration = 800 | max rel diff. = 0.0450396
[2023-11-15 13:29:18.375] [jointLog] [info] iteration = 820 | max rel diff. = 0.00804909
[2023-11-15 13:29:18.412] [jointLog] [info] Finished optimizer
[2023-11-15 13:29:18.412] [jointLog] [info] writing output 

