[2025-08-07 15:17:31.129] [jointLog] [info] setting maxHashResizeThreads to 10
[2025-08-07 15:17:31.129] [jointLog] [info] Fragment incompatibility prior below threshold.  Incompatible fragments will be ignored.
[2025-08-07 15:17:31.129] [jointLog] [info] Usage of --validateMappings implies use of minScoreFraction. Since not explicitly specified, it is being set to 0.65
[2025-08-07 15:17:31.130] [jointLog] [info] Setting consensusSlack to selective-alignment default of 0.35.
[2025-08-07 15:17:31.130] [jointLog] [info] parsing read library format
[2025-08-07 15:17:31.130] [jointLog] [info] There is 1 library.
[2025-08-07 15:17:31.133] [jointLog] [info] Loading pufferfish index
[2025-08-07 15:17:31.134] [jointLog] [info] Loading dense pufferfish index.
[2025-08-07 15:17:41.855] [jointLog] [info] done
[2025-08-07 15:17:41.941] [jointLog] [info] Index contained 198,540 targets
[2025-08-07 15:17:42.023] [jointLog] [info] Number of decoys : 0
[2025-08-07 15:17:42.236] [jointLog] [info] Automatically detected most likely library type as SF

[2025-08-07 15:17:55.497] [jointLog] [info] Thread saw mini-batch with a maximum of 7.84% zero probability fragments
[2025-08-07 15:17:55.503] [jointLog] [info] Thread saw mini-batch with a maximum of 6.54% zero probability fragments
[2025-08-07 15:17:55.508] [jointLog] [info] Thread saw mini-batch with a maximum of 6.60% zero probability fragments
[2025-08-07 15:17:55.509] [jointLog] [info] Thread saw mini-batch with a maximum of 13.52% zero probability fragments
[2025-08-07 15:17:55.527] [jointLog] [info] Thread saw mini-batch with a maximum of 7.84% zero probability fragments
[2025-08-07 15:17:55.532] [jointLog] [info] Thread saw mini-batch with a maximum of 9.72% zero probability fragments
[2025-08-07 15:17:55.541] [jointLog] [info] Thread saw mini-batch with a maximum of 22.34% zero probability fragments
[2025-08-07 15:17:55.550] [jointLog] [info] Thread saw mini-batch with a maximum of 7.82% zero probability fragments
[2025-08-07 15:17:55.556] [jointLog] [info] Thread saw mini-batch with a maximum of 9.52% zero probability fragments
[2025-08-07 15:17:55.558] [jointLog] [info] Thread saw mini-batch with a maximum of 7.04% zero probability fragments
[2025-08-07 15:17:55.739] [jointLog] [info] Computed 153,104 rich equivalence classes for further processing
[2025-08-07 15:17:55.739] [jointLog] [info] Counted 5,050,899 total reads in the equivalence classes 
[2025-08-07 15:17:55.745] [jointLog] [info] Number of mappings discarded because of alignment score : 16,922,748
[2025-08-07 15:17:55.745] [jointLog] [info] Number of fragments entirely discarded because of alignment score : 718,874
[2025-08-07 15:17:55.745] [jointLog] [info] Number of fragments discarded because they are best-mapped to decoys : 0
[2025-08-07 15:17:55.745] [jointLog] [info] Number of fragments discarded because they have only dovetail (discordant) mappings to valid targets : 0
[2025-08-07 15:17:55.745] [jointLog] [info] Mapping rate = 76.3877%

[2025-08-07 15:17:55.745] [jointLog] [info] finished quantifyLibrary()
[2025-08-07 15:17:55.746] [jointLog] [info] Starting optimizer
[2025-08-07 15:17:55.740] [fileLog] [info] 
At end of round 0
==================
Observed 6612189 total fragments (6612189 in most recent round)

[2025-08-07 15:17:55.930] [jointLog] [info] Marked 0 weighted equivalence classes as degenerate
[2025-08-07 15:17:55.946] [jointLog] [info] iteration = 0 | max rel diff. = 2281.03
[2025-08-07 15:17:57.278] [jointLog] [info] iteration = 100 | max rel diff. = 17.8527
[2025-08-07 15:17:58.621] [jointLog] [info] iteration = 200 | max rel diff. = 17.492
[2025-08-07 15:17:59.972] [jointLog] [info] iteration = 300 | max rel diff. = 1.323
[2025-08-07 15:18:01.311] [jointLog] [info] iteration = 400 | max rel diff. = 2.80916
[2025-08-07 15:18:02.667] [jointLog] [info] iteration = 500 | max rel diff. = 0.140258
[2025-08-07 15:18:04.056] [jointLog] [info] iteration = 600 | max rel diff. = 3.60714
[2025-08-07 15:18:05.474] [jointLog] [info] iteration = 700 | max rel diff. = 1.35647
[2025-08-07 15:18:06.855] [jointLog] [info] iteration = 800 | max rel diff. = 0.0686408
[2025-08-07 15:18:08.200] [jointLog] [info] iteration = 900 | max rel diff. = 0.0243441
[2025-08-07 15:18:09.534] [jointLog] [info] iteration = 1,000 | max rel diff. = 0.0719397
[2025-08-07 15:18:09.945] [jointLog] [info] iteration = 1,032 | max rel diff. = 0.00820207
[2025-08-07 15:18:10.002] [jointLog] [info] Finished optimizer
[2025-08-07 15:18:10.002] [jointLog] [info] writing output 

