[2025-08-07 14:33:32.666] [jointLog] [info] setting maxHashResizeThreads to 10
[2025-08-07 14:33:32.666] [jointLog] [info] Fragment incompatibility prior below threshold.  Incompatible fragments will be ignored.
[2025-08-07 14:33:32.667] [jointLog] [info] Usage of --validateMappings implies use of minScoreFraction. Since not explicitly specified, it is being set to 0.65
[2025-08-07 14:33:32.667] [jointLog] [info] Setting consensusSlack to selective-alignment default of 0.35.
[2025-08-07 14:33:32.667] [jointLog] [info] parsing read library format
[2025-08-07 14:33:32.667] [jointLog] [info] There is 1 library.
[2025-08-07 14:33:32.670] [jointLog] [info] Loading pufferfish index
[2025-08-07 14:33:32.671] [jointLog] [info] Loading dense pufferfish index.
[2025-08-07 14:33:35.641] [jointLog] [info] done
[2025-08-07 14:33:35.718] [jointLog] [info] Index contained 198,540 targets
[2025-08-07 14:33:35.803] [jointLog] [info] Number of decoys : 0
[2025-08-07 14:33:36.577] [jointLog] [info] Automatically detected most likely library type as ISR

[2025-08-07 14:40:02.830] [jointLog] [info] Thread saw mini-batch with a maximum of 0.94% zero probability fragments
[2025-08-07 14:40:02.888] [jointLog] [info] Thread saw mini-batch with a maximum of 0.90% zero probability fragments
[2025-08-07 14:40:02.906] [jointLog] [info] Thread saw mini-batch with a maximum of 1.02% zero probability fragments
[2025-08-07 14:40:02.927] [jointLog] [info] Thread saw mini-batch with a maximum of 1.02% zero probability fragments
[2025-08-07 14:40:02.952] [jointLog] [info] Thread saw mini-batch with a maximum of 0.90% zero probability fragments
[2025-08-07 14:40:02.960] [jointLog] [info] Thread saw mini-batch with a maximum of 0.96% zero probability fragments
[2025-08-07 14:40:02.966] [jointLog] [info] Thread saw mini-batch with a maximum of 0.90% zero probability fragments
[2025-08-07 14:40:02.988] [jointLog] [info] Thread saw mini-batch with a maximum of 0.88% zero probability fragments
[2025-08-07 14:40:03.045] [jointLog] [info] Thread saw mini-batch with a maximum of 0.90% zero probability fragments
[2025-08-07 14:40:03.103] [jointLog] [info] Thread saw mini-batch with a maximum of 0.88% zero probability fragments
[2025-08-07 14:40:03.445] [jointLog] [info] Computed 456,542 rich equivalence classes for further processing
[2025-08-07 14:40:03.445] [jointLog] [info] Counted 32,580,235 total reads in the equivalence classes 
[2025-08-07 14:40:03.456] [jointLog] [info] Number of mappings discarded because of alignment score : 27,458,390
[2025-08-07 14:40:03.456] [jointLog] [info] Number of fragments entirely discarded because of alignment score : 2,218,232
[2025-08-07 14:40:03.456] [jointLog] [info] Number of fragments discarded because they are best-mapped to decoys : 0
[2025-08-07 14:40:03.456] [jointLog] [info] Mapping rate = 56.1309%

[2025-08-07 14:40:03.456] [jointLog] [info] finished quantifyLibrary()
[2025-08-07 14:40:03.458] [jointLog] [info] Starting optimizer
[2025-08-07 14:40:03.447] [fileLog] [info] 
At end of round 0
==================
Observed 58043294 total fragments (58043294 in most recent round)

[2025-08-07 14:40:09.483] [jointLog] [info] Marked 0 weighted equivalence classes as degenerate
[2025-08-07 14:40:09.503] [jointLog] [info] iteration = 0 | max rel diff. = 5717.96
[2025-08-07 14:40:11.480] [jointLog] [info] iteration = 100 | max rel diff. = 12.7801
[2025-08-07 14:40:13.456] [jointLog] [info] iteration = 200 | max rel diff. = 12.6475
[2025-08-07 14:40:15.432] [jointLog] [info] iteration = 300 | max rel diff. = 5.07388
[2025-08-07 14:40:17.409] [jointLog] [info] iteration = 400 | max rel diff. = 0.151874
[2025-08-07 14:40:19.384] [jointLog] [info] iteration = 500 | max rel diff. = 0.0458797
[2025-08-07 14:40:21.358] [jointLog] [info] iteration = 600 | max rel diff. = 0.329661
[2025-08-07 14:40:23.333] [jointLog] [info] iteration = 700 | max rel diff. = 0.142046
[2025-08-07 14:40:25.308] [jointLog] [info] iteration = 800 | max rel diff. = 0.0510423
[2025-08-07 14:40:27.283] [jointLog] [info] iteration = 900 | max rel diff. = 0.0251023
[2025-08-07 14:40:29.258] [jointLog] [info] iteration = 1,000 | max rel diff. = 0.108459
[2025-08-07 14:40:31.231] [jointLog] [info] iteration = 1,100 | max rel diff. = 0.10396
[2025-08-07 14:40:32.515] [jointLog] [info] iteration = 1,166 | max rel diff. = 0.00766196
[2025-08-07 14:40:32.546] [jointLog] [info] Finished optimizer
[2025-08-07 14:40:32.546] [jointLog] [info] writing output 

