[2023-11-15 13:40:14.251] [jointLog] [info] setting maxHashResizeThreads to 10
[2023-11-15 13:40:14.251] [jointLog] [info] Fragment incompatibility prior below threshold.  Incompatible fragments will be ignored.
[2023-11-15 13:40:14.252] [jointLog] [info] Usage of --validateMappings implies use of minScoreFraction. Since not explicitly specified, it is being set to 0.65
[2023-11-15 13:40:14.252] [jointLog] [info] Setting consensusSlack to selective-alignment default of 0.35.
[2023-11-15 13:40:14.252] [jointLog] [info] parsing read library format
[2023-11-15 13:40:14.252] [jointLog] [info] There is 1 library.
[2023-11-15 13:40:14.262] [jointLog] [info] Loading pufferfish index
[2023-11-15 13:40:14.263] [jointLog] [info] Loading dense pufferfish index.
[2023-11-15 13:40:16.791] [jointLog] [info] done
[2023-11-15 13:40:16.831] [jointLog] [info] Index contained 198,540 targets
[2023-11-15 13:40:16.889] [jointLog] [info] Number of decoys : 0
[2023-11-15 13:40:17.509] [jointLog] [info] Automatically detected most likely library type as ISR

[2023-11-15 13:42:23.278] [jointLog] [info] Thread saw mini-batch with a maximum of 1.34% zero probability fragments
[2023-11-15 13:42:23.302] [jointLog] [info] Thread saw mini-batch with a maximum of 1.30% zero probability fragments
[2023-11-15 13:42:23.322] [jointLog] [info] Thread saw mini-batch with a maximum of 1.34% zero probability fragments
[2023-11-15 13:42:23.339] [jointLog] [info] Thread saw mini-batch with a maximum of 1.32% zero probability fragments
[2023-11-15 13:42:23.362] [jointLog] [info] Thread saw mini-batch with a maximum of 1.24% zero probability fragments
[2023-11-15 13:42:23.405] [jointLog] [info] Thread saw mini-batch with a maximum of 1.34% zero probability fragments
[2023-11-15 13:42:23.480] [jointLog] [info] Thread saw mini-batch with a maximum of 1.24% zero probability fragments
[2023-11-15 13:42:23.490] [jointLog] [info] Thread saw mini-batch with a maximum of 1.22% zero probability fragments
[2023-11-15 13:42:23.553] [jointLog] [info] Thread saw mini-batch with a maximum of 1.22% zero probability fragments
[2023-11-15 13:42:23.557] [jointLog] [info] Thread saw mini-batch with a maximum of 1.44% zero probability fragments
[2023-11-15 13:42:23.831] [fileLog] [info] 
At end of round 0
==================
Observed 20428820 total fragments (20428820 in most recent round)

[2023-11-15 13:42:23.830] [jointLog] [info] Computed 456,172 rich equivalence classes for further processing
[2023-11-15 13:42:23.830] [jointLog] [info] Counted 17,526,850 total reads in the equivalence classes 
[2023-11-15 13:42:23.838] [jointLog] [info] Number of mappings discarded because of alignment score : 20,967,647
[2023-11-15 13:42:23.838] [jointLog] [info] Number of fragments entirely discarded because of alignment score : 1,398,266
[2023-11-15 13:42:23.838] [jointLog] [info] Number of fragments discarded because they are best-mapped to decoys : 0
[2023-11-15 13:42:23.838] [jointLog] [info] Mapping rate = 85.7947%

[2023-11-15 13:42:23.838] [jointLog] [info] finished quantifyLibrary()
[2023-11-15 13:42:23.910] [jointLog] [info] Starting optimizer
[2023-11-15 13:42:24.089] [jointLog] [info] Marked 0 weighted equivalence classes as degenerate
[2023-11-15 13:42:24.108] [jointLog] [info] iteration = 0 | max rel diff. = 5663.25
[2023-11-15 13:42:25.745] [jointLog] [info] iteration = 100 | max rel diff. = 16.4624
[2023-11-15 13:42:27.555] [jointLog] [info] iteration = 200 | max rel diff. = 3.80012
[2023-11-15 13:42:29.282] [jointLog] [info] iteration = 300 | max rel diff. = 9.30101
[2023-11-15 13:42:30.928] [jointLog] [info] iteration = 400 | max rel diff. = 0.492936
[2023-11-15 13:42:32.567] [jointLog] [info] iteration = 500 | max rel diff. = 3.96268
[2023-11-15 13:42:34.262] [jointLog] [info] iteration = 600 | max rel diff. = 0.160095
[2023-11-15 13:42:35.884] [jointLog] [info] iteration = 700 | max rel diff. = 0.700215
[2023-11-15 13:42:37.487] [jointLog] [info] iteration = 800 | max rel diff. = 0.0766856
[2023-11-15 13:42:39.090] [jointLog] [info] iteration = 900 | max rel diff. = 0.189939
[2023-11-15 13:42:40.696] [jointLog] [info] iteration = 1,000 | max rel diff. = 0.276342
[2023-11-15 13:42:40.776] [jointLog] [info] iteration = 1,006 | max rel diff. = 0.00420638
[2023-11-15 13:42:40.815] [jointLog] [info] Finished optimizer
[2023-11-15 13:42:40.815] [jointLog] [info] writing output 

