[2025-06-04 13:54:49.152] [jointLog] [info] setting maxHashResizeThreads to 10
[2025-06-04 13:54:49.152] [jointLog] [info] Fragment incompatibility prior below threshold.  Incompatible fragments will be ignored.
[2025-06-04 13:54:49.152] [jointLog] [info] Usage of --validateMappings implies use of minScoreFraction. Since not explicitly specified, it is being set to 0.65
[2025-06-04 13:54:49.153] [jointLog] [info] Setting consensusSlack to selective-alignment default of 0.35.
[2025-06-04 13:54:49.153] [jointLog] [info] parsing read library format
[2025-06-04 13:54:49.153] [jointLog] [info] There is 1 library.
[2025-06-04 13:54:49.157] [jointLog] [info] Loading pufferfish index
[2025-06-04 13:54:49.158] [jointLog] [info] Loading dense pufferfish index.
[2025-06-04 13:54:51.018] [jointLog] [info] done
[2025-06-04 13:54:51.062] [jointLog] [info] Index contained 198,540 targets
[2025-06-04 13:54:51.120] [jointLog] [info] Number of decoys : 0
[2025-06-04 13:54:51.566] [jointLog] [info] Automatically detected most likely library type as ISR

[2025-06-04 13:59:10.897] [jointLog] [info] Thread saw mini-batch with a maximum of 1.72% zero probability fragments
[2025-06-04 13:59:10.907] [jointLog] [info] Thread saw mini-batch with a maximum of 1.76% zero probability fragments
[2025-06-04 13:59:10.927] [jointLog] [info] Thread saw mini-batch with a maximum of 1.54% zero probability fragments
[2025-06-04 13:59:10.969] [jointLog] [info] Thread saw mini-batch with a maximum of 1.70% zero probability fragments
[2025-06-04 13:59:10.969] [jointLog] [info] Thread saw mini-batch with a maximum of 2.30% zero probability fragments
[2025-06-04 13:59:11.012] [jointLog] [info] Thread saw mini-batch with a maximum of 1.68% zero probability fragments
[2025-06-04 13:59:11.018] [jointLog] [info] Thread saw mini-batch with a maximum of 2.22% zero probability fragments
[2025-06-04 13:59:11.086] [jointLog] [info] Thread saw mini-batch with a maximum of 1.80% zero probability fragments
[2025-06-04 13:59:11.095] [jointLog] [info] Thread saw mini-batch with a maximum of 1.60% zero probability fragments
[2025-06-04 13:59:11.110] [jointLog] [info] Thread saw mini-batch with a maximum of 2.06% zero probability fragments
[2025-06-04 13:59:11.417] [fileLog] [info] 
At end of round 0
==================
Observed 44679548 total fragments (44679548 in most recent round)

[2025-06-04 13:59:11.415] [jointLog] [info] Computed 492,926 rich equivalence classes for further processing
[2025-06-04 13:59:11.415] [jointLog] [info] Counted 35,858,051 total reads in the equivalence classes 
[2025-06-04 13:59:11.424] [jointLog] [info] Number of mappings discarded because of alignment score : 37,299,833
[2025-06-04 13:59:11.424] [jointLog] [info] Number of fragments entirely discarded because of alignment score : 2,962,010
[2025-06-04 13:59:11.424] [jointLog] [info] Number of fragments discarded because they are best-mapped to decoys : 0
[2025-06-04 13:59:11.424] [jointLog] [info] Mapping rate = 80.2561%

[2025-06-04 13:59:11.424] [jointLog] [info] finished quantifyLibrary()
[2025-06-04 13:59:11.427] [jointLog] [info] Starting optimizer
[2025-06-04 13:59:11.615] [jointLog] [info] Marked 0 weighted equivalence classes as degenerate
[2025-06-04 13:59:11.635] [jointLog] [info] iteration = 0 | max rel diff. = 5099.71
[2025-06-04 13:59:13.628] [jointLog] [info] iteration = 100 | max rel diff. = 12.2299
[2025-06-04 13:59:15.712] [jointLog] [info] iteration = 200 | max rel diff. = 20.0862
[2025-06-04 13:59:17.624] [jointLog] [info] iteration = 300 | max rel diff. = 14.3914
[2025-06-04 13:59:19.532] [jointLog] [info] iteration = 400 | max rel diff. = 0.659152
[2025-06-04 13:59:21.477] [jointLog] [info] iteration = 500 | max rel diff. = 1.28113
[2025-06-04 13:59:23.425] [jointLog] [info] iteration = 600 | max rel diff. = 0.467206
[2025-06-04 13:59:25.363] [jointLog] [info] iteration = 700 | max rel diff. = 0.125482
[2025-06-04 13:59:27.307] [jointLog] [info] iteration = 800 | max rel diff. = 0.84233
[2025-06-04 13:59:29.245] [jointLog] [info] iteration = 900 | max rel diff. = 0.0243334
[2025-06-04 13:59:31.181] [jointLog] [info] iteration = 1,000 | max rel diff. = 0.702314
[2025-06-04 13:59:33.142] [jointLog] [info] iteration = 1,100 | max rel diff. = 0.266782
[2025-06-04 13:59:35.144] [jointLog] [info] iteration = 1,200 | max rel diff. = 0.137108
[2025-06-04 13:59:37.242] [jointLog] [info] iteration = 1,300 | max rel diff. = 0.0907319
[2025-06-04 13:59:39.281] [jointLog] [info] iteration = 1,400 | max rel diff. = 0.0211279
[2025-06-04 13:59:40.944] [jointLog] [info] iteration = 1,490 | max rel diff. = 0.00842298
[2025-06-04 13:59:40.983] [jointLog] [info] Finished optimizer
[2025-06-04 13:59:40.983] [jointLog] [info] writing output 

