[2025-06-04 13:54:46.343] [jointLog] [info] setting maxHashResizeThreads to 10
[2025-06-04 13:54:46.343] [jointLog] [info] Fragment incompatibility prior below threshold.  Incompatible fragments will be ignored.
[2025-06-04 13:54:46.345] [jointLog] [info] Usage of --validateMappings implies use of minScoreFraction. Since not explicitly specified, it is being set to 0.65
[2025-06-04 13:54:46.345] [jointLog] [info] Setting consensusSlack to selective-alignment default of 0.35.
[2025-06-04 13:54:46.345] [jointLog] [info] parsing read library format
[2025-06-04 13:54:46.345] [jointLog] [info] There is 1 library.
[2025-06-04 13:54:46.450] [jointLog] [info] Loading pufferfish index
[2025-06-04 13:54:46.473] [jointLog] [info] Loading dense pufferfish index.
[2025-06-04 13:54:49.459] [jointLog] [info] done
[2025-06-04 13:54:49.515] [jointLog] [info] Index contained 198,540 targets
[2025-06-04 13:54:49.593] [jointLog] [info] Number of decoys : 0
[2025-06-04 13:54:50.921] [jointLog] [info] Automatically detected most likely library type as ISR

[2025-06-04 14:01:16.947] [jointLog] [info] Thread saw mini-batch with a maximum of 2.72% zero probability fragments
[2025-06-04 14:01:17.044] [jointLog] [info] Thread saw mini-batch with a maximum of 1.54% zero probability fragments
[2025-06-04 14:01:17.055] [jointLog] [info] Thread saw mini-batch with a maximum of 1.66% zero probability fragments
[2025-06-04 14:01:17.105] [jointLog] [info] Thread saw mini-batch with a maximum of 1.58% zero probability fragments
[2025-06-04 14:01:17.148] [jointLog] [info] Thread saw mini-batch with a maximum of 1.58% zero probability fragments
[2025-06-04 14:01:17.155] [jointLog] [info] Thread saw mini-batch with a maximum of 2.08% zero probability fragments
[2025-06-04 14:01:17.186] [jointLog] [info] Thread saw mini-batch with a maximum of 1.46% zero probability fragments
[2025-06-04 14:01:17.210] [jointLog] [info] Thread saw mini-batch with a maximum of 1.36% zero probability fragments
[2025-06-04 14:01:17.235] [jointLog] [info] Thread saw mini-batch with a maximum of 1.48% zero probability fragments
[2025-06-04 14:01:17.283] [jointLog] [info] Thread saw mini-batch with a maximum of 1.68% zero probability fragments
[2025-06-04 14:01:17.619] [jointLog] [info] Computed 451,653 rich equivalence classes for further processing
[2025-06-04 14:01:17.619] [jointLog] [info] Counted 30,297,268 total reads in the equivalence classes 
[2025-06-04 14:01:17.627] [jointLog] [info] Number of mappings discarded because of alignment score : 49,607,154
[2025-06-04 14:01:17.627] [jointLog] [info] Number of fragments entirely discarded because of alignment score : 4,419,668
[2025-06-04 14:01:17.627] [jointLog] [info] Number of fragments discarded because they are best-mapped to decoys : 0
[2025-06-04 14:01:17.627] [jointLog] [info] Mapping rate = 75.9288%

[2025-06-04 14:01:17.627] [jointLog] [info] finished quantifyLibrary()
[2025-06-04 14:01:17.630] [jointLog] [info] Starting optimizer
[2025-06-04 14:01:17.839] [jointLog] [info] Marked 0 weighted equivalence classes as degenerate
[2025-06-04 14:01:17.875] [jointLog] [info] iteration = 0 | max rel diff. = 5984.06
[2025-06-04 14:01:17.620] [fileLog] [info] 
At end of round 0
==================
Observed 39902208 total fragments (39902208 in most recent round)

[2025-06-04 14:01:20.397] [jointLog] [info] iteration = 100 | max rel diff. = 14.8661
[2025-06-04 14:01:22.577] [jointLog] [info] iteration = 200 | max rel diff. = 16.5565
[2025-06-04 14:01:24.688] [jointLog] [info] iteration = 300 | max rel diff. = 0.271168
[2025-06-04 14:01:26.866] [jointLog] [info] iteration = 400 | max rel diff. = 0.278777
[2025-06-04 14:01:29.057] [jointLog] [info] iteration = 500 | max rel diff. = 3.81976
[2025-06-04 14:01:31.248] [jointLog] [info] iteration = 600 | max rel diff. = 0.996354
[2025-06-04 14:01:33.434] [jointLog] [info] iteration = 700 | max rel diff. = 0.0920812
[2025-06-04 14:01:35.618] [jointLog] [info] iteration = 800 | max rel diff. = 16.1061
[2025-06-04 14:01:37.811] [jointLog] [info] iteration = 900 | max rel diff. = 0.0320157
[2025-06-04 14:01:38.868] [jointLog] [info] iteration = 949 | max rel diff. = 0.00356821
[2025-06-04 14:01:38.889] [jointLog] [info] Finished optimizer
[2025-06-04 14:01:38.889] [jointLog] [info] writing output 

