[2023-11-15 13:48:01.758] [jointLog] [info] setting maxHashResizeThreads to 10
[2023-11-15 13:48:01.758] [jointLog] [info] Fragment incompatibility prior below threshold.  Incompatible fragments will be ignored.
[2023-11-15 13:48:01.759] [jointLog] [info] Usage of --validateMappings implies use of minScoreFraction. Since not explicitly specified, it is being set to 0.65
[2023-11-15 13:48:01.759] [jointLog] [info] Setting consensusSlack to selective-alignment default of 0.35.
[2023-11-15 13:48:01.759] [jointLog] [info] parsing read library format
[2023-11-15 13:48:01.759] [jointLog] [info] There is 1 library.
[2023-11-15 13:48:01.762] [jointLog] [info] Loading pufferfish index
[2023-11-15 13:48:01.768] [jointLog] [info] Loading dense pufferfish index.
[2023-11-15 13:48:11.034] [jointLog] [info] done
[2023-11-15 13:48:11.072] [jointLog] [info] Index contained 198,540 targets
[2023-11-15 13:48:11.131] [jointLog] [info] Number of decoys : 0
[2023-11-15 13:48:11.362] [jointLog] [info] Automatically detected most likely library type as SF

[2023-11-15 13:48:28.495] [fileLog] [info] 
At end of round 0
==================
Observed 15747041 total fragments (15747041 in most recent round)

[2023-11-15 13:48:28.268] [jointLog] [info] Thread saw mini-batch with a maximum of 15.26% zero probability fragments
[2023-11-15 13:48:28.277] [jointLog] [info] Thread saw mini-batch with a maximum of 56.36% zero probability fragments
[2023-11-15 13:48:28.285] [jointLog] [info] Thread saw mini-batch with a maximum of 48.08% zero probability fragments
[2023-11-15 13:48:28.289] [jointLog] [info] Thread saw mini-batch with a maximum of 70.58% zero probability fragments
[2023-11-15 13:48:28.297] [jointLog] [info] Thread saw mini-batch with a maximum of 47.10% zero probability fragments
[2023-11-15 13:48:28.300] [jointLog] [info] Thread saw mini-batch with a maximum of 47.52% zero probability fragments
[2023-11-15 13:48:28.304] [jointLog] [info] Thread saw mini-batch with a maximum of 15.62% zero probability fragments
[2023-11-15 13:48:28.306] [jointLog] [info] Thread saw mini-batch with a maximum of 12.84% zero probability fragments
[2023-11-15 13:48:28.312] [jointLog] [info] Thread saw mini-batch with a maximum of 48.24% zero probability fragments
[2023-11-15 13:48:28.324] [jointLog] [info] Thread saw mini-batch with a maximum of 47.02% zero probability fragments
[2023-11-15 13:48:28.494] [jointLog] [info] Computed 189,569 rich equivalence classes for further processing
[2023-11-15 13:48:28.494] [jointLog] [info] Counted 5,474,375 total reads in the equivalence classes 
[2023-11-15 13:48:28.499] [jointLog] [info] Number of mappings discarded because of alignment score : 37,461,276
[2023-11-15 13:48:28.499] [jointLog] [info] Number of fragments entirely discarded because of alignment score : 580,885
[2023-11-15 13:48:28.499] [jointLog] [info] Number of fragments discarded because they are best-mapped to decoys : 0
[2023-11-15 13:48:28.499] [jointLog] [info] Number of fragments discarded because they have only dovetail (discordant) mappings to valid targets : 0
[2023-11-15 13:48:28.499] [jointLog] [info] Mapping rate = 34.7645%

[2023-11-15 13:48:28.499] [jointLog] [info] finished quantifyLibrary()
[2023-11-15 13:48:28.502] [jointLog] [info] Starting optimizer
[2023-11-15 13:48:28.688] [jointLog] [info] Marked 0 weighted equivalence classes as degenerate
[2023-11-15 13:48:28.704] [jointLog] [info] iteration = 0 | max rel diff. = 2453.62
[2023-11-15 13:48:30.064] [jointLog] [info] iteration = 100 | max rel diff. = 20.9274
[2023-11-15 13:48:31.431] [jointLog] [info] iteration = 200 | max rel diff. = 10.5076
[2023-11-15 13:48:32.982] [jointLog] [info] iteration = 300 | max rel diff. = 10.6744
[2023-11-15 13:48:34.430] [jointLog] [info] iteration = 400 | max rel diff. = 0.126111
[2023-11-15 13:48:35.788] [jointLog] [info] iteration = 500 | max rel diff. = 0.120114
[2023-11-15 13:48:37.110] [jointLog] [info] iteration = 600 | max rel diff. = 0.0872704
[2023-11-15 13:48:38.472] [jointLog] [info] iteration = 700 | max rel diff. = 0.165596
[2023-11-15 13:48:39.832] [jointLog] [info] iteration = 800 | max rel diff. = 0.0712192
[2023-11-15 13:48:41.155] [jointLog] [info] iteration = 900 | max rel diff. = 0.0433995
[2023-11-15 13:48:42.477] [jointLog] [info] iteration = 1,000 | max rel diff. = 0.13787
[2023-11-15 13:48:42.951] [jointLog] [info] iteration = 1,037 | max rel diff. = 0.00565746
[2023-11-15 13:48:42.991] [jointLog] [info] Finished optimizer
[2023-11-15 13:48:42.991] [jointLog] [info] writing output 

