[2023-11-15 14:04:00.522] [jointLog] [info] setting maxHashResizeThreads to 10
[2023-11-15 14:04:00.522] [jointLog] [info] Fragment incompatibility prior below threshold.  Incompatible fragments will be ignored.
[2023-11-15 14:04:00.522] [jointLog] [info] Usage of --validateMappings implies use of minScoreFraction. Since not explicitly specified, it is being set to 0.65
[2023-11-15 14:04:00.522] [jointLog] [info] Setting consensusSlack to selective-alignment default of 0.35.
[2023-11-15 14:04:00.523] [jointLog] [info] parsing read library format
[2023-11-15 14:04:00.523] [jointLog] [info] There is 1 library.
[2023-11-15 14:04:00.526] [jointLog] [info] Loading pufferfish index
[2023-11-15 14:04:00.527] [jointLog] [info] Loading dense pufferfish index.
[2023-11-15 14:04:02.476] [jointLog] [info] done
[2023-11-15 14:04:02.513] [jointLog] [info] Index contained 198,540 targets
[2023-11-15 14:04:02.577] [jointLog] [info] Number of decoys : 0
[2023-11-15 14:04:03.223] [jointLog] [info] Automatically detected most likely library type as ISR

[2023-11-15 14:06:24.980] [jointLog] [info] Thread saw mini-batch with a maximum of 1.44% zero probability fragments
[2023-11-15 14:06:24.997] [jointLog] [info] Thread saw mini-batch with a maximum of 1.36% zero probability fragments
[2023-11-15 14:06:25.141] [jointLog] [info] Thread saw mini-batch with a maximum of 1.32% zero probability fragments
[2023-11-15 14:06:25.142] [jointLog] [info] Thread saw mini-batch with a maximum of 1.30% zero probability fragments
[2023-11-15 14:06:25.199] [jointLog] [info] Thread saw mini-batch with a maximum of 1.36% zero probability fragments
[2023-11-15 14:06:25.237] [jointLog] [info] Thread saw mini-batch with a maximum of 1.40% zero probability fragments
[2023-11-15 14:06:25.254] [jointLog] [info] Thread saw mini-batch with a maximum of 1.32% zero probability fragments
[2023-11-15 14:06:25.263] [jointLog] [info] Thread saw mini-batch with a maximum of 1.26% zero probability fragments
[2023-11-15 14:06:25.263] [jointLog] [info] Thread saw mini-batch with a maximum of 1.26% zero probability fragments
[2023-11-15 14:06:25.306] [jointLog] [info] Thread saw mini-batch with a maximum of 1.38% zero probability fragments
[2023-11-15 14:06:25.619] [fileLog] [info] 
At end of round 0
==================
Observed 19950990 total fragments (19950990 in most recent round)

[2023-11-15 14:06:25.617] [jointLog] [info] Computed 442,159 rich equivalence classes for further processing
[2023-11-15 14:06:25.617] [jointLog] [info] Counted 16,881,151 total reads in the equivalence classes 
[2023-11-15 14:06:25.630] [jointLog] [info] Number of mappings discarded because of alignment score : 21,596,268
[2023-11-15 14:06:25.630] [jointLog] [info] Number of fragments entirely discarded because of alignment score : 1,457,478
[2023-11-15 14:06:25.630] [jointLog] [info] Number of fragments discarded because they are best-mapped to decoys : 0
[2023-11-15 14:06:25.630] [jointLog] [info] Mapping rate = 84.6131%

[2023-11-15 14:06:25.630] [jointLog] [info] finished quantifyLibrary()
[2023-11-15 14:06:25.660] [jointLog] [info] Starting optimizer
[2023-11-15 14:06:25.895] [jointLog] [info] Marked 0 weighted equivalence classes as degenerate
[2023-11-15 14:06:25.915] [jointLog] [info] iteration = 0 | max rel diff. = 5621.82
[2023-11-15 14:06:27.818] [jointLog] [info] iteration = 100 | max rel diff. = 17.5129
[2023-11-15 14:06:29.708] [jointLog] [info] iteration = 200 | max rel diff. = 2.76185
[2023-11-15 14:06:31.558] [jointLog] [info] iteration = 300 | max rel diff. = 1.1311
[2023-11-15 14:06:33.175] [jointLog] [info] iteration = 400 | max rel diff. = 0.213337
[2023-11-15 14:06:34.804] [jointLog] [info] iteration = 500 | max rel diff. = 0.875237
[2023-11-15 14:06:36.430] [jointLog] [info] iteration = 600 | max rel diff. = 0.15969
[2023-11-15 14:06:38.039] [jointLog] [info] iteration = 700 | max rel diff. = 0.0341304
[2023-11-15 14:06:39.640] [jointLog] [info] iteration = 800 | max rel diff. = 0.216045
[2023-11-15 14:06:41.250] [jointLog] [info] iteration = 900 | max rel diff. = 1.07686
[2023-11-15 14:06:42.868] [jointLog] [info] iteration = 1,000 | max rel diff. = 0.0928118
[2023-11-15 14:06:44.491] [jointLog] [info] iteration = 1,100 | max rel diff. = 9.21299
[2023-11-15 14:06:45.240] [jointLog] [info] iteration = 1,148 | max rel diff. = 0.00779349
[2023-11-15 14:06:45.285] [jointLog] [info] Finished optimizer
[2023-11-15 14:06:45.285] [jointLog] [info] writing output 

