[2025-06-05 11:01:35.665] [jointLog] [info] setting maxHashResizeThreads to 10
[2025-06-05 11:01:35.665] [jointLog] [info] Fragment incompatibility prior below threshold.  Incompatible fragments will be ignored.
[2025-06-05 11:01:35.665] [jointLog] [info] Usage of --validateMappings implies use of minScoreFraction. Since not explicitly specified, it is being set to 0.65
[2025-06-05 11:01:35.665] [jointLog] [info] Setting consensusSlack to selective-alignment default of 0.35.
[2025-06-05 11:01:35.665] [jointLog] [info] parsing read library format
[2025-06-05 11:01:35.666] [jointLog] [info] There is 1 library.
[2025-06-05 11:01:35.669] [jointLog] [info] Loading pufferfish index
[2025-06-05 11:01:35.670] [jointLog] [info] Loading dense pufferfish index.
[2025-06-05 11:01:43.569] [jointLog] [info] done
[2025-06-05 11:01:43.608] [jointLog] [info] Index contained 198,540 targets
[2025-06-05 11:01:43.667] [jointLog] [info] Number of decoys : 0
[2025-06-05 11:01:43.803] [jointLog] [info] Automatically detected most likely library type as SF

[2025-06-05 11:02:50.442] [jointLog] [info] Thread saw mini-batch with a maximum of 99.68% zero probability fragments
[2025-06-05 11:02:50.466] [jointLog] [info] Thread saw mini-batch with a maximum of 99.42% zero probability fragments
[2025-06-05 11:02:50.466] [jointLog] [info] Thread saw mini-batch with a maximum of 99.84% zero probability fragments
[2025-06-05 11:02:50.467] [jointLog] [info] Thread saw mini-batch with a maximum of 99.70% zero probability fragments
[2025-06-05 11:02:50.474] [jointLog] [info] Thread saw mini-batch with a maximum of 99.80% zero probability fragments
[2025-06-05 11:02:50.484] [jointLog] [info] Thread saw mini-batch with a maximum of 99.90% zero probability fragments
[2025-06-05 11:02:50.496] [jointLog] [info] Thread saw mini-batch with a maximum of 99.72% zero probability fragments
[2025-06-05 11:02:50.499] [jointLog] [info] Thread saw mini-batch with a maximum of 99.74% zero probability fragments
[2025-06-05 11:02:50.504] [jointLog] [info] Thread saw mini-batch with a maximum of 99.36% zero probability fragments
[2025-06-05 11:02:50.588] [jointLog] [info] Thread saw mini-batch with a maximum of 99.76% zero probability fragments
[2025-06-05 11:02:50.886] [jointLog] [info] Computed 324,726 rich equivalence classes for further processing
[2025-06-05 11:02:50.886] [jointLog] [info] Counted 31,906,264 total reads in the equivalence classes 
[2025-06-05 11:02:50.891] [jointLog] [info] Number of mappings discarded because of alignment score : 103,513,226
[2025-06-05 11:02:50.891] [jointLog] [info] Number of fragments entirely discarded because of alignment score : 6,770,833
[2025-06-05 11:02:50.891] [jointLog] [info] Number of fragments discarded because they are best-mapped to decoys : 0
[2025-06-05 11:02:50.891] [jointLog] [info] Number of fragments discarded because they have only dovetail (discordant) mappings to valid targets : 0
[2025-06-05 11:02:50.891] [jointLog] [info] Mapping rate = 79.5082%

[2025-06-05 11:02:50.891] [jointLog] [info] finished quantifyLibrary()
[2025-06-05 11:02:50.935] [jointLog] [info] Starting optimizer
[2025-06-05 11:02:50.888] [fileLog] [info] 
At end of round 0
==================
Observed 40129524 total fragments (40129524 in most recent round)

[2025-06-05 11:02:51.133] [jointLog] [info] Marked 0 weighted equivalence classes as degenerate
[2025-06-05 11:02:51.154] [jointLog] [info] iteration = 0 | max rel diff. = 5813.59
[2025-06-05 11:02:53.255] [jointLog] [info] iteration = 100 | max rel diff. = 15.6924
[2025-06-05 11:02:55.180] [jointLog] [info] iteration = 200 | max rel diff. = 20.7085
[2025-06-05 11:02:57.123] [jointLog] [info] iteration = 300 | max rel diff. = 1.48358
[2025-06-05 11:02:59.065] [jointLog] [info] iteration = 400 | max rel diff. = 2.41611
[2025-06-05 11:03:00.948] [jointLog] [info] iteration = 500 | max rel diff. = 1.06198
[2025-06-05 11:03:02.868] [jointLog] [info] iteration = 600 | max rel diff. = 0.896488
[2025-06-05 11:03:04.831] [jointLog] [info] iteration = 700 | max rel diff. = 2.594
[2025-06-05 11:03:06.793] [jointLog] [info] iteration = 800 | max rel diff. = 0.21848
[2025-06-05 11:03:08.742] [jointLog] [info] iteration = 900 | max rel diff. = 1.36557
[2025-06-05 11:03:10.504] [jointLog] [info] iteration = 1,000 | max rel diff. = 0.0700071
[2025-06-05 11:03:12.230] [jointLog] [info] iteration = 1,100 | max rel diff. = 0.315763
[2025-06-05 11:03:13.952] [jointLog] [info] iteration = 1,200 | max rel diff. = 0.0898427
[2025-06-05 11:03:15.701] [jointLog] [info] iteration = 1,300 | max rel diff. = 0.0195494
[2025-06-05 11:03:17.591] [jointLog] [info] iteration = 1,400 | max rel diff. = 0.403044
[2025-06-05 11:03:19.490] [jointLog] [info] iteration = 1,500 | max rel diff. = 0.0158381
[2025-06-05 11:03:21.077] [jointLog] [info] iteration = 1,585 | max rel diff. = 0.00592665
[2025-06-05 11:03:21.115] [jointLog] [info] Finished optimizer
[2025-06-05 11:03:21.115] [jointLog] [info] writing output 

