[2023-11-15 13:59:17.185] [jointLog] [info] setting maxHashResizeThreads to 10
[2023-11-15 13:59:17.185] [jointLog] [info] Fragment incompatibility prior below threshold.  Incompatible fragments will be ignored.
[2023-11-15 13:59:17.185] [jointLog] [info] Usage of --validateMappings implies use of minScoreFraction. Since not explicitly specified, it is being set to 0.65
[2023-11-15 13:59:17.186] [jointLog] [info] Setting consensusSlack to selective-alignment default of 0.35.
[2023-11-15 13:59:17.186] [jointLog] [info] parsing read library format
[2023-11-15 13:59:17.186] [jointLog] [info] There is 1 library.
[2023-11-15 13:59:17.190] [jointLog] [info] Loading pufferfish index
[2023-11-15 13:59:17.192] [jointLog] [info] Loading dense pufferfish index.
[2023-11-15 13:59:19.566] [jointLog] [info] done
[2023-11-15 13:59:19.603] [jointLog] [info] Index contained 198,540 targets
[2023-11-15 13:59:19.661] [jointLog] [info] Number of decoys : 0
[2023-11-15 13:59:20.214] [jointLog] [info] Automatically detected most likely library type as ISR

[2023-11-15 14:01:42.444] [jointLog] [info] Thread saw mini-batch with a maximum of 1.12% zero probability fragments
[2023-11-15 14:01:42.531] [jointLog] [info] Thread saw mini-batch with a maximum of 1.10% zero probability fragments
[2023-11-15 14:01:42.548] [jointLog] [info] Thread saw mini-batch with a maximum of 1.18% zero probability fragments
[2023-11-15 14:01:42.585] [jointLog] [info] Thread saw mini-batch with a maximum of 1.16% zero probability fragments
[2023-11-15 14:01:42.604] [jointLog] [info] Thread saw mini-batch with a maximum of 1.18% zero probability fragments
[2023-11-15 14:01:42.614] [jointLog] [info] Thread saw mini-batch with a maximum of 1.30% zero probability fragments
[2023-11-15 14:01:42.664] [jointLog] [info] Thread saw mini-batch with a maximum of 1.24% zero probability fragments
[2023-11-15 14:01:42.691] [jointLog] [info] Thread saw mini-batch with a maximum of 1.30% zero probability fragments
[2023-11-15 14:01:42.714] [jointLog] [info] Thread saw mini-batch with a maximum of 1.18% zero probability fragments
[2023-11-15 14:01:42.736] [jointLog] [info] Thread saw mini-batch with a maximum of 1.14% zero probability fragments
[2023-11-15 14:01:43.027] [fileLog] [info] 
At end of round 0
==================
Observed 19668663 total fragments (19668663 in most recent round)

[2023-11-15 14:01:43.025] [jointLog] [info] Computed 406,785 rich equivalence classes for further processing
[2023-11-15 14:01:43.025] [jointLog] [info] Counted 16,608,489 total reads in the equivalence classes 
[2023-11-15 14:01:43.035] [jointLog] [info] Number of mappings discarded because of alignment score : 23,558,495
[2023-11-15 14:01:43.035] [jointLog] [info] Number of fragments entirely discarded because of alignment score : 1,579,494
[2023-11-15 14:01:43.035] [jointLog] [info] Number of fragments discarded because they are best-mapped to decoys : 0
[2023-11-15 14:01:43.035] [jointLog] [info] Mapping rate = 84.4414%

[2023-11-15 14:01:43.035] [jointLog] [info] finished quantifyLibrary()
[2023-11-15 14:01:43.099] [jointLog] [info] Starting optimizer
[2023-11-15 14:01:43.282] [jointLog] [info] Marked 0 weighted equivalence classes as degenerate
[2023-11-15 14:01:43.298] [jointLog] [info] iteration = 0 | max rel diff. = 5479.62
[2023-11-15 14:01:44.810] [jointLog] [info] iteration = 100 | max rel diff. = 10.1931
[2023-11-15 14:01:46.330] [jointLog] [info] iteration = 200 | max rel diff. = 1.05017
[2023-11-15 14:01:47.877] [jointLog] [info] iteration = 300 | max rel diff. = 0.993561
[2023-11-15 14:01:49.444] [jointLog] [info] iteration = 400 | max rel diff. = 0.52834
[2023-11-15 14:01:51.020] [jointLog] [info] iteration = 500 | max rel diff. = 12.2451
[2023-11-15 14:01:52.599] [jointLog] [info] iteration = 600 | max rel diff. = 0.0964354
[2023-11-15 14:01:54.176] [jointLog] [info] iteration = 700 | max rel diff. = 1.00059
[2023-11-15 14:01:55.727] [jointLog] [info] iteration = 800 | max rel diff. = 0.0475131
[2023-11-15 14:01:57.423] [jointLog] [info] iteration = 900 | max rel diff. = 0.381398
[2023-11-15 14:01:58.965] [jointLog] [info] iteration = 1,000 | max rel diff. = 0.153873
[2023-11-15 14:02:00.341] [jointLog] [info] iteration = 1,093 | max rel diff. = 0.00878738
[2023-11-15 14:02:00.382] [jointLog] [info] Finished optimizer
[2023-11-15 14:02:00.382] [jointLog] [info] writing output 

