[2023-11-15 13:54:28.506] [jointLog] [info] setting maxHashResizeThreads to 10
[2023-11-15 13:54:28.506] [jointLog] [info] Fragment incompatibility prior below threshold.  Incompatible fragments will be ignored.
[2023-11-15 13:54:28.507] [jointLog] [info] Usage of --validateMappings implies use of minScoreFraction. Since not explicitly specified, it is being set to 0.65
[2023-11-15 13:54:28.507] [jointLog] [info] Setting consensusSlack to selective-alignment default of 0.35.
[2023-11-15 13:54:28.507] [jointLog] [info] parsing read library format
[2023-11-15 13:54:28.507] [jointLog] [info] There is 1 library.
[2023-11-15 13:54:28.515] [jointLog] [info] Loading pufferfish index
[2023-11-15 13:54:28.516] [jointLog] [info] Loading dense pufferfish index.
[2023-11-15 13:54:30.579] [jointLog] [info] done
[2023-11-15 13:54:30.621] [jointLog] [info] Index contained 198,540 targets
[2023-11-15 13:54:30.680] [jointLog] [info] Number of decoys : 0
[2023-11-15 13:54:31.355] [jointLog] [info] Automatically detected most likely library type as ISR

[2023-11-15 13:56:43.829] [jointLog] [info] Thread saw mini-batch with a maximum of 1.20% zero probability fragments
[2023-11-15 13:56:43.852] [jointLog] [info] Thread saw mini-batch with a maximum of 1.30% zero probability fragments
[2023-11-15 13:56:43.892] [jointLog] [info] Thread saw mini-batch with a maximum of 1.24% zero probability fragments
[2023-11-15 13:56:43.939] [jointLog] [info] Thread saw mini-batch with a maximum of 1.20% zero probability fragments
[2023-11-15 13:56:43.953] [jointLog] [info] Thread saw mini-batch with a maximum of 1.22% zero probability fragments
[2023-11-15 13:56:43.965] [jointLog] [info] Thread saw mini-batch with a maximum of 1.40% zero probability fragments
[2023-11-15 13:56:43.967] [jointLog] [info] Thread saw mini-batch with a maximum of 1.28% zero probability fragments
[2023-11-15 13:56:43.989] [jointLog] [info] Thread saw mini-batch with a maximum of 1.16% zero probability fragments
[2023-11-15 13:56:44.025] [jointLog] [info] Thread saw mini-batch with a maximum of 1.18% zero probability fragments
[2023-11-15 13:56:44.084] [jointLog] [info] Thread saw mini-batch with a maximum of 1.26% zero probability fragments
[2023-11-15 13:56:44.321] [jointLog] [info] Computed 361,838 rich equivalence classes for further processing
[2023-11-15 13:56:44.321] [jointLog] [info] Counted 13,589,399 total reads in the equivalence classes 
[2023-11-15 13:56:44.329] [jointLog] [info] Number of mappings discarded because of alignment score : 19,590,752
[2023-11-15 13:56:44.329] [jointLog] [info] Number of fragments entirely discarded because of alignment score : 1,292,825
[2023-11-15 13:56:44.329] [jointLog] [info] Number of fragments discarded because they are best-mapped to decoys : 0
[2023-11-15 13:56:44.329] [jointLog] [info] Mapping rate = 85.0316%

[2023-11-15 13:56:44.329] [jointLog] [info] finished quantifyLibrary()
[2023-11-15 13:56:44.400] [jointLog] [info] Starting optimizer
[2023-11-15 13:56:44.535] [jointLog] [info] Marked 0 weighted equivalence classes as degenerate
[2023-11-15 13:56:44.552] [jointLog] [info] iteration = 0 | max rel diff. = 4978.63
[2023-11-15 13:56:44.323] [fileLog] [info] 
At end of round 0
==================
Observed 15981593 total fragments (15981593 in most recent round)

[2023-11-15 13:56:46.210] [jointLog] [info] iteration = 100 | max rel diff. = 12.4294
[2023-11-15 13:56:47.865] [jointLog] [info] iteration = 200 | max rel diff. = 5.97888
[2023-11-15 13:56:49.434] [jointLog] [info] iteration = 300 | max rel diff. = 5.37091
[2023-11-15 13:56:51.009] [jointLog] [info] iteration = 400 | max rel diff. = 1.25923
[2023-11-15 13:56:52.628] [jointLog] [info] iteration = 500 | max rel diff. = 0.0735893
[2023-11-15 13:56:54.385] [jointLog] [info] iteration = 600 | max rel diff. = 1.6433
[2023-11-15 13:56:55.868] [jointLog] [info] iteration = 700 | max rel diff. = 0.0755541
[2023-11-15 13:56:57.313] [jointLog] [info] iteration = 800 | max rel diff. = 0.114158
[2023-11-15 13:56:58.643] [jointLog] [info] iteration = 893 | max rel diff. = 0.00554041
[2023-11-15 13:56:58.681] [jointLog] [info] Finished optimizer
[2023-11-15 13:56:58.681] [jointLog] [info] writing output 

