[2023-11-15 13:25:28.995] [jointLog] [info] setting maxHashResizeThreads to 10
[2023-11-15 13:25:28.995] [jointLog] [info] Fragment incompatibility prior below threshold.  Incompatible fragments will be ignored.
[2023-11-15 13:25:28.996] [jointLog] [info] Usage of --validateMappings implies use of minScoreFraction. Since not explicitly specified, it is being set to 0.65
[2023-11-15 13:25:28.996] [jointLog] [info] Setting consensusSlack to selective-alignment default of 0.35.
[2023-11-15 13:25:28.996] [jointLog] [info] parsing read library format
[2023-11-15 13:25:28.996] [jointLog] [info] There is 1 library.
[2023-11-15 13:25:28.999] [jointLog] [info] Loading pufferfish index
[2023-11-15 13:25:29.000] [jointLog] [info] Loading dense pufferfish index.
[2023-11-15 13:25:31.391] [jointLog] [info] done
[2023-11-15 13:25:31.435] [jointLog] [info] Index contained 198,540 targets
[2023-11-15 13:25:31.494] [jointLog] [info] Number of decoys : 0
[2023-11-15 13:25:31.912] [jointLog] [info] Automatically detected most likely library type as ISR

[2023-11-15 13:28:49.406] [jointLog] [info] Thread saw mini-batch with a maximum of 1.24% zero probability fragments
[2023-11-15 13:28:49.427] [jointLog] [info] Thread saw mini-batch with a maximum of 1.16% zero probability fragments
[2023-11-15 13:28:49.482] [jointLog] [info] Thread saw mini-batch with a maximum of 1.16% zero probability fragments
[2023-11-15 13:28:49.497] [jointLog] [info] Thread saw mini-batch with a maximum of 1.34% zero probability fragments
[2023-11-15 13:28:49.506] [jointLog] [info] Thread saw mini-batch with a maximum of 1.32% zero probability fragments
[2023-11-15 13:28:49.525] [jointLog] [info] Thread saw mini-batch with a maximum of 1.16% zero probability fragments
[2023-11-15 13:28:49.559] [jointLog] [info] Thread saw mini-batch with a maximum of 1.08% zero probability fragments
[2023-11-15 13:28:49.563] [jointLog] [info] Thread saw mini-batch with a maximum of 1.16% zero probability fragments
[2023-11-15 13:28:49.563] [jointLog] [info] Thread saw mini-batch with a maximum of 1.12% zero probability fragments
[2023-11-15 13:28:49.573] [jointLog] [info] Thread saw mini-batch with a maximum of 1.26% zero probability fragments
[2023-11-15 13:28:49.963] [jointLog] [info] Computed 767,202 rich equivalence classes for further processing
[2023-11-15 13:28:49.963] [jointLog] [info] Counted 38,137,462 total reads in the equivalence classes 
[2023-11-15 13:28:49.971] [jointLog] [info] Number of mappings discarded because of alignment score : 35,183,054
[2023-11-15 13:28:49.971] [jointLog] [info] Number of fragments entirely discarded because of alignment score : 2,424,898
[2023-11-15 13:28:49.971] [jointLog] [info] Number of fragments discarded because they are best-mapped to decoys : 0
[2023-11-15 13:28:49.971] [jointLog] [info] Mapping rate = 91.2315%

[2023-11-15 13:28:49.971] [jointLog] [info] finished quantifyLibrary()
[2023-11-15 13:28:50.031] [jointLog] [info] Starting optimizer
[2023-11-15 13:28:49.965] [fileLog] [info] 
At end of round 0
==================
Observed 41802948 total fragments (41802948 in most recent round)

[2023-11-15 13:28:50.244] [jointLog] [info] Marked 0 weighted equivalence classes as degenerate
[2023-11-15 13:28:50.275] [jointLog] [info] iteration = 0 | max rel diff. = 4555.4
[2023-11-15 13:28:53.166] [jointLog] [info] iteration = 100 | max rel diff. = 19.6448
[2023-11-15 13:28:55.850] [jointLog] [info] iteration = 200 | max rel diff. = 5.48909
[2023-11-15 13:28:58.441] [jointLog] [info] iteration = 300 | max rel diff. = 2.20084
[2023-11-15 13:29:00.881] [jointLog] [info] iteration = 400 | max rel diff. = 0.199937
[2023-11-15 13:29:03.340] [jointLog] [info] iteration = 500 | max rel diff. = 2.26542
[2023-11-15 13:29:05.707] [jointLog] [info] iteration = 600 | max rel diff. = 1.38121
[2023-11-15 13:29:08.078] [jointLog] [info] iteration = 700 | max rel diff. = 3.03031
[2023-11-15 13:29:10.472] [jointLog] [info] iteration = 800 | max rel diff. = 0.196616
[2023-11-15 13:29:13.033] [jointLog] [info] iteration = 900 | max rel diff. = 11.0114
[2023-11-15 13:29:15.443] [jointLog] [info] iteration = 1,000 | max rel diff. = 1.28293
[2023-11-15 13:29:17.838] [jointLog] [info] iteration = 1,100 | max rel diff. = 0.0399889
[2023-11-15 13:29:19.833] [jointLog] [info] iteration = 1,181 | max rel diff. = 0.00837347
[2023-11-15 13:29:19.871] [jointLog] [info] Finished optimizer
[2023-11-15 13:29:19.871] [jointLog] [info] writing output 

