[2023-11-15 13:24:02.550] [jointLog] [info] setting maxHashResizeThreads to 10
[2023-11-15 13:24:02.550] [jointLog] [info] Fragment incompatibility prior below threshold.  Incompatible fragments will be ignored.
[2023-11-15 13:24:02.551] [jointLog] [info] Usage of --validateMappings implies use of minScoreFraction. Since not explicitly specified, it is being set to 0.65
[2023-11-15 13:24:02.551] [jointLog] [info] Setting consensusSlack to selective-alignment default of 0.35.
[2023-11-15 13:24:02.551] [jointLog] [info] parsing read library format
[2023-11-15 13:24:02.551] [jointLog] [info] There is 1 library.
[2023-11-15 13:24:02.555] [jointLog] [info] Loading pufferfish index
[2023-11-15 13:24:02.555] [jointLog] [info] Loading dense pufferfish index.
[2023-11-15 13:24:04.130] [jointLog] [info] done
[2023-11-15 13:24:04.207] [jointLog] [info] Index contained 198,540 targets
[2023-11-15 13:24:04.290] [jointLog] [info] Number of decoys : 0
[2023-11-15 13:24:04.979] [jointLog] [info] Automatically detected most likely library type as ISR

[2023-11-15 13:26:36.761] [jointLog] [info] Thread saw mini-batch with a maximum of 1.46% zero probability fragments
[2023-11-15 13:26:36.771] [jointLog] [info] Thread saw mini-batch with a maximum of 1.20% zero probability fragments
[2023-11-15 13:26:36.798] [jointLog] [info] Thread saw mini-batch with a maximum of 1.28% zero probability fragments
[2023-11-15 13:26:36.800] [jointLog] [info] Thread saw mini-batch with a maximum of 1.40% zero probability fragments
[2023-11-15 13:26:36.878] [jointLog] [info] Thread saw mini-batch with a maximum of 1.28% zero probability fragments
[2023-11-15 13:26:36.899] [jointLog] [info] Thread saw mini-batch with a maximum of 1.38% zero probability fragments
[2023-11-15 13:26:36.947] [jointLog] [info] Thread saw mini-batch with a maximum of 1.28% zero probability fragments
[2023-11-15 13:26:37.026] [jointLog] [info] Thread saw mini-batch with a maximum of 1.24% zero probability fragments
[2023-11-15 13:26:37.077] [jointLog] [info] Thread saw mini-batch with a maximum of 1.26% zero probability fragments
[2023-11-15 13:26:37.091] [jointLog] [info] Thread saw mini-batch with a maximum of 1.26% zero probability fragments
[2023-11-15 13:26:37.479] [fileLog] [info] 
At end of round 0
==================
Observed 15086481 total fragments (15086481 in most recent round)

[2023-11-15 13:26:37.478] [jointLog] [info] Computed 396,913 rich equivalence classes for further processing
[2023-11-15 13:26:37.478] [jointLog] [info] Counted 12,952,907 total reads in the equivalence classes 
[2023-11-15 13:26:37.488] [jointLog] [info] Number of mappings discarded because of alignment score : 16,537,779
[2023-11-15 13:26:37.488] [jointLog] [info] Number of fragments entirely discarded because of alignment score : 1,037,914
[2023-11-15 13:26:37.488] [jointLog] [info] Number of fragments discarded because they are best-mapped to decoys : 0
[2023-11-15 13:26:37.488] [jointLog] [info] Mapping rate = 85.8577%

[2023-11-15 13:26:37.488] [jointLog] [info] finished quantifyLibrary()
[2023-11-15 13:26:37.540] [jointLog] [info] Starting optimizer
[2023-11-15 13:26:37.713] [jointLog] [info] Marked 0 weighted equivalence classes as degenerate
[2023-11-15 13:26:37.733] [jointLog] [info] iteration = 0 | max rel diff. = 4825.37
[2023-11-15 13:26:39.673] [jointLog] [info] iteration = 100 | max rel diff. = 20.0839
[2023-11-15 13:26:41.575] [jointLog] [info] iteration = 200 | max rel diff. = 8.06152
[2023-11-15 13:26:43.495] [jointLog] [info] iteration = 300 | max rel diff. = 6.30494
[2023-11-15 13:26:45.394] [jointLog] [info] iteration = 400 | max rel diff. = 0.786644
[2023-11-15 13:26:47.291] [jointLog] [info] iteration = 500 | max rel diff. = 0.726219
[2023-11-15 13:26:49.183] [jointLog] [info] iteration = 600 | max rel diff. = 0.493723
[2023-11-15 13:26:51.070] [jointLog] [info] iteration = 700 | max rel diff. = 0.076847
[2023-11-15 13:26:52.482] [jointLog] [info] iteration = 775 | max rel diff. = 0.0068959
[2023-11-15 13:26:52.514] [jointLog] [info] Finished optimizer
[2023-11-15 13:26:52.514] [jointLog] [info] writing output 

