[2025-06-04 13:54:49.157] [jointLog] [info] setting maxHashResizeThreads to 10
[2025-06-04 13:54:49.157] [jointLog] [info] Fragment incompatibility prior below threshold.  Incompatible fragments will be ignored.
[2025-06-04 13:54:49.158] [jointLog] [info] Usage of --validateMappings implies use of minScoreFraction. Since not explicitly specified, it is being set to 0.65
[2025-06-04 13:54:49.158] [jointLog] [info] Setting consensusSlack to selective-alignment default of 0.35.
[2025-06-04 13:54:49.158] [jointLog] [info] parsing read library format
[2025-06-04 13:54:49.158] [jointLog] [info] There is 1 library.
[2025-06-04 13:54:49.162] [jointLog] [info] Loading pufferfish index
[2025-06-04 13:54:49.163] [jointLog] [info] Loading dense pufferfish index.
[2025-06-04 13:54:51.019] [jointLog] [info] done
[2025-06-04 13:54:51.058] [jointLog] [info] Index contained 198,540 targets
[2025-06-04 13:54:51.116] [jointLog] [info] Number of decoys : 0
[2025-06-04 13:54:51.642] [jointLog] [info] Automatically detected most likely library type as ISR

[2025-06-04 13:59:44.030] [jointLog] [info] Thread saw mini-batch with a maximum of 1.76% zero probability fragments
[2025-06-04 13:59:44.074] [jointLog] [info] Thread saw mini-batch with a maximum of 1.68% zero probability fragments
[2025-06-04 13:59:44.119] [jointLog] [info] Thread saw mini-batch with a maximum of 1.62% zero probability fragments
[2025-06-04 13:59:44.164] [jointLog] [info] Thread saw mini-batch with a maximum of 1.58% zero probability fragments
[2025-06-04 13:59:44.172] [jointLog] [info] Thread saw mini-batch with a maximum of 3.20% zero probability fragments
[2025-06-04 13:59:44.177] [jointLog] [info] Thread saw mini-batch with a maximum of 1.58% zero probability fragments
[2025-06-04 13:59:44.201] [jointLog] [info] Thread saw mini-batch with a maximum of 2.58% zero probability fragments
[2025-06-04 13:59:44.241] [jointLog] [info] Thread saw mini-batch with a maximum of 2.14% zero probability fragments
[2025-06-04 13:59:44.262] [jointLog] [info] Thread saw mini-batch with a maximum of 1.68% zero probability fragments
[2025-06-04 13:59:44.293] [jointLog] [info] Thread saw mini-batch with a maximum of 1.72% zero probability fragments
[2025-06-04 13:59:44.606] [fileLog] [info] 
At end of round 0
==================
Observed 48593516 total fragments (48593516 in most recent round)

[2025-06-04 13:59:44.605] [jointLog] [info] Computed 471,821 rich equivalence classes for further processing
[2025-06-04 13:59:44.605] [jointLog] [info] Counted 37,516,232 total reads in the equivalence classes 
[2025-06-04 13:59:44.614] [jointLog] [info] Number of mappings discarded because of alignment score : 58,425,037
[2025-06-04 13:59:44.614] [jointLog] [info] Number of fragments entirely discarded because of alignment score : 5,144,348
[2025-06-04 13:59:44.614] [jointLog] [info] Number of fragments discarded because they are best-mapped to decoys : 0
[2025-06-04 13:59:44.614] [jointLog] [info] Mapping rate = 77.2042%

[2025-06-04 13:59:44.614] [jointLog] [info] finished quantifyLibrary()
[2025-06-04 13:59:44.616] [jointLog] [info] Starting optimizer
[2025-06-04 13:59:44.821] [jointLog] [info] Marked 0 weighted equivalence classes as degenerate
[2025-06-04 13:59:44.841] [jointLog] [info] iteration = 0 | max rel diff. = 4698.84
[2025-06-04 13:59:46.837] [jointLog] [info] iteration = 100 | max rel diff. = 17.1407
[2025-06-04 13:59:48.848] [jointLog] [info] iteration = 200 | max rel diff. = 9.13525
[2025-06-04 13:59:50.581] [jointLog] [info] iteration = 300 | max rel diff. = 9.69906
[2025-06-04 13:59:52.287] [jointLog] [info] iteration = 400 | max rel diff. = 0.286627
[2025-06-04 13:59:54.077] [jointLog] [info] iteration = 500 | max rel diff. = 0.227156
[2025-06-04 13:59:55.738] [jointLog] [info] iteration = 600 | max rel diff. = 0.147683
[2025-06-04 13:59:57.398] [jointLog] [info] iteration = 700 | max rel diff. = 0.207793
[2025-06-04 13:59:59.060] [jointLog] [info] iteration = 800 | max rel diff. = 0.295757
[2025-06-04 14:00:00.698] [jointLog] [info] iteration = 900 | max rel diff. = 0.288543
[2025-06-04 14:00:02.304] [jointLog] [info] iteration = 1,000 | max rel diff. = 0.063766
[2025-06-04 14:00:03.187] [jointLog] [info] iteration = 1,052 | max rel diff. = 0.00527195
[2025-06-04 14:00:03.218] [jointLog] [info] Finished optimizer
[2025-06-04 14:00:03.218] [jointLog] [info] writing output 

