[2023-11-15 14:01:24.444] [jointLog] [info] setting maxHashResizeThreads to 10
[2023-11-15 14:01:24.444] [jointLog] [info] Fragment incompatibility prior below threshold.  Incompatible fragments will be ignored.
[2023-11-15 14:01:24.445] [jointLog] [info] Usage of --validateMappings implies use of minScoreFraction. Since not explicitly specified, it is being set to 0.65
[2023-11-15 14:01:24.445] [jointLog] [info] Setting consensusSlack to selective-alignment default of 0.35.
[2023-11-15 14:01:24.445] [jointLog] [info] parsing read library format
[2023-11-15 14:01:24.445] [jointLog] [info] There is 1 library.
[2023-11-15 14:01:24.448] [jointLog] [info] Loading pufferfish index
[2023-11-15 14:01:24.449] [jointLog] [info] Loading dense pufferfish index.
[2023-11-15 14:01:26.123] [jointLog] [info] done
[2023-11-15 14:01:26.164] [jointLog] [info] Index contained 198,540 targets
[2023-11-15 14:01:26.230] [jointLog] [info] Number of decoys : 0
[2023-11-15 14:01:26.760] [jointLog] [info] Automatically detected most likely library type as ISR

[2023-11-15 14:03:52.409] [jointLog] [info] Thread saw mini-batch with a maximum of 1.32% zero probability fragments
[2023-11-15 14:03:52.415] [jointLog] [info] Thread saw mini-batch with a maximum of 1.34% zero probability fragments
[2023-11-15 14:03:52.425] [jointLog] [info] Thread saw mini-batch with a maximum of 1.38% zero probability fragments
[2023-11-15 14:03:52.431] [jointLog] [info] Thread saw mini-batch with a maximum of 1.24% zero probability fragments
[2023-11-15 14:03:52.460] [jointLog] [info] Thread saw mini-batch with a maximum of 1.32% zero probability fragments
[2023-11-15 14:03:52.483] [jointLog] [info] Thread saw mini-batch with a maximum of 1.26% zero probability fragments
[2023-11-15 14:03:52.555] [jointLog] [info] Thread saw mini-batch with a maximum of 1.34% zero probability fragments
[2023-11-15 14:03:52.580] [jointLog] [info] Thread saw mini-batch with a maximum of 1.30% zero probability fragments
[2023-11-15 14:03:52.659] [jointLog] [info] Thread saw mini-batch with a maximum of 1.32% zero probability fragments
[2023-11-15 14:03:52.694] [jointLog] [info] Thread saw mini-batch with a maximum of 1.26% zero probability fragments
[2023-11-15 14:03:52.911] [jointLog] [info] Computed 445,932 rich equivalence classes for further processing
[2023-11-15 14:03:52.911] [jointLog] [info] Counted 17,983,059 total reads in the equivalence classes 
[2023-11-15 14:03:52.921] [jointLog] [info] Number of mappings discarded because of alignment score : 21,334,330
[2023-11-15 14:03:52.921] [jointLog] [info] Number of fragments entirely discarded because of alignment score : 1,428,373
[2023-11-15 14:03:52.921] [jointLog] [info] Number of fragments discarded because they are best-mapped to decoys : 0
[2023-11-15 14:03:52.921] [jointLog] [info] Mapping rate = 86.3697%

[2023-11-15 14:03:52.921] [jointLog] [info] finished quantifyLibrary()
[2023-11-15 14:03:53.010] [jointLog] [info] Starting optimizer
[2023-11-15 14:03:53.212] [jointLog] [info] Marked 0 weighted equivalence classes as degenerate
[2023-11-15 14:03:53.233] [jointLog] [info] iteration = 0 | max rel diff. = 5768.09
[2023-11-15 14:03:52.912] [fileLog] [info] 
At end of round 0
==================
Observed 20821016 total fragments (20821016 in most recent round)

[2023-11-15 14:03:54.872] [jointLog] [info] iteration = 100 | max rel diff. = 15.7256
[2023-11-15 14:03:56.469] [jointLog] [info] iteration = 200 | max rel diff. = 3.28911
[2023-11-15 14:03:58.077] [jointLog] [info] iteration = 300 | max rel diff. = 8.67033
[2023-11-15 14:03:59.692] [jointLog] [info] iteration = 400 | max rel diff. = 4.04376
[2023-11-15 14:04:01.309] [jointLog] [info] iteration = 500 | max rel diff. = 0.884087
[2023-11-15 14:04:02.933] [jointLog] [info] iteration = 600 | max rel diff. = 0.178794
[2023-11-15 14:04:04.522] [jointLog] [info] iteration = 700 | max rel diff. = 0.18606
[2023-11-15 14:04:06.117] [jointLog] [info] iteration = 800 | max rel diff. = 1.67963
[2023-11-15 14:04:07.726] [jointLog] [info] iteration = 900 | max rel diff. = 0.0167729
[2023-11-15 14:04:09.336] [jointLog] [info] iteration = 1,000 | max rel diff. = 0.0156517
[2023-11-15 14:04:10.924] [jointLog] [info] iteration = 1,100 | max rel diff. = 0.0807475
[2023-11-15 14:04:12.044] [jointLog] [info] iteration = 1,171 | max rel diff. = 0.00510116
[2023-11-15 14:04:12.087] [jointLog] [info] Finished optimizer
[2023-11-15 14:04:12.087] [jointLog] [info] writing output 

