[2025-08-07 14:33:32.670] [jointLog] [info] setting maxHashResizeThreads to 10
[2025-08-07 14:33:32.670] [jointLog] [info] Fragment incompatibility prior below threshold.  Incompatible fragments will be ignored.
[2025-08-07 14:33:32.671] [jointLog] [info] Usage of --validateMappings implies use of minScoreFraction. Since not explicitly specified, it is being set to 0.65
[2025-08-07 14:33:32.671] [jointLog] [info] Setting consensusSlack to selective-alignment default of 0.35.
[2025-08-07 14:33:32.671] [jointLog] [info] parsing read library format
[2025-08-07 14:33:32.671] [jointLog] [info] There is 1 library.
[2025-08-07 14:33:32.674] [jointLog] [info] Loading pufferfish index
[2025-08-07 14:33:32.675] [jointLog] [info] Loading dense pufferfish index.
[2025-08-07 14:33:35.701] [jointLog] [info] done
[2025-08-07 14:33:35.779] [jointLog] [info] Index contained 198,540 targets
[2025-08-07 14:33:35.865] [jointLog] [info] Number of decoys : 0
[2025-08-07 14:33:36.676] [jointLog] [info] Automatically detected most likely library type as ISR

[2025-08-07 14:40:18.023] [jointLog] [info] Thread saw mini-batch with a maximum of 0.66% zero probability fragments
[2025-08-07 14:40:18.062] [jointLog] [info] Thread saw mini-batch with a maximum of 0.86% zero probability fragments
[2025-08-07 14:40:18.069] [jointLog] [info] Thread saw mini-batch with a maximum of 0.66% zero probability fragments
[2025-08-07 14:40:18.125] [jointLog] [info] Thread saw mini-batch with a maximum of 0.64% zero probability fragments
[2025-08-07 14:40:18.143] [jointLog] [info] Thread saw mini-batch with a maximum of 0.62% zero probability fragments
[2025-08-07 14:40:18.145] [jointLog] [info] Thread saw mini-batch with a maximum of 0.82% zero probability fragments
[2025-08-07 14:40:18.256] [jointLog] [info] Thread saw mini-batch with a maximum of 0.68% zero probability fragments
[2025-08-07 14:40:18.282] [jointLog] [info] Thread saw mini-batch with a maximum of 0.66% zero probability fragments
[2025-08-07 14:40:18.288] [jointLog] [info] Thread saw mini-batch with a maximum of 0.68% zero probability fragments
[2025-08-07 14:40:18.353] [jointLog] [info] Thread saw mini-batch with a maximum of 0.64% zero probability fragments
[2025-08-07 14:40:18.684] [fileLog] [info] 
At end of round 0
==================
Observed 58630690 total fragments (58630690 in most recent round)

[2025-08-07 14:40:18.683] [jointLog] [info] Computed 402,120 rich equivalence classes for further processing
[2025-08-07 14:40:18.683] [jointLog] [info] Counted 27,729,822 total reads in the equivalence classes 
[2025-08-07 14:40:18.691] [jointLog] [info] Number of mappings discarded because of alignment score : 22,660,762
[2025-08-07 14:40:18.691] [jointLog] [info] Number of fragments entirely discarded because of alignment score : 1,764,213
[2025-08-07 14:40:18.691] [jointLog] [info] Number of fragments discarded because they are best-mapped to decoys : 0
[2025-08-07 14:40:18.691] [jointLog] [info] Mapping rate = 47.2957%

[2025-08-07 14:40:18.691] [jointLog] [info] finished quantifyLibrary()
[2025-08-07 14:40:18.693] [jointLog] [info] Starting optimizer
[2025-08-07 14:40:18.848] [jointLog] [info] Marked 0 weighted equivalence classes as degenerate
[2025-08-07 14:40:18.867] [jointLog] [info] iteration = 0 | max rel diff. = 6134.91
[2025-08-07 14:40:20.711] [jointLog] [info] iteration = 100 | max rel diff. = 16.8153
[2025-08-07 14:40:22.568] [jointLog] [info] iteration = 200 | max rel diff. = 1.98349
[2025-08-07 14:40:24.465] [jointLog] [info] iteration = 300 | max rel diff. = 0.611921
[2025-08-07 14:40:26.362] [jointLog] [info] iteration = 400 | max rel diff. = 2.7312
[2025-08-07 14:40:28.259] [jointLog] [info] iteration = 500 | max rel diff. = 0.249703
[2025-08-07 14:40:30.155] [jointLog] [info] iteration = 600 | max rel diff. = 0.115899
[2025-08-07 14:40:32.052] [jointLog] [info] iteration = 700 | max rel diff. = 6.72847
[2025-08-07 14:40:33.949] [jointLog] [info] iteration = 800 | max rel diff. = 0.119074
[2025-08-07 14:40:35.845] [jointLog] [info] iteration = 900 | max rel diff. = 3.73539
[2025-08-07 14:40:37.741] [jointLog] [info] iteration = 1,000 | max rel diff. = 0.019795
[2025-08-07 14:40:39.636] [jointLog] [info] iteration = 1,100 | max rel diff. = 0.0956569
[2025-08-07 14:40:41.532] [jointLog] [info] iteration = 1,200 | max rel diff. = 0.0627795
[2025-08-07 14:40:42.138] [jointLog] [info] iteration = 1,233 | max rel diff. = 0.00540547
[2025-08-07 14:40:42.170] [jointLog] [info] Finished optimizer
[2025-08-07 14:40:42.170] [jointLog] [info] writing output 

