[2023-11-15 13:25:13.380] [jointLog] [info] setting maxHashResizeThreads to 10
[2023-11-15 13:25:13.380] [jointLog] [info] Fragment incompatibility prior below threshold.  Incompatible fragments will be ignored.
[2023-11-15 13:25:13.380] [jointLog] [info] Usage of --validateMappings implies use of minScoreFraction. Since not explicitly specified, it is being set to 0.65
[2023-11-15 13:25:13.381] [jointLog] [info] Setting consensusSlack to selective-alignment default of 0.35.
[2023-11-15 13:25:13.381] [jointLog] [info] parsing read library format
[2023-11-15 13:25:13.381] [jointLog] [info] There is 1 library.
[2023-11-15 13:25:13.387] [jointLog] [info] Loading pufferfish index
[2023-11-15 13:25:13.388] [jointLog] [info] Loading dense pufferfish index.
[2023-11-15 13:25:16.321] [jointLog] [info] done
[2023-11-15 13:25:16.361] [jointLog] [info] Index contained 198,540 targets
[2023-11-15 13:25:16.420] [jointLog] [info] Number of decoys : 0
[2023-11-15 13:25:16.988] [jointLog] [info] Automatically detected most likely library type as ISR

[2023-11-15 13:27:18.961] [jointLog] [info] Thread saw mini-batch with a maximum of 1.20% zero probability fragments
[2023-11-15 13:27:19.001] [jointLog] [info] Thread saw mini-batch with a maximum of 1.20% zero probability fragments
[2023-11-15 13:27:19.017] [jointLog] [info] Thread saw mini-batch with a maximum of 1.26% zero probability fragments
[2023-11-15 13:27:19.054] [jointLog] [info] Thread saw mini-batch with a maximum of 1.22% zero probability fragments
[2023-11-15 13:27:19.068] [jointLog] [info] Thread saw mini-batch with a maximum of 1.30% zero probability fragments
[2023-11-15 13:27:19.068] [jointLog] [info] Thread saw mini-batch with a maximum of 1.32% zero probability fragments
[2023-11-15 13:27:19.108] [jointLog] [info] Thread saw mini-batch with a maximum of 1.26% zero probability fragments
[2023-11-15 13:27:19.115] [jointLog] [info] Thread saw mini-batch with a maximum of 1.34% zero probability fragments
[2023-11-15 13:27:19.181] [jointLog] [info] Thread saw mini-batch with a maximum of 1.20% zero probability fragments
[2023-11-15 13:27:19.224] [jointLog] [info] Thread saw mini-batch with a maximum of 1.26% zero probability fragments
[2023-11-15 13:27:19.484] [fileLog] [info] 
At end of round 0
==================
Observed 16772312 total fragments (16772312 in most recent round)

[2023-11-15 13:27:19.482] [jointLog] [info] Computed 394,132 rich equivalence classes for further processing
[2023-11-15 13:27:19.482] [jointLog] [info] Counted 14,131,238 total reads in the equivalence classes 
[2023-11-15 13:27:19.492] [jointLog] [info] Number of mappings discarded because of alignment score : 22,893,052
[2023-11-15 13:27:19.492] [jointLog] [info] Number of fragments entirely discarded because of alignment score : 1,384,390
[2023-11-15 13:27:19.492] [jointLog] [info] Number of fragments discarded because they are best-mapped to decoys : 0
[2023-11-15 13:27:19.492] [jointLog] [info] Mapping rate = 84.2534%

[2023-11-15 13:27:19.492] [jointLog] [info] finished quantifyLibrary()
[2023-11-15 13:27:19.510] [jointLog] [info] Starting optimizer
[2023-11-15 13:27:19.699] [jointLog] [info] Marked 0 weighted equivalence classes as degenerate
[2023-11-15 13:27:19.717] [jointLog] [info] iteration = 0 | max rel diff. = 5101.99
[2023-11-15 13:27:21.461] [jointLog] [info] iteration = 100 | max rel diff. = 8.80348
[2023-11-15 13:27:23.105] [jointLog] [info] iteration = 200 | max rel diff. = 5.72068
[2023-11-15 13:27:24.767] [jointLog] [info] iteration = 300 | max rel diff. = 12.3477
[2023-11-15 13:27:26.513] [jointLog] [info] iteration = 400 | max rel diff. = 0.53853
[2023-11-15 13:27:28.197] [jointLog] [info] iteration = 500 | max rel diff. = 0.59605
[2023-11-15 13:27:29.843] [jointLog] [info] iteration = 600 | max rel diff. = 2.28118
[2023-11-15 13:27:31.446] [jointLog] [info] iteration = 700 | max rel diff. = 0.0262919
[2023-11-15 13:27:33.049] [jointLog] [info] iteration = 800 | max rel diff. = 0.0648676
[2023-11-15 13:27:34.720] [jointLog] [info] iteration = 900 | max rel diff. = 1.11571
[2023-11-15 13:27:36.390] [jointLog] [info] iteration = 1,000 | max rel diff. = 0.155552
[2023-11-15 13:27:37.288] [jointLog] [info] iteration = 1,055 | max rel diff. = 0.00823887
[2023-11-15 13:27:37.326] [jointLog] [info] Finished optimizer
[2023-11-15 13:27:37.326] [jointLog] [info] writing output 

