[2023-11-15 14:09:47.648] [jointLog] [info] setting maxHashResizeThreads to 10
[2023-11-15 14:09:47.648] [jointLog] [info] Fragment incompatibility prior below threshold.  Incompatible fragments will be ignored.
[2023-11-15 14:09:47.648] [jointLog] [info] Usage of --validateMappings implies use of minScoreFraction. Since not explicitly specified, it is being set to 0.65
[2023-11-15 14:09:47.648] [jointLog] [info] Setting consensusSlack to selective-alignment default of 0.35.
[2023-11-15 14:09:47.648] [jointLog] [info] parsing read library format
[2023-11-15 14:09:47.648] [jointLog] [info] There is 1 library.
[2023-11-15 14:09:47.768] [jointLog] [info] Loading pufferfish index
[2023-11-15 14:09:47.775] [jointLog] [info] Loading dense pufferfish index.
[2023-11-15 14:09:59.782] [jointLog] [info] done
[2023-11-15 14:09:59.824] [jointLog] [info] Index contained 198,540 targets
[2023-11-15 14:09:59.884] [jointLog] [info] Number of decoys : 0
[2023-11-15 14:10:00.204] [jointLog] [info] Automatically detected most likely library type as SF

[2023-11-15 14:10:20.763] [jointLog] [info] Thread saw mini-batch with a maximum of 20.22% zero probability fragments
[2023-11-15 14:10:20.781] [jointLog] [info] Thread saw mini-batch with a maximum of 56.30% zero probability fragments
[2023-11-15 14:10:20.785] [jointLog] [info] Thread saw mini-batch with a maximum of 46.68% zero probability fragments
[2023-11-15 14:10:20.805] [jointLog] [info] Thread saw mini-batch with a maximum of 53.62% zero probability fragments
[2023-11-15 14:10:20.806] [jointLog] [info] Thread saw mini-batch with a maximum of 39.94% zero probability fragments
[2023-11-15 14:10:20.822] [jointLog] [info] Thread saw mini-batch with a maximum of 56.48% zero probability fragments
[2023-11-15 14:10:20.822] [jointLog] [info] Thread saw mini-batch with a maximum of 2.30% zero probability fragments
[2023-11-15 14:10:20.823] [jointLog] [info] Thread saw mini-batch with a maximum of 5.90% zero probability fragments
[2023-11-15 14:10:20.826] [jointLog] [info] Thread saw mini-batch with a maximum of 56.32% zero probability fragments
[2023-11-15 14:10:20.846] [jointLog] [info] Thread saw mini-batch with a maximum of 15.08% zero probability fragments
[2023-11-15 14:10:20.984] [jointLog] [info] Computed 208,573 rich equivalence classes for further processing
[2023-11-15 14:10:20.984] [jointLog] [info] Counted 7,335,275 total reads in the equivalence classes 
[2023-11-15 14:10:20.989] [jointLog] [info] Number of mappings discarded because of alignment score : 29,834,256
[2023-11-15 14:10:20.989] [jointLog] [info] Number of fragments entirely discarded because of alignment score : 369,100
[2023-11-15 14:10:20.989] [jointLog] [info] Number of fragments discarded because they are best-mapped to decoys : 0
[2023-11-15 14:10:20.989] [jointLog] [info] Number of fragments discarded because they have only dovetail (discordant) mappings to valid targets : 0
[2023-11-15 14:10:20.989] [jointLog] [info] Mapping rate = 84.8259%

[2023-11-15 14:10:20.989] [jointLog] [info] finished quantifyLibrary()
[2023-11-15 14:10:20.997] [jointLog] [info] Starting optimizer
[2023-11-15 14:10:21.142] [jointLog] [info] Marked 0 weighted equivalence classes as degenerate
[2023-11-15 14:10:21.160] [jointLog] [info] iteration = 0 | max rel diff. = 3150.69
[2023-11-15 14:10:20.985] [fileLog] [info] 
At end of round 0
==================
Observed 8647450 total fragments (8647450 in most recent round)

[2023-11-15 14:10:22.870] [jointLog] [info] iteration = 100 | max rel diff. = 14.0934
[2023-11-15 14:10:24.655] [jointLog] [info] iteration = 200 | max rel diff. = 2.66029
[2023-11-15 14:10:26.336] [jointLog] [info] iteration = 300 | max rel diff. = 2.34631
[2023-11-15 14:10:27.925] [jointLog] [info] iteration = 400 | max rel diff. = 3.16203
[2023-11-15 14:10:29.484] [jointLog] [info] iteration = 500 | max rel diff. = 0.3221
[2023-11-15 14:10:31.063] [jointLog] [info] iteration = 600 | max rel diff. = 0.0843231
[2023-11-15 14:10:32.641] [jointLog] [info] iteration = 700 | max rel diff. = 0.124382
[2023-11-15 14:10:34.221] [jointLog] [info] iteration = 800 | max rel diff. = 1.36843
[2023-11-15 14:10:35.809] [jointLog] [info] iteration = 900 | max rel diff. = 0.0984899
[2023-11-15 14:10:37.353] [jointLog] [info] iteration = 1,000 | max rel diff. = 0.0336367
[2023-11-15 14:10:38.946] [jointLog] [info] iteration = 1,100 | max rel diff. = 0.0374891
[2023-11-15 14:10:39.800] [jointLog] [info] iteration = 1,155 | max rel diff. = 0.00250406
[2023-11-15 14:10:39.827] [jointLog] [info] Finished optimizer
[2023-11-15 14:10:39.827] [jointLog] [info] writing output 

