[2023-11-15 13:25:35.743] [jointLog] [info] setting maxHashResizeThreads to 10
[2023-11-15 13:25:35.743] [jointLog] [info] Fragment incompatibility prior below threshold.  Incompatible fragments will be ignored.
[2023-11-15 13:25:35.743] [jointLog] [info] Usage of --validateMappings implies use of minScoreFraction. Since not explicitly specified, it is being set to 0.65
[2023-11-15 13:25:35.744] [jointLog] [info] Setting consensusSlack to selective-alignment default of 0.35.
[2023-11-15 13:25:35.744] [jointLog] [info] parsing read library format
[2023-11-15 13:25:35.744] [jointLog] [info] There is 1 library.
[2023-11-15 13:25:35.747] [jointLog] [info] Loading pufferfish index
[2023-11-15 13:25:35.748] [jointLog] [info] Loading dense pufferfish index.
[2023-11-15 13:25:39.039] [jointLog] [info] done
[2023-11-15 13:25:39.149] [jointLog] [info] Index contained 198,540 targets
[2023-11-15 13:25:39.298] [jointLog] [info] Number of decoys : 0
[2023-11-15 13:25:40.349] [jointLog] [info] Automatically detected most likely library type as ISR

[2023-11-15 13:28:37.143] [jointLog] [info] Thread saw mini-batch with a maximum of 1.24% zero probability fragments
[2023-11-15 13:28:37.165] [jointLog] [info] Thread saw mini-batch with a maximum of 1.24% zero probability fragments
[2023-11-15 13:28:37.220] [jointLog] [info] Thread saw mini-batch with a maximum of 1.28% zero probability fragments
[2023-11-15 13:28:37.316] [jointLog] [info] Thread saw mini-batch with a maximum of 1.24% zero probability fragments
[2023-11-15 13:28:37.329] [jointLog] [info] Thread saw mini-batch with a maximum of 1.28% zero probability fragments
[2023-11-15 13:28:37.350] [jointLog] [info] Thread saw mini-batch with a maximum of 1.34% zero probability fragments
[2023-11-15 13:28:37.476] [jointLog] [info] Thread saw mini-batch with a maximum of 1.32% zero probability fragments
[2023-11-15 13:28:37.512] [jointLog] [info] Thread saw mini-batch with a maximum of 1.26% zero probability fragments
[2023-11-15 13:28:37.566] [jointLog] [info] Thread saw mini-batch with a maximum of 1.20% zero probability fragments
[2023-11-15 13:28:37.736] [jointLog] [info] Thread saw mini-batch with a maximum of 1.20% zero probability fragments
[2023-11-15 13:28:38.083] [jointLog] [info] Computed 386,856 rich equivalence classes for further processing
[2023-11-15 13:28:38.083] [jointLog] [info] Counted 13,652,935 total reads in the equivalence classes 
[2023-11-15 13:28:38.092] [jointLog] [info] Number of mappings discarded because of alignment score : 17,537,052
[2023-11-15 13:28:38.092] [jointLog] [info] Number of fragments entirely discarded because of alignment score : 1,127,164
[2023-11-15 13:28:38.092] [jointLog] [info] Number of fragments discarded because they are best-mapped to decoys : 0
[2023-11-15 13:28:38.092] [jointLog] [info] Mapping rate = 85.0803%

[2023-11-15 13:28:38.092] [jointLog] [info] finished quantifyLibrary()
[2023-11-15 13:28:38.117] [jointLog] [info] Starting optimizer
[2023-11-15 13:28:38.372] [jointLog] [info] Marked 0 weighted equivalence classes as degenerate
[2023-11-15 13:28:38.404] [jointLog] [info] iteration = 0 | max rel diff. = 4995.33
[2023-11-15 13:28:38.084] [fileLog] [info] 
At end of round 0
==================
Observed 16047119 total fragments (16047119 in most recent round)

[2023-11-15 13:28:40.753] [jointLog] [info] iteration = 100 | max rel diff. = 6.68255
[2023-11-15 13:28:42.899] [jointLog] [info] iteration = 200 | max rel diff. = 3.16239
[2023-11-15 13:28:45.182] [jointLog] [info] iteration = 300 | max rel diff. = 4.09143
[2023-11-15 13:28:47.318] [jointLog] [info] iteration = 400 | max rel diff. = 0.441633
[2023-11-15 13:28:49.456] [jointLog] [info] iteration = 500 | max rel diff. = 0.396573
[2023-11-15 13:28:51.591] [jointLog] [info] iteration = 600 | max rel diff. = 0.219587
[2023-11-15 13:28:53.726] [jointLog] [info] iteration = 700 | max rel diff. = 0.0534529
[2023-11-15 13:28:55.861] [jointLog] [info] iteration = 800 | max rel diff. = 0.158952
[2023-11-15 13:28:57.995] [jointLog] [info] iteration = 900 | max rel diff. = 0.036165
[2023-11-15 13:28:59.019] [jointLog] [info] iteration = 949 | max rel diff. = 0.00272366
[2023-11-15 13:28:59.040] [jointLog] [info] Finished optimizer
[2023-11-15 13:28:59.040] [jointLog] [info] writing output 

