[2025-06-04 13:54:49.141] [jointLog] [info] setting maxHashResizeThreads to 10
[2025-06-04 13:54:49.141] [jointLog] [info] Fragment incompatibility prior below threshold.  Incompatible fragments will be ignored.
[2025-06-04 13:54:49.142] [jointLog] [info] Usage of --validateMappings implies use of minScoreFraction. Since not explicitly specified, it is being set to 0.65
[2025-06-04 13:54:49.142] [jointLog] [info] Setting consensusSlack to selective-alignment default of 0.35.
[2025-06-04 13:54:49.142] [jointLog] [info] parsing read library format
[2025-06-04 13:54:49.142] [jointLog] [info] There is 1 library.
[2025-06-04 13:54:49.150] [jointLog] [info] Loading pufferfish index
[2025-06-04 13:54:49.152] [jointLog] [info] Loading dense pufferfish index.
[2025-06-04 13:54:50.835] [jointLog] [info] done
[2025-06-04 13:54:50.876] [jointLog] [info] Index contained 198,540 targets
[2025-06-04 13:54:50.935] [jointLog] [info] Number of decoys : 0
[2025-06-04 13:54:51.440] [jointLog] [info] Automatically detected most likely library type as ISR

[2025-06-04 13:59:06.584] [jointLog] [info] Thread saw mini-batch with a maximum of 1.82% zero probability fragments
[2025-06-04 13:59:06.588] [jointLog] [info] Thread saw mini-batch with a maximum of 1.54% zero probability fragments
[2025-06-04 13:59:06.597] [jointLog] [info] Thread saw mini-batch with a maximum of 2.64% zero probability fragments
[2025-06-04 13:59:06.614] [jointLog] [info] Thread saw mini-batch with a maximum of 1.44% zero probability fragments
[2025-06-04 13:59:06.623] [jointLog] [info] Thread saw mini-batch with a maximum of 1.46% zero probability fragments
[2025-06-04 13:59:06.641] [jointLog] [info] Thread saw mini-batch with a maximum of 1.76% zero probability fragments
[2025-06-04 13:59:06.642] [jointLog] [info] Thread saw mini-batch with a maximum of 1.48% zero probability fragments
[2025-06-04 13:59:06.691] [jointLog] [info] Thread saw mini-batch with a maximum of 1.54% zero probability fragments
[2025-06-04 13:59:06.741] [jointLog] [info] Thread saw mini-batch with a maximum of 1.62% zero probability fragments
[2025-06-04 13:59:06.832] [jointLog] [info] Thread saw mini-batch with a maximum of 1.48% zero probability fragments
[2025-06-04 13:59:07.131] [jointLog] [info] Computed 447,317 rich equivalence classes for further processing
[2025-06-04 13:59:07.131] [jointLog] [info] Counted 29,326,819 total reads in the equivalence classes 
[2025-06-04 13:59:07.140] [jointLog] [info] Number of mappings discarded because of alignment score : 52,837,947
[2025-06-04 13:59:07.140] [jointLog] [info] Number of fragments entirely discarded because of alignment score : 4,746,276
[2025-06-04 13:59:07.140] [jointLog] [info] Number of fragments discarded because they are best-mapped to decoys : 0
[2025-06-04 13:59:07.140] [jointLog] [info] Mapping rate = 73.7586%

[2025-06-04 13:59:07.140] [jointLog] [info] finished quantifyLibrary()
[2025-06-04 13:59:07.164] [jointLog] [info] Starting optimizer
[2025-06-04 13:59:07.133] [fileLog] [info] 
At end of round 0
==================
Observed 39760520 total fragments (39760520 in most recent round)

[2025-06-04 13:59:11.343] [jointLog] [info] Marked 0 weighted equivalence classes as degenerate
[2025-06-04 13:59:11.365] [jointLog] [info] iteration = 0 | max rel diff. = 6096.64
[2025-06-04 13:59:13.330] [jointLog] [info] iteration = 100 | max rel diff. = 17.7323
[2025-06-04 13:59:15.150] [jointLog] [info] iteration = 200 | max rel diff. = 7.23213
[2025-06-04 13:59:17.008] [jointLog] [info] iteration = 300 | max rel diff. = 5.77346
[2025-06-04 13:59:18.814] [jointLog] [info] iteration = 400 | max rel diff. = 0.703039
[2025-06-04 13:59:20.654] [jointLog] [info] iteration = 500 | max rel diff. = 0.30872
[2025-06-04 13:59:22.551] [jointLog] [info] iteration = 600 | max rel diff. = 3.37923
[2025-06-04 13:59:24.403] [jointLog] [info] iteration = 700 | max rel diff. = 0.0867026
[2025-06-04 13:59:26.322] [jointLog] [info] iteration = 800 | max rel diff. = 0.447695
[2025-06-04 13:59:28.194] [jointLog] [info] iteration = 900 | max rel diff. = 0.0421231
[2025-06-04 13:59:29.973] [jointLog] [info] iteration = 1,000 | max rel diff. = 0.0323547
[2025-06-04 13:59:31.689] [jointLog] [info] iteration = 1,100 | max rel diff. = 0.0684277
[2025-06-04 13:59:33.393] [jointLog] [info] iteration = 1,200 | max rel diff. = 0.0572974
[2025-06-04 13:59:33.716] [jointLog] [info] iteration = 1,220 | max rel diff. = 0.00954757
[2025-06-04 13:59:33.758] [jointLog] [info] Finished optimizer
[2025-06-04 13:59:33.758] [jointLog] [info] writing output 

