[2023-11-15 14:53:19.702] [jointLog] [info] setting maxHashResizeThreads to 10
[2023-11-15 14:53:19.702] [jointLog] [info] Fragment incompatibility prior below threshold.  Incompatible fragments will be ignored.
[2023-11-15 14:53:19.703] [jointLog] [info] Usage of --validateMappings implies use of minScoreFraction. Since not explicitly specified, it is being set to 0.65
[2023-11-15 14:53:19.703] [jointLog] [info] Setting consensusSlack to selective-alignment default of 0.35.
[2023-11-15 14:53:19.703] [jointLog] [info] parsing read library format
[2023-11-15 14:53:19.703] [jointLog] [info] There is 1 library.
[2023-11-15 14:53:19.729] [jointLog] [info] Loading pufferfish index
[2023-11-15 14:53:19.730] [jointLog] [info] Loading dense pufferfish index.
[2023-11-15 14:53:29.047] [jointLog] [info] done
[2023-11-15 14:53:29.087] [jointLog] [info] Index contained 198,540 targets
[2023-11-15 14:53:29.147] [jointLog] [info] Number of decoys : 0
[2023-11-15 14:53:29.368] [jointLog] [info] Automatically detected most likely library type as SF

[2023-11-15 14:53:45.185] [jointLog] [info] Thread saw mini-batch with a maximum of 94.14% zero probability fragments
[2023-11-15 14:53:45.188] [jointLog] [info] Thread saw mini-batch with a maximum of 93.90% zero probability fragments
[2023-11-15 14:53:45.201] [jointLog] [info] Thread saw mini-batch with a maximum of 99.84% zero probability fragments
[2023-11-15 14:53:45.209] [jointLog] [info] Thread saw mini-batch with a maximum of 100.00% zero probability fragments
[2023-11-15 14:53:45.211] [jointLog] [info] Thread saw mini-batch with a maximum of 56.28% zero probability fragments
[2023-11-15 14:53:45.213] [jointLog] [info] Thread saw mini-batch with a maximum of 99.88% zero probability fragments
[2023-11-15 14:53:45.215] [jointLog] [info] Thread saw mini-batch with a maximum of 99.58% zero probability fragments
[2023-11-15 14:53:45.228] [jointLog] [info] Thread saw mini-batch with a maximum of 99.82% zero probability fragments
[2023-11-15 14:53:45.228] [jointLog] [info] Thread saw mini-batch with a maximum of 37.28% zero probability fragments
[2023-11-15 14:53:45.248] [jointLog] [info] Thread saw mini-batch with a maximum of 92.86% zero probability fragments
[2023-11-15 14:53:45.397] [jointLog] [info] Computed 197,275 rich equivalence classes for further processing
[2023-11-15 14:53:45.397] [jointLog] [info] Counted 6,583,823 total reads in the equivalence classes 
[2023-11-15 14:53:45.403] [jointLog] [info] Number of mappings discarded because of alignment score : 39,360,727
[2023-11-15 14:53:45.403] [jointLog] [info] Number of fragments entirely discarded because of alignment score : 1,493,562
[2023-11-15 14:53:45.403] [jointLog] [info] Number of fragments discarded because they are best-mapped to decoys : 0
[2023-11-15 14:53:45.403] [jointLog] [info] Number of fragments discarded because they have only dovetail (discordant) mappings to valid targets : 0
[2023-11-15 14:53:45.403] [jointLog] [info] Mapping rate = 55.4907%

[2023-11-15 14:53:45.403] [jointLog] [info] finished quantifyLibrary()
[2023-11-15 14:53:45.399] [fileLog] [info] 
At end of round 0
==================
Observed 11864739 total fragments (11864739 in most recent round)

[2023-11-15 14:53:45.543] [jointLog] [info] Starting optimizer
[2023-11-15 14:53:45.694] [jointLog] [info] Marked 0 weighted equivalence classes as degenerate
[2023-11-15 14:53:45.711] [jointLog] [info] iteration = 0 | max rel diff. = 2877.82
[2023-11-15 14:53:47.200] [jointLog] [info] iteration = 100 | max rel diff. = 18.5951
[2023-11-15 14:53:48.740] [jointLog] [info] iteration = 200 | max rel diff. = 2.80106
[2023-11-15 14:53:50.281] [jointLog] [info] iteration = 300 | max rel diff. = 3.63991
[2023-11-15 14:53:51.823] [jointLog] [info] iteration = 400 | max rel diff. = 0.201275
[2023-11-15 14:53:53.371] [jointLog] [info] iteration = 500 | max rel diff. = 0.619633
[2023-11-15 14:53:54.911] [jointLog] [info] iteration = 600 | max rel diff. = 0.113203
[2023-11-15 14:53:56.472] [jointLog] [info] iteration = 700 | max rel diff. = 0.231556
[2023-11-15 14:53:58.026] [jointLog] [info] iteration = 800 | max rel diff. = 0.126695
[2023-11-15 14:53:59.590] [jointLog] [info] iteration = 900 | max rel diff. = 0.00886745
[2023-11-15 14:53:59.590] [jointLog] [info] iteration = 901 | max rel diff. = 0.00886745
[2023-11-15 14:53:59.621] [jointLog] [info] Finished optimizer
[2023-11-15 14:53:59.621] [jointLog] [info] writing output 

