[2023-11-15 14:04:27.154] [jointLog] [info] setting maxHashResizeThreads to 10
[2023-11-15 14:04:27.154] [jointLog] [info] Fragment incompatibility prior below threshold.  Incompatible fragments will be ignored.
[2023-11-15 14:04:27.155] [jointLog] [info] Usage of --validateMappings implies use of minScoreFraction. Since not explicitly specified, it is being set to 0.65
[2023-11-15 14:04:27.155] [jointLog] [info] Setting consensusSlack to selective-alignment default of 0.35.
[2023-11-15 14:04:27.155] [jointLog] [info] parsing read library format
[2023-11-15 14:04:27.155] [jointLog] [info] There is 1 library.
[2023-11-15 14:04:27.158] [jointLog] [info] Loading pufferfish index
[2023-11-15 14:04:27.159] [jointLog] [info] Loading dense pufferfish index.
[2023-11-15 14:04:28.873] [jointLog] [info] done
[2023-11-15 14:04:28.910] [jointLog] [info] Index contained 198,540 targets
[2023-11-15 14:04:28.970] [jointLog] [info] Number of decoys : 0
[2023-11-15 14:04:29.617] [jointLog] [info] Automatically detected most likely library type as ISR

[2023-11-15 14:07:35.365] [jointLog] [info] Thread saw mini-batch with a maximum of 1.30% zero probability fragments
[2023-11-15 14:07:35.391] [jointLog] [info] Thread saw mini-batch with a maximum of 1.28% zero probability fragments
[2023-11-15 14:07:35.415] [jointLog] [info] Thread saw mini-batch with a maximum of 1.38% zero probability fragments
[2023-11-15 14:07:35.434] [jointLog] [info] Thread saw mini-batch with a maximum of 1.30% zero probability fragments
[2023-11-15 14:07:35.505] [jointLog] [info] Thread saw mini-batch with a maximum of 1.32% zero probability fragments
[2023-11-15 14:07:35.577] [jointLog] [info] Thread saw mini-batch with a maximum of 1.34% zero probability fragments
[2023-11-15 14:07:35.612] [jointLog] [info] Thread saw mini-batch with a maximum of 1.32% zero probability fragments
[2023-11-15 14:07:35.637] [jointLog] [info] Thread saw mini-batch with a maximum of 1.34% zero probability fragments
[2023-11-15 14:07:35.651] [jointLog] [info] Thread saw mini-batch with a maximum of 1.38% zero probability fragments
[2023-11-15 14:07:35.657] [jointLog] [info] Thread saw mini-batch with a maximum of 1.26% zero probability fragments
[2023-11-15 14:07:35.899] [jointLog] [info] Computed 506,004 rich equivalence classes for further processing
[2023-11-15 14:07:35.899] [jointLog] [info] Counted 21,115,014 total reads in the equivalence classes 
[2023-11-15 14:07:35.907] [jointLog] [info] Number of mappings discarded because of alignment score : 24,128,725
[2023-11-15 14:07:35.907] [jointLog] [info] Number of fragments entirely discarded because of alignment score : 1,561,612
[2023-11-15 14:07:35.907] [jointLog] [info] Number of fragments discarded because they are best-mapped to decoys : 0
[2023-11-15 14:07:35.907] [jointLog] [info] Mapping rate = 86.6453%

[2023-11-15 14:07:35.907] [jointLog] [info] finished quantifyLibrary()
[2023-11-15 14:07:35.961] [jointLog] [info] Starting optimizer
[2023-11-15 14:07:35.900] [fileLog] [info] 
At end of round 0
==================
Observed 24369478 total fragments (24369478 in most recent round)

[2023-11-15 14:07:36.129] [jointLog] [info] Marked 0 weighted equivalence classes as degenerate
[2023-11-15 14:07:36.152] [jointLog] [info] iteration = 0 | max rel diff. = 6051.97
[2023-11-15 14:07:38.446] [jointLog] [info] iteration = 100 | max rel diff. = 9.82518
[2023-11-15 14:07:40.750] [jointLog] [info] iteration = 200 | max rel diff. = 17.0744
[2023-11-15 14:07:42.967] [jointLog] [info] iteration = 300 | max rel diff. = 0.697718
[2023-11-15 14:07:44.973] [jointLog] [info] iteration = 400 | max rel diff. = 0.881054
[2023-11-15 14:07:46.810] [jointLog] [info] iteration = 500 | max rel diff. = 0.323787
[2023-11-15 14:07:48.667] [jointLog] [info] iteration = 600 | max rel diff. = 0.391575
[2023-11-15 14:07:50.467] [jointLog] [info] iteration = 700 | max rel diff. = 2.02984
[2023-11-15 14:07:52.306] [jointLog] [info] iteration = 800 | max rel diff. = 0.284784
[2023-11-15 14:07:54.155] [jointLog] [info] iteration = 900 | max rel diff. = 0.129388
[2023-11-15 14:07:56.064] [jointLog] [info] iteration = 1,000 | max rel diff. = 0.0504907
[2023-11-15 14:07:56.440] [jointLog] [info] iteration = 1,022 | max rel diff. = 0.00947887
[2023-11-15 14:07:56.467] [jointLog] [info] Finished optimizer
[2023-11-15 14:07:56.467] [jointLog] [info] writing output 

