[2025-06-04 13:54:49.093] [jointLog] [info] setting maxHashResizeThreads to 10
[2025-06-04 13:54:49.093] [jointLog] [info] Fragment incompatibility prior below threshold.  Incompatible fragments will be ignored.
[2025-06-04 13:54:49.093] [jointLog] [info] Usage of --validateMappings implies use of minScoreFraction. Since not explicitly specified, it is being set to 0.65
[2025-06-04 13:54:49.094] [jointLog] [info] Setting consensusSlack to selective-alignment default of 0.35.
[2025-06-04 13:54:49.094] [jointLog] [info] parsing read library format
[2025-06-04 13:54:49.094] [jointLog] [info] There is 1 library.
[2025-06-04 13:54:49.098] [jointLog] [info] Loading pufferfish index
[2025-06-04 13:54:49.100] [jointLog] [info] Loading dense pufferfish index.
[2025-06-04 13:54:51.191] [jointLog] [info] done
[2025-06-04 13:54:51.269] [jointLog] [info] Index contained 198,540 targets
[2025-06-04 13:54:51.353] [jointLog] [info] Number of decoys : 0
[2025-06-04 13:54:51.866] [jointLog] [info] Automatically detected most likely library type as ISR

[2025-06-04 14:00:30.653] [jointLog] [info] Thread saw mini-batch with a maximum of 4.70% zero probability fragments
[2025-06-04 14:00:30.747] [jointLog] [info] Thread saw mini-batch with a maximum of 4.68% zero probability fragments
[2025-06-04 14:00:30.811] [jointLog] [info] Thread saw mini-batch with a maximum of 4.88% zero probability fragments
[2025-06-04 14:00:30.823] [jointLog] [info] Thread saw mini-batch with a maximum of 5.10% zero probability fragments
[2025-06-04 14:00:30.887] [jointLog] [info] Thread saw mini-batch with a maximum of 4.70% zero probability fragments
[2025-06-04 14:00:30.896] [jointLog] [info] Thread saw mini-batch with a maximum of 4.76% zero probability fragments
[2025-06-04 14:00:30.909] [jointLog] [info] Thread saw mini-batch with a maximum of 4.94% zero probability fragments
[2025-06-04 14:00:30.963] [jointLog] [info] Thread saw mini-batch with a maximum of 4.58% zero probability fragments
[2025-06-04 14:00:30.979] [jointLog] [info] Thread saw mini-batch with a maximum of 4.86% zero probability fragments
[2025-06-04 14:00:30.979] [jointLog] [info] Thread saw mini-batch with a maximum of 4.84% zero probability fragments
[2025-06-04 14:00:31.342] [jointLog] [info] Computed 496,005 rich equivalence classes for further processing
[2025-06-04 14:00:31.342] [jointLog] [info] Counted 33,177,115 total reads in the equivalence classes 
[2025-06-04 14:00:31.352] [jointLog] [info] Number of mappings discarded because of alignment score : 35,177,770
[2025-06-04 14:00:31.352] [jointLog] [info] Number of fragments entirely discarded because of alignment score : 4,408,570
[2025-06-04 14:00:31.352] [jointLog] [info] Number of fragments discarded because they are best-mapped to decoys : 0
[2025-06-04 14:00:31.352] [jointLog] [info] Mapping rate = 66.5881%

[2025-06-04 14:00:31.352] [jointLog] [info] finished quantifyLibrary()
[2025-06-04 14:00:31.361] [jointLog] [info] Starting optimizer
[2025-06-04 14:00:31.520] [jointLog] [info] Marked 0 weighted equivalence classes as degenerate
[2025-06-04 14:00:31.542] [jointLog] [info] iteration = 0 | max rel diff. = 5610.53
[2025-06-04 14:00:31.344] [fileLog] [info] 
At end of round 0
==================
Observed 49824381 total fragments (49824381 in most recent round)

[2025-06-04 14:00:33.609] [jointLog] [info] iteration = 100 | max rel diff. = 16.1813
[2025-06-04 14:00:35.669] [jointLog] [info] iteration = 200 | max rel diff. = 9.63056
[2025-06-04 14:00:37.730] [jointLog] [info] iteration = 300 | max rel diff. = 7.67116
[2025-06-04 14:00:39.789] [jointLog] [info] iteration = 400 | max rel diff. = 2.92832
[2025-06-04 14:00:41.849] [jointLog] [info] iteration = 500 | max rel diff. = 0.313148
[2025-06-04 14:00:43.909] [jointLog] [info] iteration = 600 | max rel diff. = 1.01821
[2025-06-04 14:00:45.968] [jointLog] [info] iteration = 700 | max rel diff. = 0.207262
[2025-06-04 14:00:48.027] [jointLog] [info] iteration = 800 | max rel diff. = 1.51188
[2025-06-04 14:00:50.087] [jointLog] [info] iteration = 900 | max rel diff. = 0.029829
[2025-06-04 14:00:52.147] [jointLog] [info] iteration = 1,000 | max rel diff. = 0.0666962
[2025-06-04 14:00:52.847] [jointLog] [info] iteration = 1,035 | max rel diff. = 0.00960251
[2025-06-04 14:00:52.876] [jointLog] [info] Finished optimizer
[2025-06-04 14:00:52.876] [jointLog] [info] writing output 

