[2023-11-15 13:38:57.901] [jointLog] [info] setting maxHashResizeThreads to 10
[2023-11-15 13:38:57.901] [jointLog] [info] Fragment incompatibility prior below threshold.  Incompatible fragments will be ignored.
[2023-11-15 13:38:57.901] [jointLog] [info] Usage of --validateMappings implies use of minScoreFraction. Since not explicitly specified, it is being set to 0.65
[2023-11-15 13:38:57.902] [jointLog] [info] Setting consensusSlack to selective-alignment default of 0.35.
[2023-11-15 13:38:57.902] [jointLog] [info] parsing read library format
[2023-11-15 13:38:57.902] [jointLog] [info] There is 1 library.
[2023-11-15 13:38:58.104] [jointLog] [info] Loading pufferfish index
[2023-11-15 13:38:58.113] [jointLog] [info] Loading dense pufferfish index.
[2023-11-15 13:39:00.413] [jointLog] [info] done
[2023-11-15 13:39:00.453] [jointLog] [info] Index contained 198,540 targets
[2023-11-15 13:39:00.512] [jointLog] [info] Number of decoys : 0
[2023-11-15 13:39:01.097] [jointLog] [info] Automatically detected most likely library type as ISR

[2023-11-15 13:40:51.513] [jointLog] [info] Thread saw mini-batch with a maximum of 2.08% zero probability fragments
[2023-11-15 13:40:51.557] [jointLog] [info] Thread saw mini-batch with a maximum of 2.02% zero probability fragments
[2023-11-15 13:40:51.578] [jointLog] [info] Thread saw mini-batch with a maximum of 1.94% zero probability fragments
[2023-11-15 13:40:51.581] [jointLog] [info] Thread saw mini-batch with a maximum of 1.98% zero probability fragments
[2023-11-15 13:40:51.685] [jointLog] [info] Thread saw mini-batch with a maximum of 1.92% zero probability fragments
[2023-11-15 13:40:51.686] [jointLog] [info] Thread saw mini-batch with a maximum of 1.88% zero probability fragments
[2023-11-15 13:40:51.695] [jointLog] [info] Thread saw mini-batch with a maximum of 1.96% zero probability fragments
[2023-11-15 13:40:51.713] [jointLog] [info] Thread saw mini-batch with a maximum of 1.98% zero probability fragments
[2023-11-15 13:40:51.744] [jointLog] [info] Thread saw mini-batch with a maximum of 2.00% zero probability fragments
[2023-11-15 13:40:51.802] [jointLog] [info] Thread saw mini-batch with a maximum of 1.90% zero probability fragments
[2023-11-15 13:40:52.006] [jointLog] [info] Computed 397,521 rich equivalence classes for further processing
[2023-11-15 13:40:52.006] [jointLog] [info] Counted 13,066,366 total reads in the equivalence classes 
[2023-11-15 13:40:52.014] [jointLog] [info] Number of mappings discarded because of alignment score : 15,717,116
[2023-11-15 13:40:52.014] [jointLog] [info] Number of fragments entirely discarded because of alignment score : 1,145,979
[2023-11-15 13:40:52.014] [jointLog] [info] Number of fragments discarded because they are best-mapped to decoys : 0
[2023-11-15 13:40:52.014] [jointLog] [info] Mapping rate = 83.9845%

[2023-11-15 13:40:52.014] [jointLog] [info] finished quantifyLibrary()
[2023-11-15 13:40:52.043] [jointLog] [info] Starting optimizer
[2023-11-15 13:40:52.231] [jointLog] [info] Marked 0 weighted equivalence classes as degenerate
[2023-11-15 13:40:52.251] [jointLog] [info] iteration = 0 | max rel diff. = 4823.16
[2023-11-15 13:40:52.008] [fileLog] [info] 
At end of round 0
==================
Observed 15558073 total fragments (15558073 in most recent round)

[2023-11-15 13:40:54.167] [jointLog] [info] iteration = 100 | max rel diff. = 16.9479
[2023-11-15 13:40:55.764] [jointLog] [info] iteration = 200 | max rel diff. = 7.14393
[2023-11-15 13:40:57.347] [jointLog] [info] iteration = 300 | max rel diff. = 1.92225
[2023-11-15 13:40:58.927] [jointLog] [info] iteration = 400 | max rel diff. = 1.79002
[2023-11-15 13:41:00.506] [jointLog] [info] iteration = 500 | max rel diff. = 1.53391
[2023-11-15 13:41:02.083] [jointLog] [info] iteration = 600 | max rel diff. = 20.7674
[2023-11-15 13:41:03.661] [jointLog] [info] iteration = 700 | max rel diff. = 0.0872998
[2023-11-15 13:41:05.246] [jointLog] [info] iteration = 800 | max rel diff. = 0.900598
[2023-11-15 13:41:06.844] [jointLog] [info] iteration = 900 | max rel diff. = 0.0318239
[2023-11-15 13:41:08.427] [jointLog] [info] iteration = 1,000 | max rel diff. = 0.0567144
[2023-11-15 13:41:10.040] [jointLog] [info] iteration = 1,100 | max rel diff. = 0.0770408
[2023-11-15 13:41:11.658] [jointLog] [info] iteration = 1,200 | max rel diff. = 0.14695
[2023-11-15 13:41:13.255] [jointLog] [info] iteration = 1,300 | max rel diff. = 0.0346496
[2023-11-15 13:41:14.832] [jointLog] [info] iteration = 1,400 | max rel diff. = 0.0202279
[2023-11-15 13:41:16.382] [jointLog] [info] iteration = 1,500 | max rel diff. = 0.143403
[2023-11-15 13:41:16.506] [jointLog] [info] iteration = 1,509 | max rel diff. = 0.00239419
[2023-11-15 13:41:16.534] [jointLog] [info] Finished optimizer
[2023-11-15 13:41:16.534] [jointLog] [info] writing output 

