[2023-11-15 14:13:17.446] [jointLog] [info] setting maxHashResizeThreads to 10
[2023-11-15 14:13:17.446] [jointLog] [info] Fragment incompatibility prior below threshold.  Incompatible fragments will be ignored.
[2023-11-15 14:13:17.446] [jointLog] [info] Usage of --validateMappings implies use of minScoreFraction. Since not explicitly specified, it is being set to 0.65
[2023-11-15 14:13:17.447] [jointLog] [info] Setting consensusSlack to selective-alignment default of 0.35.
[2023-11-15 14:13:17.447] [jointLog] [info] parsing read library format
[2023-11-15 14:13:17.447] [jointLog] [info] There is 1 library.
[2023-11-15 14:13:17.450] [jointLog] [info] Loading pufferfish index
[2023-11-15 14:13:17.451] [jointLog] [info] Loading dense pufferfish index.
[2023-11-15 14:13:19.297] [jointLog] [info] done
[2023-11-15 14:13:19.338] [jointLog] [info] Index contained 198,540 targets
[2023-11-15 14:13:19.397] [jointLog] [info] Number of decoys : 0
[2023-11-15 14:13:20.059] [jointLog] [info] Automatically detected most likely library type as ISR

[2023-11-15 14:15:26.275] [jointLog] [info] Thread saw mini-batch with a maximum of 1.36% zero probability fragments
[2023-11-15 14:15:26.311] [jointLog] [info] Thread saw mini-batch with a maximum of 1.34% zero probability fragments
[2023-11-15 14:15:26.324] [jointLog] [info] Thread saw mini-batch with a maximum of 1.40% zero probability fragments
[2023-11-15 14:15:26.331] [jointLog] [info] Thread saw mini-batch with a maximum of 1.38% zero probability fragments
[2023-11-15 14:15:26.334] [jointLog] [info] Thread saw mini-batch with a maximum of 1.30% zero probability fragments
[2023-11-15 14:15:26.484] [jointLog] [info] Thread saw mini-batch with a maximum of 1.40% zero probability fragments
[2023-11-15 14:15:26.496] [jointLog] [info] Thread saw mini-batch with a maximum of 1.34% zero probability fragments
[2023-11-15 14:15:26.500] [jointLog] [info] Thread saw mini-batch with a maximum of 1.38% zero probability fragments
[2023-11-15 14:15:26.575] [jointLog] [info] Thread saw mini-batch with a maximum of 1.38% zero probability fragments
[2023-11-15 14:15:26.580] [jointLog] [info] Thread saw mini-batch with a maximum of 1.28% zero probability fragments
[2023-11-15 14:15:26.858] [jointLog] [info] Computed 437,325 rich equivalence classes for further processing
[2023-11-15 14:15:26.858] [jointLog] [info] Counted 15,307,388 total reads in the equivalence classes 
[2023-11-15 14:15:26.867] [jointLog] [info] Number of mappings discarded because of alignment score : 18,777,925
[2023-11-15 14:15:26.867] [jointLog] [info] Number of fragments entirely discarded because of alignment score : 1,264,146
[2023-11-15 14:15:26.867] [jointLog] [info] Number of fragments discarded because they are best-mapped to decoys : 0
[2023-11-15 14:15:26.867] [jointLog] [info] Mapping rate = 85.0155%

[2023-11-15 14:15:26.867] [jointLog] [info] finished quantifyLibrary()
[2023-11-15 14:15:26.996] [jointLog] [info] Starting optimizer
[2023-11-15 14:15:27.204] [jointLog] [info] Marked 0 weighted equivalence classes as degenerate
[2023-11-15 14:15:27.223] [jointLog] [info] iteration = 0 | max rel diff. = 5344.09
[2023-11-15 14:15:26.860] [fileLog] [info] 
At end of round 0
==================
Observed 18005413 total fragments (18005413 in most recent round)

[2023-11-15 14:15:28.994] [jointLog] [info] iteration = 100 | max rel diff. = 19.7538
[2023-11-15 14:15:30.645] [jointLog] [info] iteration = 200 | max rel diff. = 19.2948
[2023-11-15 14:15:32.470] [jointLog] [info] iteration = 300 | max rel diff. = 1.52424
[2023-11-15 14:15:34.431] [jointLog] [info] iteration = 400 | max rel diff. = 0.113338
[2023-11-15 14:15:36.265] [jointLog] [info] iteration = 500 | max rel diff. = 1.32443
[2023-11-15 14:15:37.954] [jointLog] [info] iteration = 600 | max rel diff. = 0.0933502
[2023-11-15 14:15:39.604] [jointLog] [info] iteration = 700 | max rel diff. = 0.0380128
[2023-11-15 14:15:41.246] [jointLog] [info] iteration = 800 | max rel diff. = 0.212073
[2023-11-15 14:15:42.876] [jointLog] [info] iteration = 900 | max rel diff. = 0.165804
[2023-11-15 14:15:44.518] [jointLog] [info] iteration = 1,000 | max rel diff. = 0.0687879
[2023-11-15 14:15:45.293] [jointLog] [info] iteration = 1,047 | max rel diff. = 0.00699584
[2023-11-15 14:15:45.334] [jointLog] [info] Finished optimizer
[2023-11-15 14:15:45.334] [jointLog] [info] writing output 

