[2023-11-15 15:01:07.488] [jointLog] [info] setting maxHashResizeThreads to 10
[2023-11-15 15:01:07.488] [jointLog] [info] Fragment incompatibility prior below threshold.  Incompatible fragments will be ignored.
[2023-11-15 15:01:07.489] [jointLog] [info] Usage of --validateMappings implies use of minScoreFraction. Since not explicitly specified, it is being set to 0.65
[2023-11-15 15:01:07.489] [jointLog] [info] Setting consensusSlack to selective-alignment default of 0.35.
[2023-11-15 15:01:07.489] [jointLog] [info] parsing read library format
[2023-11-15 15:01:07.489] [jointLog] [info] There is 1 library.
[2023-11-15 15:01:07.508] [jointLog] [info] Loading pufferfish index
[2023-11-15 15:01:07.509] [jointLog] [info] Loading dense pufferfish index.
[2023-11-15 15:01:17.785] [jointLog] [info] done
[2023-11-15 15:01:17.823] [jointLog] [info] Index contained 198,540 targets
[2023-11-15 15:01:17.882] [jointLog] [info] Number of decoys : 0
[2023-11-15 15:01:18.014] [jointLog] [info] Automatically detected most likely library type as SF

[2023-11-15 15:01:41.870] [jointLog] [info] Thread saw mini-batch with a maximum of 98.86% zero probability fragments
[2023-11-15 15:01:41.881] [jointLog] [info] Thread saw mini-batch with a maximum of 98.78% zero probability fragments
[2023-11-15 15:01:41.885] [jointLog] [info] Thread saw mini-batch with a maximum of 98.74% zero probability fragments
[2023-11-15 15:01:41.910] [jointLog] [info] Thread saw mini-batch with a maximum of 35.34% zero probability fragments
[2023-11-15 15:01:41.910] [jointLog] [info] Thread saw mini-batch with a maximum of 79.42% zero probability fragments
[2023-11-15 15:01:41.918] [jointLog] [info] Thread saw mini-batch with a maximum of 80.90% zero probability fragments
[2023-11-15 15:01:41.925] [jointLog] [info] Thread saw mini-batch with a maximum of 98.68% zero probability fragments
[2023-11-15 15:01:41.941] [jointLog] [info] Thread saw mini-batch with a maximum of 99.50% zero probability fragments
[2023-11-15 15:01:41.958] [jointLog] [info] Thread saw mini-batch with a maximum of 65.32% zero probability fragments
[2023-11-15 15:01:41.969] [jointLog] [info] Thread saw mini-batch with a maximum of 72.04% zero probability fragments
[2023-11-15 15:01:42.143] [jointLog] [info] Computed 223,546 rich equivalence classes for further processing
[2023-11-15 15:01:42.143] [jointLog] [info] Counted 11,085,558 total reads in the equivalence classes 
[2023-11-15 15:01:42.148] [jointLog] [info] Number of mappings discarded because of alignment score : 36,106,653
[2023-11-15 15:01:42.148] [jointLog] [info] Number of fragments entirely discarded because of alignment score : 583,382
[2023-11-15 15:01:42.148] [jointLog] [info] Number of fragments discarded because they are best-mapped to decoys : 0
[2023-11-15 15:01:42.148] [jointLog] [info] Number of fragments discarded because they have only dovetail (discordant) mappings to valid targets : 0
[2023-11-15 15:01:42.148] [jointLog] [info] Mapping rate = 87.9066%

[2023-11-15 15:01:42.148] [jointLog] [info] finished quantifyLibrary()
[2023-11-15 15:01:42.150] [jointLog] [info] Starting optimizer
[2023-11-15 15:01:42.144] [fileLog] [info] 
At end of round 0
==================
Observed 12610603 total fragments (12610603 in most recent round)

[2023-11-15 15:01:42.311] [jointLog] [info] Marked 0 weighted equivalence classes as degenerate
[2023-11-15 15:01:42.329] [jointLog] [info] iteration = 0 | max rel diff. = 4343.71
[2023-11-15 15:01:44.067] [jointLog] [info] iteration = 100 | max rel diff. = 14.2605
[2023-11-15 15:01:45.723] [jointLog] [info] iteration = 200 | max rel diff. = 6.2098
[2023-11-15 15:01:47.437] [jointLog] [info] iteration = 300 | max rel diff. = 0.861555
[2023-11-15 15:01:49.035] [jointLog] [info] iteration = 400 | max rel diff. = 4.83311
[2023-11-15 15:01:50.479] [jointLog] [info] iteration = 500 | max rel diff. = 12.1363
[2023-11-15 15:01:51.887] [jointLog] [info] iteration = 600 | max rel diff. = 0.0873692
[2023-11-15 15:01:53.294] [jointLog] [info] iteration = 700 | max rel diff. = 0.5769
[2023-11-15 15:01:53.800] [jointLog] [info] iteration = 737 | max rel diff. = 0.00917797
[2023-11-15 15:01:53.834] [jointLog] [info] Finished optimizer
[2023-11-15 15:01:53.834] [jointLog] [info] writing output 

