[2023-11-15 15:08:39.054] [jointLog] [info] setting maxHashResizeThreads to 10
[2023-11-15 15:08:39.054] [jointLog] [info] Fragment incompatibility prior below threshold.  Incompatible fragments will be ignored.
[2023-11-15 15:08:39.054] [jointLog] [info] Usage of --validateMappings implies use of minScoreFraction. Since not explicitly specified, it is being set to 0.65
[2023-11-15 15:08:39.055] [jointLog] [info] Setting consensusSlack to selective-alignment default of 0.35.
[2023-11-15 15:08:39.055] [jointLog] [info] parsing read library format
[2023-11-15 15:08:39.055] [jointLog] [info] There is 1 library.
[2023-11-15 15:08:39.156] [jointLog] [info] Loading pufferfish index
[2023-11-15 15:08:39.157] [jointLog] [info] Loading dense pufferfish index.
[2023-11-15 15:08:46.771] [jointLog] [info] done
[2023-11-15 15:08:46.809] [jointLog] [info] Index contained 198,540 targets
[2023-11-15 15:08:46.867] [jointLog] [info] Number of decoys : 0
[2023-11-15 15:08:47.017] [jointLog] [info] Automatically detected most likely library type as SF

[2023-11-15 15:09:30.314] [jointLog] [info] Thread saw mini-batch with a maximum of 52.34% zero probability fragments
[2023-11-15 15:09:30.321] [jointLog] [info] Thread saw mini-batch with a maximum of 35.32% zero probability fragments
[2023-11-15 15:09:30.322] [jointLog] [info] Thread saw mini-batch with a maximum of 80.14% zero probability fragments
[2023-11-15 15:09:30.329] [jointLog] [info] Thread saw mini-batch with a maximum of 94.58% zero probability fragments
[2023-11-15 15:09:30.334] [jointLog] [info] Thread saw mini-batch with a maximum of 42.74% zero probability fragments
[2023-11-15 15:09:30.337] [jointLog] [info] Thread saw mini-batch with a maximum of 99.02% zero probability fragments
[2023-11-15 15:09:30.339] [jointLog] [info] Thread saw mini-batch with a maximum of 99.00% zero probability fragments
[2023-11-15 15:09:30.371] [jointLog] [info] Thread saw mini-batch with a maximum of 98.20% zero probability fragments
[2023-11-15 15:09:30.393] [jointLog] [info] Thread saw mini-batch with a maximum of 47.04% zero probability fragments
[2023-11-15 15:09:30.393] [jointLog] [info] Thread saw mini-batch with a maximum of 69.22% zero probability fragments
[2023-11-15 15:09:30.632] [jointLog] [info] Computed 300,912 rich equivalence classes for further processing
[2023-11-15 15:09:30.632] [jointLog] [info] Counted 17,059,634 total reads in the equivalence classes 
[2023-11-15 15:09:30.637] [jointLog] [info] Number of mappings discarded because of alignment score : 98,327,585
[2023-11-15 15:09:30.637] [jointLog] [info] Number of fragments entirely discarded because of alignment score : 632,543
[2023-11-15 15:09:30.637] [jointLog] [info] Number of fragments discarded because they are best-mapped to decoys : 0
[2023-11-15 15:09:30.637] [jointLog] [info] Number of fragments discarded because they have only dovetail (discordant) mappings to valid targets : 0
[2023-11-15 15:09:30.637] [jointLog] [info] Mapping rate = 88.0479%

[2023-11-15 15:09:30.637] [jointLog] [info] finished quantifyLibrary()
[2023-11-15 15:09:30.640] [jointLog] [info] Starting optimizer
[2023-11-15 15:09:30.808] [jointLog] [info] Marked 0 weighted equivalence classes as degenerate
[2023-11-15 15:09:30.829] [jointLog] [info] iteration = 0 | max rel diff. = 5659.57
[2023-11-15 15:09:30.634] [fileLog] [info] 
At end of round 0
==================
Observed 19375410 total fragments (19375410 in most recent round)

[2023-11-15 15:09:32.855] [jointLog] [info] iteration = 100 | max rel diff. = 19.2947
[2023-11-15 15:09:34.870] [jointLog] [info] iteration = 200 | max rel diff. = 14.8571
[2023-11-15 15:09:36.870] [jointLog] [info] iteration = 300 | max rel diff. = 1.93268
[2023-11-15 15:09:38.885] [jointLog] [info] iteration = 400 | max rel diff. = 4.50376
[2023-11-15 15:09:40.898] [jointLog] [info] iteration = 500 | max rel diff. = 2.18707
[2023-11-15 15:09:42.925] [jointLog] [info] iteration = 600 | max rel diff. = 0.144794
[2023-11-15 15:09:44.944] [jointLog] [info] iteration = 700 | max rel diff. = 0.130858
[2023-11-15 15:09:46.940] [jointLog] [info] iteration = 800 | max rel diff. = 0.26607
[2023-11-15 15:09:48.955] [jointLog] [info] iteration = 900 | max rel diff. = 0.311052
[2023-11-15 15:09:50.990] [jointLog] [info] iteration = 1,000 | max rel diff. = 0.115868
[2023-11-15 15:09:53.031] [jointLog] [info] iteration = 1,100 | max rel diff. = 0.265211
[2023-11-15 15:09:55.074] [jointLog] [info] iteration = 1,200 | max rel diff. = 0.0462529
[2023-11-15 15:09:57.117] [jointLog] [info] iteration = 1,300 | max rel diff. = 0.105041
[2023-11-15 15:09:58.542] [jointLog] [info] iteration = 1,371 | max rel diff. = 0.00758502
[2023-11-15 15:09:58.574] [jointLog] [info] Finished optimizer
[2023-11-15 15:09:58.574] [jointLog] [info] writing output 

