[2023-11-15 14:35:57.995] [jointLog] [info] setting maxHashResizeThreads to 10
[2023-11-15 14:35:57.995] [jointLog] [info] Fragment incompatibility prior below threshold.  Incompatible fragments will be ignored.
[2023-11-15 14:35:57.996] [jointLog] [info] Usage of --validateMappings implies use of minScoreFraction. Since not explicitly specified, it is being set to 0.65
[2023-11-15 14:35:57.996] [jointLog] [info] Setting consensusSlack to selective-alignment default of 0.35.
[2023-11-15 14:35:57.996] [jointLog] [info] parsing read library format
[2023-11-15 14:35:57.996] [jointLog] [info] There is 1 library.
[2023-11-15 14:35:58.014] [jointLog] [info] Loading pufferfish index
[2023-11-15 14:35:58.015] [jointLog] [info] Loading dense pufferfish index.
[2023-11-15 14:36:07.972] [jointLog] [info] done
[2023-11-15 14:36:08.013] [jointLog] [info] Index contained 198,540 targets
[2023-11-15 14:36:08.079] [jointLog] [info] Number of decoys : 0
[2023-11-15 14:36:08.339] [jointLog] [info] Automatically detected most likely library type as SF

[2023-11-15 14:36:45.833] [jointLog] [info] Thread saw mini-batch with a maximum of 99.34% zero probability fragments
[2023-11-15 14:36:45.834] [jointLog] [info] Thread saw mini-batch with a maximum of 92.58% zero probability fragments
[2023-11-15 14:36:45.839] [jointLog] [info] Thread saw mini-batch with a maximum of 99.46% zero probability fragments
[2023-11-15 14:36:45.842] [jointLog] [info] Thread saw mini-batch with a maximum of 99.68% zero probability fragments
[2023-11-15 14:36:45.844] [jointLog] [info] Thread saw mini-batch with a maximum of 68.76% zero probability fragments
[2023-11-15 14:36:45.851] [jointLog] [info] Thread saw mini-batch with a maximum of 83.44% zero probability fragments
[2023-11-15 14:36:45.868] [jointLog] [info] Thread saw mini-batch with a maximum of 39.70% zero probability fragments
[2023-11-15 14:36:45.874] [jointLog] [info] Thread saw mini-batch with a maximum of 60.78% zero probability fragments
[2023-11-15 14:36:45.876] [jointLog] [info] Thread saw mini-batch with a maximum of 63.44% zero probability fragments
[2023-11-15 14:36:45.913] [jointLog] [info] Thread saw mini-batch with a maximum of 99.50% zero probability fragments
[2023-11-15 14:36:46.180] [jointLog] [info] Computed 287,193 rich equivalence classes for further processing
[2023-11-15 14:36:46.180] [jointLog] [info] Counted 17,664,994 total reads in the equivalence classes 
[2023-11-15 14:36:46.185] [jointLog] [info] Number of mappings discarded because of alignment score : 67,441,378
[2023-11-15 14:36:46.185] [jointLog] [info] Number of fragments entirely discarded because of alignment score : 572,060
[2023-11-15 14:36:46.185] [jointLog] [info] Number of fragments discarded because they are best-mapped to decoys : 0
[2023-11-15 14:36:46.185] [jointLog] [info] Number of fragments discarded because they have only dovetail (discordant) mappings to valid targets : 0
[2023-11-15 14:36:46.185] [jointLog] [info] Mapping rate = 88.4779%

[2023-11-15 14:36:46.185] [jointLog] [info] finished quantifyLibrary()
[2023-11-15 14:36:46.188] [jointLog] [info] Starting optimizer
[2023-11-15 14:36:46.182] [fileLog] [info] 
At end of round 0
==================
Observed 19965442 total fragments (19965442 in most recent round)

[2023-11-15 14:36:46.432] [jointLog] [info] Marked 0 weighted equivalence classes as degenerate
[2023-11-15 14:36:46.453] [jointLog] [info] iteration = 0 | max rel diff. = 5748.49
[2023-11-15 14:36:48.330] [jointLog] [info] iteration = 100 | max rel diff. = 18.3845
[2023-11-15 14:36:50.055] [jointLog] [info] iteration = 200 | max rel diff. = 8.49981
[2023-11-15 14:36:51.683] [jointLog] [info] iteration = 300 | max rel diff. = 2.08988
[2023-11-15 14:36:53.305] [jointLog] [info] iteration = 400 | max rel diff. = 1.83908
[2023-11-15 14:36:54.931] [jointLog] [info] iteration = 500 | max rel diff. = 0.167528
[2023-11-15 14:36:56.547] [jointLog] [info] iteration = 600 | max rel diff. = 1.13829
[2023-11-15 14:36:58.167] [jointLog] [info] iteration = 700 | max rel diff. = 0.148527
[2023-11-15 14:36:59.783] [jointLog] [info] iteration = 800 | max rel diff. = 0.0883868
[2023-11-15 14:37:01.406] [jointLog] [info] iteration = 900 | max rel diff. = 0.212194
[2023-11-15 14:37:03.025] [jointLog] [info] iteration = 1,000 | max rel diff. = 0.271377
[2023-11-15 14:37:04.648] [jointLog] [info] iteration = 1,100 | max rel diff. = 0.104225
[2023-11-15 14:37:06.271] [jointLog] [info] iteration = 1,200 | max rel diff. = 0.0261849
[2023-11-15 14:37:07.893] [jointLog] [info] iteration = 1,300 | max rel diff. = 0.055971
[2023-11-15 14:37:09.504] [jointLog] [info] iteration = 1,400 | max rel diff. = 3.38416
[2023-11-15 14:37:10.957] [jointLog] [info] iteration = 1,491 | max rel diff. = 0.0037804
[2023-11-15 14:37:10.999] [jointLog] [info] Finished optimizer
[2023-11-15 14:37:10.999] [jointLog] [info] writing output 

