[2023-11-15 13:49:01.009] [jointLog] [info] setting maxHashResizeThreads to 10
[2023-11-15 13:49:01.009] [jointLog] [info] Fragment incompatibility prior below threshold.  Incompatible fragments will be ignored.
[2023-11-15 13:49:01.009] [jointLog] [info] Usage of --validateMappings implies use of minScoreFraction. Since not explicitly specified, it is being set to 0.65
[2023-11-15 13:49:01.010] [jointLog] [info] Setting consensusSlack to selective-alignment default of 0.35.
[2023-11-15 13:49:01.010] [jointLog] [info] parsing read library format
[2023-11-15 13:49:01.010] [jointLog] [info] There is 1 library.
[2023-11-15 13:49:01.012] [jointLog] [info] Loading pufferfish index
[2023-11-15 13:49:01.013] [jointLog] [info] Loading dense pufferfish index.
[2023-11-15 13:49:11.419] [jointLog] [info] done
[2023-11-15 13:49:11.458] [jointLog] [info] Index contained 198,540 targets
[2023-11-15 13:49:11.518] [jointLog] [info] Number of decoys : 0
[2023-11-15 13:49:11.824] [jointLog] [info] Automatically detected most likely library type as SF

[2023-11-15 13:49:44.182] [jointLog] [info] Thread saw mini-batch with a maximum of 99.56% zero probability fragments
[2023-11-15 13:49:44.186] [jointLog] [info] Thread saw mini-batch with a maximum of 99.44% zero probability fragments
[2023-11-15 13:49:44.203] [jointLog] [info] Thread saw mini-batch with a maximum of 99.72% zero probability fragments
[2023-11-15 13:49:44.206] [jointLog] [info] Thread saw mini-batch with a maximum of 99.46% zero probability fragments
[2023-11-15 13:49:44.220] [jointLog] [info] Thread saw mini-batch with a maximum of 99.68% zero probability fragments
[2023-11-15 13:49:44.233] [jointLog] [info] Thread saw mini-batch with a maximum of 75.82% zero probability fragments
[2023-11-15 13:49:44.245] [jointLog] [info] Thread saw mini-batch with a maximum of 99.48% zero probability fragments
[2023-11-15 13:49:44.248] [jointLog] [info] Thread saw mini-batch with a maximum of 99.46% zero probability fragments
[2023-11-15 13:49:44.255] [jointLog] [info] Thread saw mini-batch with a maximum of 99.78% zero probability fragments
[2023-11-15 13:49:44.310] [jointLog] [info] Thread saw mini-batch with a maximum of 99.48% zero probability fragments
[2023-11-15 13:49:44.464] [jointLog] [info] Computed 235,497 rich equivalence classes for further processing
[2023-11-15 13:49:44.464] [jointLog] [info] Counted 15,028,008 total reads in the equivalence classes 
[2023-11-15 13:49:44.468] [jointLog] [info] Number of mappings discarded because of alignment score : 49,277,568
[2023-11-15 13:49:44.468] [jointLog] [info] Number of fragments entirely discarded because of alignment score : 3,508,372
[2023-11-15 13:49:44.468] [jointLog] [info] Number of fragments discarded because they are best-mapped to decoys : 0
[2023-11-15 13:49:44.468] [jointLog] [info] Number of fragments discarded because they have only dovetail (discordant) mappings to valid targets : 0
[2023-11-15 13:49:44.468] [jointLog] [info] Mapping rate = 78.4933%

[2023-11-15 13:49:44.468] [jointLog] [info] finished quantifyLibrary()
[2023-11-15 13:49:44.476] [jointLog] [info] Starting optimizer
[2023-11-15 13:49:44.636] [jointLog] [info] Marked 0 weighted equivalence classes as degenerate
[2023-11-15 13:49:44.654] [jointLog] [info] iteration = 0 | max rel diff. = 5291.2
[2023-11-15 13:49:44.465] [fileLog] [info] 
At end of round 0
==================
Observed 19145582 total fragments (19145582 in most recent round)

[2023-11-15 13:49:46.436] [jointLog] [info] iteration = 100 | max rel diff. = 12.503
[2023-11-15 13:49:48.116] [jointLog] [info] iteration = 200 | max rel diff. = 8.89215
[2023-11-15 13:49:49.733] [jointLog] [info] iteration = 300 | max rel diff. = 6.00197
[2023-11-15 13:49:51.362] [jointLog] [info] iteration = 400 | max rel diff. = 1.0655
[2023-11-15 13:49:52.967] [jointLog] [info] iteration = 500 | max rel diff. = 1.82661
[2023-11-15 13:49:54.541] [jointLog] [info] iteration = 600 | max rel diff. = 0.141396
[2023-11-15 13:49:56.148] [jointLog] [info] iteration = 700 | max rel diff. = 0.179617
[2023-11-15 13:49:57.748] [jointLog] [info] iteration = 800 | max rel diff. = 0.591069
[2023-11-15 13:49:59.342] [jointLog] [info] iteration = 900 | max rel diff. = 0.0351866
[2023-11-15 13:50:00.938] [jointLog] [info] iteration = 1,000 | max rel diff. = 0.0178645
[2023-11-15 13:50:02.540] [jointLog] [info] iteration = 1,100 | max rel diff. = 0.0924896
[2023-11-15 13:50:04.062] [jointLog] [info] iteration = 1,200 | max rel diff. = 0.0746059
[2023-11-15 13:50:04.290] [jointLog] [info] iteration = 1,216 | max rel diff. = 0.00888702
[2023-11-15 13:50:04.317] [jointLog] [info] Finished optimizer
[2023-11-15 13:50:04.317] [jointLog] [info] writing output 

