[2023-11-15 13:23:05.058] [jointLog] [info] setting maxHashResizeThreads to 10
[2023-11-15 13:23:05.058] [jointLog] [info] Fragment incompatibility prior below threshold.  Incompatible fragments will be ignored.
[2023-11-15 13:23:05.059] [jointLog] [info] Usage of --validateMappings implies use of minScoreFraction. Since not explicitly specified, it is being set to 0.65
[2023-11-15 13:23:05.059] [jointLog] [info] Setting consensusSlack to selective-alignment default of 0.35.
[2023-11-15 13:23:05.059] [jointLog] [info] parsing read library format
[2023-11-15 13:23:05.059] [jointLog] [info] There is 1 library.
[2023-11-15 13:23:05.070] [jointLog] [info] Loading pufferfish index
[2023-11-15 13:23:05.071] [jointLog] [info] Loading dense pufferfish index.
[2023-11-15 13:23:06.687] [jointLog] [info] done
[2023-11-15 13:23:06.763] [jointLog] [info] Index contained 198,540 targets
[2023-11-15 13:23:06.846] [jointLog] [info] Number of decoys : 0
[2023-11-15 13:23:07.496] [jointLog] [info] Automatically detected most likely library type as ISR

[2023-11-15 13:25:49.803] [jointLog] [info] Thread saw mini-batch with a maximum of 1.12% zero probability fragments
[2023-11-15 13:25:49.881] [jointLog] [info] Thread saw mini-batch with a maximum of 1.24% zero probability fragments
[2023-11-15 13:25:49.912] [jointLog] [info] Thread saw mini-batch with a maximum of 1.28% zero probability fragments
[2023-11-15 13:25:49.962] [jointLog] [info] Thread saw mini-batch with a maximum of 1.22% zero probability fragments
[2023-11-15 13:25:50.073] [jointLog] [info] Thread saw mini-batch with a maximum of 1.20% zero probability fragments
[2023-11-15 13:25:50.113] [jointLog] [info] Thread saw mini-batch with a maximum of 1.30% zero probability fragments
[2023-11-15 13:25:50.130] [jointLog] [info] Thread saw mini-batch with a maximum of 1.20% zero probability fragments
[2023-11-15 13:25:50.142] [jointLog] [info] Thread saw mini-batch with a maximum of 1.14% zero probability fragments
[2023-11-15 13:25:50.161] [jointLog] [info] Thread saw mini-batch with a maximum of 1.24% zero probability fragments
[2023-11-15 13:25:50.169] [jointLog] [info] Thread saw mini-batch with a maximum of 1.24% zero probability fragments
[2023-11-15 13:25:50.523] [fileLog] [info] 
At end of round 0
==================
Observed 18351598 total fragments (18351598 in most recent round)

[2023-11-15 13:25:50.522] [jointLog] [info] Computed 428,631 rich equivalence classes for further processing
[2023-11-15 13:25:50.522] [jointLog] [info] Counted 15,692,960 total reads in the equivalence classes 
[2023-11-15 13:25:50.532] [jointLog] [info] Number of mappings discarded because of alignment score : 19,548,701
[2023-11-15 13:25:50.532] [jointLog] [info] Number of fragments entirely discarded because of alignment score : 1,293,674
[2023-11-15 13:25:50.532] [jointLog] [info] Number of fragments discarded because they are best-mapped to decoys : 0
[2023-11-15 13:25:50.532] [jointLog] [info] Mapping rate = 85.5128%

[2023-11-15 13:25:50.532] [jointLog] [info] finished quantifyLibrary()
[2023-11-15 13:25:50.566] [jointLog] [info] Starting optimizer
[2023-11-15 13:25:50.826] [jointLog] [info] Marked 0 weighted equivalence classes as degenerate
[2023-11-15 13:25:50.846] [jointLog] [info] iteration = 0 | max rel diff. = 5414.06
[2023-11-15 13:25:52.758] [jointLog] [info] iteration = 100 | max rel diff. = 14.0171
[2023-11-15 13:25:54.664] [jointLog] [info] iteration = 200 | max rel diff. = 16.681
[2023-11-15 13:25:56.595] [jointLog] [info] iteration = 300 | max rel diff. = 4.67441
[2023-11-15 13:25:58.500] [jointLog] [info] iteration = 400 | max rel diff. = 7.43802
[2023-11-15 13:26:00.416] [jointLog] [info] iteration = 500 | max rel diff. = 0.951733
[2023-11-15 13:26:02.335] [jointLog] [info] iteration = 600 | max rel diff. = 0.105819
[2023-11-15 13:26:04.241] [jointLog] [info] iteration = 700 | max rel diff. = 2.49944
[2023-11-15 13:26:06.164] [jointLog] [info] iteration = 800 | max rel diff. = 19.4989
[2023-11-15 13:26:08.072] [jointLog] [info] iteration = 900 | max rel diff. = 0.0250959
[2023-11-15 13:26:09.980] [jointLog] [info] iteration = 1,000 | max rel diff. = 0.55372
[2023-11-15 13:26:11.022] [jointLog] [info] iteration = 1,055 | max rel diff. = 0.00509457
[2023-11-15 13:26:11.050] [jointLog] [info] Finished optimizer
[2023-11-15 13:26:11.050] [jointLog] [info] writing output 

