[2023-11-15 14:16:04.088] [jointLog] [info] setting maxHashResizeThreads to 10
[2023-11-15 14:16:04.088] [jointLog] [info] Fragment incompatibility prior below threshold.  Incompatible fragments will be ignored.
[2023-11-15 14:16:04.088] [jointLog] [info] Usage of --validateMappings implies use of minScoreFraction. Since not explicitly specified, it is being set to 0.65
[2023-11-15 14:16:04.089] [jointLog] [info] Setting consensusSlack to selective-alignment default of 0.35.
[2023-11-15 14:16:04.089] [jointLog] [info] parsing read library format
[2023-11-15 14:16:04.089] [jointLog] [info] There is 1 library.
[2023-11-15 14:16:04.109] [jointLog] [info] Loading pufferfish index
[2023-11-15 14:16:04.110] [jointLog] [info] Loading dense pufferfish index.
[2023-11-15 14:16:05.835] [jointLog] [info] done
[2023-11-15 14:16:05.880] [jointLog] [info] Index contained 198,540 targets
[2023-11-15 14:16:05.946] [jointLog] [info] Number of decoys : 0
[2023-11-15 14:16:06.781] [jointLog] [info] Automatically detected most likely library type as ISR

[2023-11-15 14:17:52.066] [jointLog] [info] Thread saw mini-batch with a maximum of 1.24% zero probability fragments
[2023-11-15 14:17:52.075] [jointLog] [info] Thread saw mini-batch with a maximum of 1.20% zero probability fragments
[2023-11-15 14:17:52.128] [jointLog] [info] Thread saw mini-batch with a maximum of 1.22% zero probability fragments
[2023-11-15 14:17:52.171] [jointLog] [info] Thread saw mini-batch with a maximum of 1.18% zero probability fragments
[2023-11-15 14:17:52.265] [jointLog] [info] Thread saw mini-batch with a maximum of 1.28% zero probability fragments
[2023-11-15 14:17:52.266] [jointLog] [info] Thread saw mini-batch with a maximum of 1.30% zero probability fragments
[2023-11-15 14:17:52.280] [jointLog] [info] Thread saw mini-batch with a maximum of 1.20% zero probability fragments
[2023-11-15 14:17:52.285] [jointLog] [info] Thread saw mini-batch with a maximum of 1.24% zero probability fragments
[2023-11-15 14:17:52.363] [jointLog] [info] Thread saw mini-batch with a maximum of 1.16% zero probability fragments
[2023-11-15 14:17:52.406] [jointLog] [info] Thread saw mini-batch with a maximum of 1.26% zero probability fragments
[2023-11-15 14:17:52.695] [fileLog] [info] 
At end of round 0
==================
Observed 14373390 total fragments (14373390 in most recent round)

[2023-11-15 14:17:52.694] [jointLog] [info] Computed 367,556 rich equivalence classes for further processing
[2023-11-15 14:17:52.694] [jointLog] [info] Counted 12,284,220 total reads in the equivalence classes 
[2023-11-15 14:17:52.703] [jointLog] [info] Number of mappings discarded because of alignment score : 15,768,485
[2023-11-15 14:17:52.703] [jointLog] [info] Number of fragments entirely discarded because of alignment score : 1,025,419
[2023-11-15 14:17:52.703] [jointLog] [info] Number of fragments discarded because they are best-mapped to decoys : 0
[2023-11-15 14:17:52.703] [jointLog] [info] Mapping rate = 85.465%

[2023-11-15 14:17:52.703] [jointLog] [info] finished quantifyLibrary()
[2023-11-15 14:17:52.762] [jointLog] [info] Starting optimizer
[2023-11-15 14:17:52.968] [jointLog] [info] Marked 0 weighted equivalence classes as degenerate
[2023-11-15 14:17:52.984] [jointLog] [info] iteration = 0 | max rel diff. = 4635.09
[2023-11-15 14:17:54.753] [jointLog] [info] iteration = 100 | max rel diff. = 18.652
[2023-11-15 14:17:56.710] [jointLog] [info] iteration = 200 | max rel diff. = 5.4896
[2023-11-15 14:17:58.545] [jointLog] [info] iteration = 300 | max rel diff. = 0.151965
[2023-11-15 14:18:00.403] [jointLog] [info] iteration = 400 | max rel diff. = 0.242692
[2023-11-15 14:18:02.291] [jointLog] [info] iteration = 500 | max rel diff. = 2.68116
[2023-11-15 14:18:04.170] [jointLog] [info] iteration = 600 | max rel diff. = 1.12055
[2023-11-15 14:18:06.051] [jointLog] [info] iteration = 700 | max rel diff. = 0.151605
[2023-11-15 14:18:07.916] [jointLog] [info] iteration = 800 | max rel diff. = 0.0265541
[2023-11-15 14:18:09.760] [jointLog] [info] iteration = 900 | max rel diff. = 0.123404
[2023-11-15 14:18:11.413] [jointLog] [info] iteration = 1,000 | max rel diff. = 0.370003
[2023-11-15 14:18:13.243] [jointLog] [info] iteration = 1,100 | max rel diff. = 0.016938
[2023-11-15 14:18:14.990] [jointLog] [info] iteration = 1,197 | max rel diff. = 0.00720354
[2023-11-15 14:18:15.033] [jointLog] [info] Finished optimizer
[2023-11-15 14:18:15.033] [jointLog] [info] writing output 

