[2023-11-15 14:28:33.646] [jointLog] [info] setting maxHashResizeThreads to 10
[2023-11-15 14:28:33.646] [jointLog] [info] Fragment incompatibility prior below threshold.  Incompatible fragments will be ignored.
[2023-11-15 14:28:33.647] [jointLog] [info] Usage of --validateMappings implies use of minScoreFraction. Since not explicitly specified, it is being set to 0.65
[2023-11-15 14:28:33.647] [jointLog] [info] Setting consensusSlack to selective-alignment default of 0.35.
[2023-11-15 14:28:33.647] [jointLog] [info] parsing read library format
[2023-11-15 14:28:33.647] [jointLog] [info] There is 1 library.
[2023-11-15 14:28:33.658] [jointLog] [info] Loading pufferfish index
[2023-11-15 14:28:33.660] [jointLog] [info] Loading dense pufferfish index.
[2023-11-15 14:28:42.035] [jointLog] [info] done
[2023-11-15 14:28:42.073] [jointLog] [info] Index contained 198,540 targets
[2023-11-15 14:28:42.131] [jointLog] [info] Number of decoys : 0
[2023-11-15 14:28:42.275] [jointLog] [info] Automatically detected most likely library type as SF

[2023-11-15 14:29:03.869] [jointLog] [info] Thread saw mini-batch with a maximum of 70.38% zero probability fragments
[2023-11-15 14:29:03.871] [jointLog] [info] Thread saw mini-batch with a maximum of 98.18% zero probability fragments
[2023-11-15 14:29:03.876] [jointLog] [info] Thread saw mini-batch with a maximum of 78.32% zero probability fragments
[2023-11-15 14:29:03.878] [jointLog] [info] Thread saw mini-batch with a maximum of 93.06% zero probability fragments
[2023-11-15 14:29:03.896] [jointLog] [info] Thread saw mini-batch with a maximum of 56.18% zero probability fragments
[2023-11-15 14:29:03.896] [jointLog] [info] Thread saw mini-batch with a maximum of 68.38% zero probability fragments
[2023-11-15 14:29:03.897] [jointLog] [info] Thread saw mini-batch with a maximum of 73.28% zero probability fragments
[2023-11-15 14:29:03.914] [jointLog] [info] Thread saw mini-batch with a maximum of 64.34% zero probability fragments
[2023-11-15 14:29:03.918] [jointLog] [info] Thread saw mini-batch with a maximum of 80.74% zero probability fragments
[2023-11-15 14:29:03.920] [jointLog] [info] Thread saw mini-batch with a maximum of 43.30% zero probability fragments
[2023-11-15 14:29:04.080] [jointLog] [info] Computed 216,917 rich equivalence classes for further processing
[2023-11-15 14:29:04.080] [jointLog] [info] Counted 9,817,414 total reads in the equivalence classes 
[2023-11-15 14:29:04.086] [jointLog] [info] Number of mappings discarded because of alignment score : 36,437,736
[2023-11-15 14:29:04.086] [jointLog] [info] Number of fragments entirely discarded because of alignment score : 436,732
[2023-11-15 14:29:04.086] [jointLog] [info] Number of fragments discarded because they are best-mapped to decoys : 0
[2023-11-15 14:29:04.086] [jointLog] [info] Number of fragments discarded because they have only dovetail (discordant) mappings to valid targets : 0
[2023-11-15 14:29:04.086] [jointLog] [info] Mapping rate = 86.5571%

[2023-11-15 14:29:04.086] [jointLog] [info] finished quantifyLibrary()
[2023-11-15 14:29:04.160] [jointLog] [info] Starting optimizer
[2023-11-15 14:29:04.309] [jointLog] [info] Marked 0 weighted equivalence classes as degenerate
[2023-11-15 14:29:04.327] [jointLog] [info] iteration = 0 | max rel diff. = 3970.98
[2023-11-15 14:29:04.082] [fileLog] [info] 
At end of round 0
==================
Observed 11342122 total fragments (11342122 in most recent round)

[2023-11-15 14:29:05.976] [jointLog] [info] iteration = 100 | max rel diff. = 14.6732
[2023-11-15 14:29:07.604] [jointLog] [info] iteration = 200 | max rel diff. = 3.42516
[2023-11-15 14:29:09.230] [jointLog] [info] iteration = 300 | max rel diff. = 1.91117
[2023-11-15 14:29:10.854] [jointLog] [info] iteration = 400 | max rel diff. = 0.500561
[2023-11-15 14:29:12.490] [jointLog] [info] iteration = 500 | max rel diff. = 0.102649
[2023-11-15 14:29:14.137] [jointLog] [info] iteration = 600 | max rel diff. = 0.108083
[2023-11-15 14:29:15.789] [jointLog] [info] iteration = 700 | max rel diff. = 0.0663975
[2023-11-15 14:29:17.432] [jointLog] [info] iteration = 800 | max rel diff. = 0.351597
[2023-11-15 14:29:19.073] [jointLog] [info] iteration = 900 | max rel diff. = 0.0875329
[2023-11-15 14:29:20.716] [jointLog] [info] iteration = 1,000 | max rel diff. = 0.279466
[2023-11-15 14:29:22.356] [jointLog] [info] iteration = 1,100 | max rel diff. = 0.134763
[2023-11-15 14:29:23.871] [jointLog] [info] iteration = 1,193 | max rel diff. = 0.00350831
[2023-11-15 14:29:23.904] [jointLog] [info] Finished optimizer
[2023-11-15 14:29:23.904] [jointLog] [info] writing output 

