[2023-11-15 13:38:52.585] [jointLog] [info] setting maxHashResizeThreads to 10
[2023-11-15 13:38:52.585] [jointLog] [info] Fragment incompatibility prior below threshold.  Incompatible fragments will be ignored.
[2023-11-15 13:38:52.585] [jointLog] [info] Usage of --validateMappings implies use of minScoreFraction. Since not explicitly specified, it is being set to 0.65
[2023-11-15 13:38:52.586] [jointLog] [info] Setting consensusSlack to selective-alignment default of 0.35.
[2023-11-15 13:38:52.586] [jointLog] [info] parsing read library format
[2023-11-15 13:38:52.586] [jointLog] [info] There is 1 library.
[2023-11-15 13:38:52.593] [jointLog] [info] Loading pufferfish index
[2023-11-15 13:38:52.594] [jointLog] [info] Loading dense pufferfish index.
[2023-11-15 13:39:01.601] [jointLog] [info] done
[2023-11-15 13:39:01.641] [jointLog] [info] Index contained 198,540 targets
[2023-11-15 13:39:01.703] [jointLog] [info] Number of decoys : 0
[2023-11-15 13:39:01.910] [jointLog] [info] Automatically detected most likely library type as SF

[2023-11-15 13:39:32.957] [jointLog] [info] Thread saw mini-batch with a maximum of 46.10% zero probability fragments
[2023-11-15 13:39:32.969] [jointLog] [info] Thread saw mini-batch with a maximum of 21.60% zero probability fragments
[2023-11-15 13:39:32.988] [jointLog] [info] Thread saw mini-batch with a maximum of 41.64% zero probability fragments
[2023-11-15 13:39:33.001] [jointLog] [info] Thread saw mini-batch with a maximum of 48.96% zero probability fragments
[2023-11-15 13:39:33.007] [jointLog] [info] Thread saw mini-batch with a maximum of 78.08% zero probability fragments
[2023-11-15 13:39:33.009] [jointLog] [info] Thread saw mini-batch with a maximum of 82.26% zero probability fragments
[2023-11-15 13:39:33.010] [jointLog] [info] Thread saw mini-batch with a maximum of 72.54% zero probability fragments
[2023-11-15 13:39:33.059] [jointLog] [info] Thread saw mini-batch with a maximum of 20.66% zero probability fragments
[2023-11-15 13:39:33.120] [jointLog] [info] Thread saw mini-batch with a maximum of 29.66% zero probability fragments
[2023-11-15 13:39:33.132] [jointLog] [info] Thread saw mini-batch with a maximum of 79.78% zero probability fragments
[2023-11-15 13:39:33.305] [jointLog] [info] Computed 261,099 rich equivalence classes for further processing
[2023-11-15 13:39:33.305] [jointLog] [info] Counted 12,120,655 total reads in the equivalence classes 
[2023-11-15 13:39:33.308] [jointLog] [info] Number of mappings discarded because of alignment score : 51,185,341
[2023-11-15 13:39:33.308] [jointLog] [info] Number of fragments entirely discarded because of alignment score : 1,402,475
[2023-11-15 13:39:33.308] [jointLog] [info] Number of fragments discarded because they are best-mapped to decoys : 0
[2023-11-15 13:39:33.308] [jointLog] [info] Number of fragments discarded because they have only dovetail (discordant) mappings to valid targets : 0
[2023-11-15 13:39:33.308] [jointLog] [info] Mapping rate = 88.0244%

[2023-11-15 13:39:33.308] [jointLog] [info] finished quantifyLibrary()
[2023-11-15 13:39:33.322] [jointLog] [info] Starting optimizer
[2023-11-15 13:39:33.306] [fileLog] [info] 
At end of round 0
==================
Observed 13769646 total fragments (13769646 in most recent round)

[2023-11-15 13:39:33.501] [jointLog] [info] Marked 0 weighted equivalence classes as degenerate
[2023-11-15 13:39:33.520] [jointLog] [info] iteration = 0 | max rel diff. = 4622.22
[2023-11-15 13:39:35.339] [jointLog] [info] iteration = 100 | max rel diff. = 17.8747
[2023-11-15 13:39:37.275] [jointLog] [info] iteration = 200 | max rel diff. = 10.0076
[2023-11-15 13:39:39.086] [jointLog] [info] iteration = 300 | max rel diff. = 4.29698
[2023-11-15 13:39:40.777] [jointLog] [info] iteration = 400 | max rel diff. = 0.269632
[2023-11-15 13:39:42.486] [jointLog] [info] iteration = 500 | max rel diff. = 0.264565
[2023-11-15 13:39:44.209] [jointLog] [info] iteration = 600 | max rel diff. = 0.239317
[2023-11-15 13:39:45.919] [jointLog] [info] iteration = 700 | max rel diff. = 0.357958
[2023-11-15 13:39:47.659] [jointLog] [info] iteration = 800 | max rel diff. = 0.108158
[2023-11-15 13:39:49.396] [jointLog] [info] iteration = 900 | max rel diff. = 0.0540507
[2023-11-15 13:39:51.081] [jointLog] [info] iteration = 1,000 | max rel diff. = 0.0165506
[2023-11-15 13:39:52.743] [jointLog] [info] iteration = 1,100 | max rel diff. = 0.249208
[2023-11-15 13:39:54.450] [jointLog] [info] iteration = 1,200 | max rel diff. = 0.12462
[2023-11-15 13:39:56.139] [jointLog] [info] iteration = 1,300 | max rel diff. = 0.0123279
[2023-11-15 13:39:57.831] [jointLog] [info] iteration = 1,400 | max rel diff. = 0.0257539
[2023-11-15 13:39:59.521] [jointLog] [info] iteration = 1,500 | max rel diff. = 0.0325657
[2023-11-15 13:40:00.102] [jointLog] [info] iteration = 1,534 | max rel diff. = 0.00781438
[2023-11-15 13:40:00.130] [jointLog] [info] Finished optimizer
[2023-11-15 13:40:00.130] [jointLog] [info] writing output 

