[2025-06-05 11:01:38.461] [jointLog] [info] setting maxHashResizeThreads to 10
[2025-06-05 11:01:38.461] [jointLog] [info] Fragment incompatibility prior below threshold.  Incompatible fragments will be ignored.
[2025-06-05 11:01:38.461] [jointLog] [info] Usage of --validateMappings implies use of minScoreFraction. Since not explicitly specified, it is being set to 0.65
[2025-06-05 11:01:38.462] [jointLog] [info] Setting consensusSlack to selective-alignment default of 0.35.
[2025-06-05 11:01:38.462] [jointLog] [info] parsing read library format
[2025-06-05 11:01:38.462] [jointLog] [info] There is 1 library.
[2025-06-05 11:01:38.465] [jointLog] [info] Loading pufferfish index
[2025-06-05 11:01:38.466] [jointLog] [info] Loading dense pufferfish index.
[2025-06-05 11:01:46.293] [jointLog] [info] done
[2025-06-05 11:01:46.332] [jointLog] [info] Index contained 198,540 targets
[2025-06-05 11:01:46.391] [jointLog] [info] Number of decoys : 0
[2025-06-05 11:01:46.529] [jointLog] [info] Automatically detected most likely library type as SF

[2025-06-05 11:02:48.943] [jointLog] [info] Thread saw mini-batch with a maximum of 99.68% zero probability fragments
[2025-06-05 11:02:48.944] [jointLog] [info] Thread saw mini-batch with a maximum of 99.70% zero probability fragments
[2025-06-05 11:02:48.945] [jointLog] [info] Thread saw mini-batch with a maximum of 99.44% zero probability fragments
[2025-06-05 11:02:48.949] [jointLog] [info] Thread saw mini-batch with a maximum of 99.56% zero probability fragments
[2025-06-05 11:02:48.953] [jointLog] [info] Thread saw mini-batch with a maximum of 99.58% zero probability fragments
[2025-06-05 11:02:48.954] [jointLog] [info] Thread saw mini-batch with a maximum of 99.22% zero probability fragments
[2025-06-05 11:02:48.990] [jointLog] [info] Thread saw mini-batch with a maximum of 99.26% zero probability fragments
[2025-06-05 11:02:48.992] [jointLog] [info] Thread saw mini-batch with a maximum of 99.50% zero probability fragments
[2025-06-05 11:02:49.000] [jointLog] [info] Thread saw mini-batch with a maximum of 99.46% zero probability fragments
[2025-06-05 11:02:49.067] [jointLog] [info] Thread saw mini-batch with a maximum of 99.10% zero probability fragments
[2025-06-05 11:02:49.312] [jointLog] [info] Computed 314,869 rich equivalence classes for further processing
[2025-06-05 11:02:49.312] [jointLog] [info] Counted 30,379,591 total reads in the equivalence classes 
[2025-06-05 11:02:49.317] [jointLog] [info] Number of mappings discarded because of alignment score : 93,280,993
[2025-06-05 11:02:49.317] [jointLog] [info] Number of fragments entirely discarded because of alignment score : 7,375,617
[2025-06-05 11:02:49.317] [jointLog] [info] Number of fragments discarded because they are best-mapped to decoys : 0
[2025-06-05 11:02:49.317] [jointLog] [info] Number of fragments discarded because they have only dovetail (discordant) mappings to valid targets : 0
[2025-06-05 11:02:49.317] [jointLog] [info] Mapping rate = 78.825%

[2025-06-05 11:02:49.317] [jointLog] [info] finished quantifyLibrary()
[2025-06-05 11:02:49.320] [jointLog] [info] Starting optimizer
[2025-06-05 11:02:49.492] [jointLog] [info] Marked 0 weighted equivalence classes as degenerate
[2025-06-05 11:02:49.513] [jointLog] [info] iteration = 0 | max rel diff. = 6001.96
[2025-06-05 11:02:49.314] [fileLog] [info] 
At end of round 0
==================
Observed 38540542 total fragments (38540542 in most recent round)

[2025-06-05 11:02:51.351] [jointLog] [info] iteration = 100 | max rel diff. = 12.041
[2025-06-05 11:02:53.089] [jointLog] [info] iteration = 200 | max rel diff. = 10.8997
[2025-06-05 11:02:54.775] [jointLog] [info] iteration = 300 | max rel diff. = 13.8841
[2025-06-05 11:02:56.455] [jointLog] [info] iteration = 400 | max rel diff. = 11.4882
[2025-06-05 11:02:58.133] [jointLog] [info] iteration = 500 | max rel diff. = 13.8975
[2025-06-05 11:02:59.813] [jointLog] [info] iteration = 600 | max rel diff. = 0.984189
[2025-06-05 11:03:01.491] [jointLog] [info] iteration = 700 | max rel diff. = 0.609303
[2025-06-05 11:03:03.170] [jointLog] [info] iteration = 800 | max rel diff. = 0.0855716
[2025-06-05 11:03:04.849] [jointLog] [info] iteration = 900 | max rel diff. = 0.420748
[2025-06-05 11:03:06.529] [jointLog] [info] iteration = 1,000 | max rel diff. = 0.208242
[2025-06-05 11:03:08.250] [jointLog] [info] iteration = 1,100 | max rel diff. = 0.0455944
[2025-06-05 11:03:09.958] [jointLog] [info] iteration = 1,200 | max rel diff. = 0.130561
[2025-06-05 11:03:10.819] [jointLog] [info] iteration = 1,252 | max rel diff. = 0.00632589
[2025-06-05 11:03:10.845] [jointLog] [info] Finished optimizer
[2025-06-05 11:03:10.845] [jointLog] [info] writing output 

