[2023-11-15 13:25:41.091] [jointLog] [info] setting maxHashResizeThreads to 10
[2023-11-15 13:25:41.091] [jointLog] [info] Fragment incompatibility prior below threshold.  Incompatible fragments will be ignored.
[2023-11-15 13:25:41.091] [jointLog] [info] Usage of --validateMappings implies use of minScoreFraction. Since not explicitly specified, it is being set to 0.65
[2023-11-15 13:25:41.092] [jointLog] [info] Setting consensusSlack to selective-alignment default of 0.35.
[2023-11-15 13:25:41.092] [jointLog] [info] parsing read library format
[2023-11-15 13:25:41.092] [jointLog] [info] There is 1 library.
[2023-11-15 13:25:41.096] [jointLog] [info] Loading pufferfish index
[2023-11-15 13:25:41.098] [jointLog] [info] Loading dense pufferfish index.
[2023-11-15 13:25:43.993] [jointLog] [info] done
[2023-11-15 13:25:44.035] [jointLog] [info] Index contained 198,540 targets
[2023-11-15 13:25:44.094] [jointLog] [info] Number of decoys : 0
[2023-11-15 13:25:44.524] [jointLog] [info] Automatically detected most likely library type as ISR

[2023-11-15 13:29:09.636] [jointLog] [info] Thread saw mini-batch with a maximum of 1.08% zero probability fragments
[2023-11-15 13:29:09.673] [jointLog] [info] Thread saw mini-batch with a maximum of 1.10% zero probability fragments
[2023-11-15 13:29:09.697] [jointLog] [info] Thread saw mini-batch with a maximum of 1.02% zero probability fragments
[2023-11-15 13:29:09.745] [jointLog] [info] Thread saw mini-batch with a maximum of 1.20% zero probability fragments
[2023-11-15 13:29:09.750] [jointLog] [info] Thread saw mini-batch with a maximum of 1.10% zero probability fragments
[2023-11-15 13:29:09.757] [jointLog] [info] Thread saw mini-batch with a maximum of 1.16% zero probability fragments
[2023-11-15 13:29:09.766] [jointLog] [info] Thread saw mini-batch with a maximum of 1.16% zero probability fragments
[2023-11-15 13:29:09.769] [jointLog] [info] Thread saw mini-batch with a maximum of 1.14% zero probability fragments
[2023-11-15 13:29:09.774] [jointLog] [info] Thread saw mini-batch with a maximum of 1.16% zero probability fragments
[2023-11-15 13:29:09.812] [jointLog] [info] Thread saw mini-batch with a maximum of 1.10% zero probability fragments
[2023-11-15 13:29:10.296] [fileLog] [info] 
At end of round 0
==================
Observed 46048393 total fragments (46048393 in most recent round)

[2023-11-15 13:29:10.294] [jointLog] [info] Computed 828,922 rich equivalence classes for further processing
[2023-11-15 13:29:10.294] [jointLog] [info] Counted 42,062,525 total reads in the equivalence classes 
[2023-11-15 13:29:10.304] [jointLog] [info] Number of mappings discarded because of alignment score : 36,498,193
[2023-11-15 13:29:10.304] [jointLog] [info] Number of fragments entirely discarded because of alignment score : 2,662,681
[2023-11-15 13:29:10.304] [jointLog] [info] Number of fragments discarded because they are best-mapped to decoys : 0
[2023-11-15 13:29:10.304] [jointLog] [info] Mapping rate = 91.3442%

[2023-11-15 13:29:10.304] [jointLog] [info] finished quantifyLibrary()
[2023-11-15 13:29:10.452] [jointLog] [info] Starting optimizer
[2023-11-15 13:29:10.684] [jointLog] [info] Marked 0 weighted equivalence classes as degenerate
[2023-11-15 13:29:10.717] [jointLog] [info] iteration = 0 | max rel diff. = 3343.86
[2023-11-15 13:29:13.844] [jointLog] [info] iteration = 100 | max rel diff. = 5.53919
[2023-11-15 13:29:16.674] [jointLog] [info] iteration = 200 | max rel diff. = 5.0721
[2023-11-15 13:29:19.406] [jointLog] [info] iteration = 300 | max rel diff. = 0.372081
[2023-11-15 13:29:21.985] [jointLog] [info] iteration = 400 | max rel diff. = 0.917558
[2023-11-15 13:29:24.569] [jointLog] [info] iteration = 500 | max rel diff. = 0.580908
[2023-11-15 13:29:27.139] [jointLog] [info] iteration = 600 | max rel diff. = 0.221911
[2023-11-15 13:29:29.707] [jointLog] [info] iteration = 700 | max rel diff. = 1.82257
[2023-11-15 13:29:32.121] [jointLog] [info] iteration = 800 | max rel diff. = 0.208283
[2023-11-15 13:29:34.488] [jointLog] [info] iteration = 900 | max rel diff. = 0.0890296
[2023-11-15 13:29:36.855] [jointLog] [info] iteration = 1,000 | max rel diff. = 0.126834
[2023-11-15 13:29:39.217] [jointLog] [info] iteration = 1,100 | max rel diff. = 0.066258
[2023-11-15 13:29:40.625] [jointLog] [info] iteration = 1,158 | max rel diff. = 0.00565108
[2023-11-15 13:29:40.661] [jointLog] [info] Finished optimizer
[2023-11-15 13:29:40.661] [jointLog] [info] writing output 

