[2025-08-07 14:54:23.021] [jointLog] [info] setting maxHashResizeThreads to 10
[2025-08-07 14:54:23.021] [jointLog] [info] Fragment incompatibility prior below threshold.  Incompatible fragments will be ignored.
[2025-08-07 14:54:23.022] [jointLog] [info] Usage of --validateMappings implies use of minScoreFraction. Since not explicitly specified, it is being set to 0.65
[2025-08-07 14:54:23.022] [jointLog] [info] Setting consensusSlack to selective-alignment default of 0.35.
[2025-08-07 14:54:23.022] [jointLog] [info] parsing read library format
[2025-08-07 14:54:23.022] [jointLog] [info] There is 1 library.
[2025-08-07 14:54:23.033] [jointLog] [info] Loading pufferfish index
[2025-08-07 14:54:23.045] [jointLog] [info] Loading dense pufferfish index.
[2025-08-07 14:54:36.681] [jointLog] [info] done
[2025-08-07 14:54:36.756] [jointLog] [info] Index contained 198,540 targets
[2025-08-07 14:54:36.849] [jointLog] [info] Number of decoys : 0
[2025-08-07 14:54:37.065] [jointLog] [info] Automatically detected most likely library type as SF

[2025-08-07 14:54:44.099] [fileLog] [info] 
At end of round 0
==================
Observed 3557537 total fragments (3557537 in most recent round)

[2025-08-07 14:54:43.885] [jointLog] [info] Thread saw mini-batch with a maximum of 1.38% zero probability fragments
[2025-08-07 14:54:43.888] [jointLog] [info] Thread saw mini-batch with a maximum of 8.16% zero probability fragments
[2025-08-07 14:54:43.897] [jointLog] [info] Thread saw mini-batch with a maximum of 8.16% zero probability fragments
[2025-08-07 14:54:43.917] [jointLog] [info] Thread saw mini-batch with a maximum of 6.56% zero probability fragments
[2025-08-07 14:54:43.930] [jointLog] [info] Thread saw mini-batch with a maximum of 13.88% zero probability fragments
[2025-08-07 14:54:43.931] [jointLog] [info] Thread saw mini-batch with a maximum of 9.82% zero probability fragments
[2025-08-07 14:54:43.931] [jointLog] [info] Thread saw mini-batch with a maximum of 2.82% zero probability fragments
[2025-08-07 14:54:43.964] [jointLog] [info] Thread saw mini-batch with a maximum of 24.34% zero probability fragments
[2025-08-07 14:54:43.964] [jointLog] [info] Thread saw mini-batch with a maximum of 6.68% zero probability fragments
[2025-08-07 14:54:43.998] [jointLog] [info] Thread saw mini-batch with a maximum of 3.08% zero probability fragments
[2025-08-07 14:54:44.098] [jointLog] [info] Computed 107,698 rich equivalence classes for further processing
[2025-08-07 14:54:44.098] [jointLog] [info] Counted 2,265,693 total reads in the equivalence classes 
[2025-08-07 14:54:44.105] [jointLog] [info] Number of mappings discarded because of alignment score : 8,840,992
[2025-08-07 14:54:44.105] [jointLog] [info] Number of fragments entirely discarded because of alignment score : 1,057,714
[2025-08-07 14:54:44.105] [jointLog] [info] Number of fragments discarded because they are best-mapped to decoys : 0
[2025-08-07 14:54:44.105] [jointLog] [info] Number of fragments discarded because they have only dovetail (discordant) mappings to valid targets : 0
[2025-08-07 14:54:44.126] [jointLog] [warning] Only 2265693 fragments were mapped, but the number of burn-in fragments was set to 5000000.
The effective lengths have been computed using the observed mappings.

[2025-08-07 14:54:44.126] [jointLog] [info] Mapping rate = 63.6871%

[2025-08-07 14:54:44.126] [jointLog] [info] finished quantifyLibrary()
[2025-08-07 14:54:44.128] [jointLog] [info] Starting optimizer
[2025-08-07 14:54:44.241] [jointLog] [info] Marked 0 weighted equivalence classes as degenerate
[2025-08-07 14:54:44.256] [jointLog] [info] iteration = 0 | max rel diff. = 1087.64
[2025-08-07 14:54:45.626] [jointLog] [info] iteration = 100 | max rel diff. = 16.9021
[2025-08-07 14:54:46.991] [jointLog] [info] iteration = 200 | max rel diff. = 6.95103
[2025-08-07 14:54:48.349] [jointLog] [info] iteration = 300 | max rel diff. = 0.703853
[2025-08-07 14:54:49.707] [jointLog] [info] iteration = 400 | max rel diff. = 0.280504
[2025-08-07 14:54:51.066] [jointLog] [info] iteration = 500 | max rel diff. = 0.105086
[2025-08-07 14:54:52.434] [jointLog] [info] iteration = 600 | max rel diff. = 0.0193797
[2025-08-07 14:54:53.792] [jointLog] [info] iteration = 700 | max rel diff. = 0.0292877
[2025-08-07 14:54:55.142] [jointLog] [info] iteration = 800 | max rel diff. = 0.0203278
[2025-08-07 14:54:56.495] [jointLog] [info] iteration = 900 | max rel diff. = 0.00277989
[2025-08-07 14:54:56.495] [jointLog] [info] iteration = 901 | max rel diff. = 0.00277989
[2025-08-07 14:54:56.527] [jointLog] [info] Finished optimizer
[2025-08-07 14:54:56.527] [jointLog] [info] writing output 

