[2023-11-15 14:00:46.524] [jointLog] [info] setting maxHashResizeThreads to 10
[2023-11-15 14:00:46.524] [jointLog] [info] Fragment incompatibility prior below threshold.  Incompatible fragments will be ignored.
[2023-11-15 14:00:46.525] [jointLog] [info] Usage of --validateMappings implies use of minScoreFraction. Since not explicitly specified, it is being set to 0.65
[2023-11-15 14:00:46.525] [jointLog] [info] Setting consensusSlack to selective-alignment default of 0.35.
[2023-11-15 14:00:46.525] [jointLog] [info] parsing read library format
[2023-11-15 14:00:46.525] [jointLog] [info] There is 1 library.
[2023-11-15 14:00:46.528] [jointLog] [info] Loading pufferfish index
[2023-11-15 14:00:46.529] [jointLog] [info] Loading dense pufferfish index.
[2023-11-15 14:00:48.431] [jointLog] [info] done
[2023-11-15 14:00:48.471] [jointLog] [info] Index contained 198,540 targets
[2023-11-15 14:00:48.534] [jointLog] [info] Number of decoys : 0
[2023-11-15 14:00:49.408] [jointLog] [info] Computed 46 rich equivalence classes for further processing
[2023-11-15 14:00:49.408] [jointLog] [info] Counted 169 total reads in the equivalence classes 
[2023-11-15 14:00:49.412] [jointLog] [info] Number of mappings discarded because of alignment score : 315,289
[2023-11-15 14:00:49.412] [jointLog] [info] Number of fragments entirely discarded because of alignment score : 495
[2023-11-15 14:00:49.412] [jointLog] [info] Number of fragments discarded because they are best-mapped to decoys : 0
[2023-11-15 14:00:49.434] [jointLog] [warning] Only 169 fragments were mapped, but the number of burn-in fragments was set to 5000000.
The effective lengths have been computed using the observed mappings.

[2023-11-15 14:00:49.434] [jointLog] [info] Mapping rate = 1.61908%

[2023-11-15 14:00:49.434] [jointLog] [info] finished quantifyLibrary()
[2023-11-15 14:00:49.470] [jointLog] [info] Starting optimizer
[2023-11-15 14:00:49.550] [jointLog] [info] Marked 0 weighted equivalence classes as degenerate
[2023-11-15 14:00:49.560] [jointLog] [info] iteration = 0 | max rel diff. = 0.999961
[2023-11-15 14:00:49.410] [fileLog] [info] 
At end of round 0
==================
Observed 10438 total fragments (10438 in most recent round)

[2023-11-15 14:00:50.339] [jointLog] [info] iteration = 100 | max rel diff. = 0
[2023-11-15 14:00:50.373] [jointLog] [info] Finished optimizer
[2023-11-15 14:00:50.373] [jointLog] [info] writing output 

[2023-11-15 14:00:50.751] [jointLog] [warning] NOTE: Read Lib [[ /dev/fd/63, /dev/fd/62]] :

Detected a *potential* strand bias > 1% in an unstranded protocol check the file: salmon/NM2023_0113/lib_format_counts.json for details

