[2023-11-15 14:05:35.560] [jointLog] [info] setting maxHashResizeThreads to 10
[2023-11-15 14:05:35.560] [jointLog] [info] Fragment incompatibility prior below threshold.  Incompatible fragments will be ignored.
[2023-11-15 14:05:35.561] [jointLog] [info] Usage of --validateMappings implies use of minScoreFraction. Since not explicitly specified, it is being set to 0.65
[2023-11-15 14:05:35.561] [jointLog] [info] Setting consensusSlack to selective-alignment default of 0.35.
[2023-11-15 14:05:35.561] [jointLog] [info] parsing read library format
[2023-11-15 14:05:35.561] [jointLog] [info] There is 1 library.
[2023-11-15 14:05:35.568] [jointLog] [info] Loading pufferfish index
[2023-11-15 14:05:35.568] [jointLog] [info] Loading dense pufferfish index.
[2023-11-15 14:05:37.114] [jointLog] [info] done
[2023-11-15 14:05:37.151] [jointLog] [info] Index contained 198,540 targets
[2023-11-15 14:05:37.210] [jointLog] [info] Number of decoys : 0
[2023-11-15 14:05:37.811] [jointLog] [info] Automatically detected most likely library type as ISR

[2023-11-15 14:08:24.677] [jointLog] [info] Thread saw mini-batch with a maximum of 1.20% zero probability fragments
[2023-11-15 14:08:24.704] [jointLog] [info] Thread saw mini-batch with a maximum of 1.20% zero probability fragments
[2023-11-15 14:08:24.716] [jointLog] [info] Thread saw mini-batch with a maximum of 1.18% zero probability fragments
[2023-11-15 14:08:24.731] [jointLog] [info] Thread saw mini-batch with a maximum of 1.32% zero probability fragments
[2023-11-15 14:08:24.735] [jointLog] [info] Thread saw mini-batch with a maximum of 1.20% zero probability fragments
[2023-11-15 14:08:24.749] [jointLog] [info] Thread saw mini-batch with a maximum of 1.18% zero probability fragments
[2023-11-15 14:08:24.787] [jointLog] [info] Thread saw mini-batch with a maximum of 1.20% zero probability fragments
[2023-11-15 14:08:24.830] [jointLog] [info] Thread saw mini-batch with a maximum of 1.20% zero probability fragments
[2023-11-15 14:08:24.987] [jointLog] [info] Thread saw mini-batch with a maximum of 1.18% zero probability fragments
[2023-11-15 14:08:25.011] [jointLog] [info] Thread saw mini-batch with a maximum of 1.30% zero probability fragments
[2023-11-15 14:08:25.429] [jointLog] [info] Computed 471,995 rich equivalence classes for further processing
[2023-11-15 14:08:25.429] [jointLog] [info] Counted 20,028,063 total reads in the equivalence classes 
[2023-11-15 14:08:25.447] [jointLog] [info] Number of mappings discarded because of alignment score : 25,533,210
[2023-11-15 14:08:25.447] [jointLog] [info] Number of fragments entirely discarded because of alignment score : 1,685,926
[2023-11-15 14:08:25.447] [jointLog] [info] Number of fragments discarded because they are best-mapped to decoys : 0
[2023-11-15 14:08:25.447] [jointLog] [info] Mapping rate = 85.3452%

[2023-11-15 14:08:25.447] [jointLog] [info] finished quantifyLibrary()
[2023-11-15 14:08:25.537] [jointLog] [info] Starting optimizer
[2023-11-15 14:08:25.768] [jointLog] [info] Marked 0 weighted equivalence classes as degenerate
[2023-11-15 14:08:25.789] [jointLog] [info] iteration = 0 | max rel diff. = 6043.76
[2023-11-15 14:08:25.430] [fileLog] [info] 
At end of round 0
==================
Observed 23467129 total fragments (23467129 in most recent round)

[2023-11-15 14:08:27.519] [jointLog] [info] iteration = 100 | max rel diff. = 15.7492
[2023-11-15 14:08:29.158] [jointLog] [info] iteration = 200 | max rel diff. = 20.3303
[2023-11-15 14:08:30.789] [jointLog] [info] iteration = 300 | max rel diff. = 0.534182
[2023-11-15 14:08:32.417] [jointLog] [info] iteration = 400 | max rel diff. = 1.31536
[2023-11-15 14:08:34.075] [jointLog] [info] iteration = 500 | max rel diff. = 3.0772
[2023-11-15 14:08:35.733] [jointLog] [info] iteration = 600 | max rel diff. = 0.22462
[2023-11-15 14:08:37.399] [jointLog] [info] iteration = 700 | max rel diff. = 0.024689
[2023-11-15 14:08:39.060] [jointLog] [info] iteration = 800 | max rel diff. = 0.100638
[2023-11-15 14:08:40.740] [jointLog] [info] iteration = 900 | max rel diff. = 1.39848
[2023-11-15 14:08:42.446] [jointLog] [info] iteration = 1,000 | max rel diff. = 0.521973
[2023-11-15 14:08:44.172] [jointLog] [info] iteration = 1,100 | max rel diff. = 0.0228793
[2023-11-15 14:08:45.888] [jointLog] [info] iteration = 1,200 | max rel diff. = 0.0309543
[2023-11-15 14:08:47.613] [jointLog] [info] iteration = 1,300 | max rel diff. = 0.452756
[2023-11-15 14:08:49.314] [jointLog] [info] iteration = 1,400 | max rel diff. = 0.0288747
[2023-11-15 14:08:49.894] [jointLog] [info] iteration = 1,436 | max rel diff. = 0.00468237
[2023-11-15 14:08:49.938] [jointLog] [info] Finished optimizer
[2023-11-15 14:08:49.938] [jointLog] [info] writing output 

