[2025-08-07 15:26:56.139] [jointLog] [info] setting maxHashResizeThreads to 10
[2025-08-07 15:26:56.139] [jointLog] [info] Fragment incompatibility prior below threshold.  Incompatible fragments will be ignored.
[2025-08-07 15:26:56.139] [jointLog] [info] Usage of --validateMappings implies use of minScoreFraction. Since not explicitly specified, it is being set to 0.65
[2025-08-07 15:26:56.140] [jointLog] [info] Setting consensusSlack to selective-alignment default of 0.35.
[2025-08-07 15:26:56.140] [jointLog] [info] parsing read library format
[2025-08-07 15:26:56.140] [jointLog] [info] There is 1 library.
[2025-08-07 15:26:56.143] [jointLog] [info] Loading pufferfish index
[2025-08-07 15:26:56.144] [jointLog] [info] Loading dense pufferfish index.
[2025-08-07 15:27:06.962] [jointLog] [info] done
[2025-08-07 15:27:07.042] [jointLog] [info] Index contained 198,540 targets
[2025-08-07 15:27:07.126] [jointLog] [info] Number of decoys : 0
[2025-08-07 15:27:07.317] [jointLog] [info] Automatically detected most likely library type as SF

[2025-08-07 15:27:28.022] [jointLog] [info] Thread saw mini-batch with a maximum of 26.38% zero probability fragments
[2025-08-07 15:27:28.022] [jointLog] [info] Thread saw mini-batch with a maximum of 23.60% zero probability fragments
[2025-08-07 15:27:28.028] [jointLog] [info] Thread saw mini-batch with a maximum of 73.40% zero probability fragments
[2025-08-07 15:27:28.034] [jointLog] [info] Thread saw mini-batch with a maximum of 30.66% zero probability fragments
[2025-08-07 15:27:28.063] [jointLog] [info] Thread saw mini-batch with a maximum of 9.22% zero probability fragments
[2025-08-07 15:27:28.065] [jointLog] [info] Thread saw mini-batch with a maximum of 86.24% zero probability fragments
[2025-08-07 15:27:28.066] [jointLog] [info] Thread saw mini-batch with a maximum of 24.58% zero probability fragments
[2025-08-07 15:27:28.083] [jointLog] [info] Thread saw mini-batch with a maximum of 19.66% zero probability fragments
[2025-08-07 15:27:28.083] [jointLog] [info] Thread saw mini-batch with a maximum of 11.50% zero probability fragments
[2025-08-07 15:27:28.088] [jointLog] [info] Thread saw mini-batch with a maximum of 5.10% zero probability fragments
[2025-08-07 15:27:28.264] [jointLog] [info] Computed 177,660 rich equivalence classes for further processing
[2025-08-07 15:27:28.264] [jointLog] [info] Counted 7,096,270 total reads in the equivalence classes 
[2025-08-07 15:27:28.271] [jointLog] [info] Number of mappings discarded because of alignment score : 27,683,506
[2025-08-07 15:27:28.271] [jointLog] [info] Number of fragments entirely discarded because of alignment score : 2,624,467
[2025-08-07 15:27:28.271] [jointLog] [info] Number of fragments discarded because they are best-mapped to decoys : 0
[2025-08-07 15:27:28.271] [jointLog] [info] Number of fragments discarded because they have only dovetail (discordant) mappings to valid targets : 0
[2025-08-07 15:27:28.271] [jointLog] [info] Mapping rate = 67.6958%

[2025-08-07 15:27:28.271] [jointLog] [info] finished quantifyLibrary()
[2025-08-07 15:27:28.273] [jointLog] [info] Starting optimizer
[2025-08-07 15:27:28.265] [fileLog] [info] 
At end of round 0
==================
Observed 10482585 total fragments (10482585 in most recent round)

[2025-08-07 15:27:28.431] [jointLog] [info] Marked 0 weighted equivalence classes as degenerate
[2025-08-07 15:27:28.448] [jointLog] [info] iteration = 0 | max rel diff. = 3064.6
[2025-08-07 15:27:30.020] [jointLog] [info] iteration = 100 | max rel diff. = 13.6849
[2025-08-07 15:27:31.580] [jointLog] [info] iteration = 200 | max rel diff. = 1.45398
[2025-08-07 15:27:33.136] [jointLog] [info] iteration = 300 | max rel diff. = 3.92624
[2025-08-07 15:27:34.694] [jointLog] [info] iteration = 400 | max rel diff. = 2.40588
[2025-08-07 15:27:36.254] [jointLog] [info] iteration = 500 | max rel diff. = 2.52494
[2025-08-07 15:27:37.813] [jointLog] [info] iteration = 600 | max rel diff. = 0.387525
[2025-08-07 15:27:39.371] [jointLog] [info] iteration = 700 | max rel diff. = 0.0652137
[2025-08-07 15:27:40.932] [jointLog] [info] iteration = 800 | max rel diff. = 0.613488
[2025-08-07 15:27:42.492] [jointLog] [info] iteration = 900 | max rel diff. = 0.0416586
[2025-08-07 15:27:44.048] [jointLog] [info] iteration = 1,000 | max rel diff. = 0.0767708
[2025-08-07 15:27:45.608] [jointLog] [info] iteration = 1,100 | max rel diff. = 0.178834
[2025-08-07 15:27:46.636] [jointLog] [info] iteration = 1,167 | max rel diff. = 0.00295461
[2025-08-07 15:27:46.665] [jointLog] [info] Finished optimizer
[2025-08-07 15:27:46.665] [jointLog] [info] writing output 

