[2023-11-15 14:46:02.440] [jointLog] [info] setting maxHashResizeThreads to 10
[2023-11-15 14:46:02.440] [jointLog] [info] Fragment incompatibility prior below threshold.  Incompatible fragments will be ignored.
[2023-11-15 14:46:02.441] [jointLog] [info] Usage of --validateMappings implies use of minScoreFraction. Since not explicitly specified, it is being set to 0.65
[2023-11-15 14:46:02.441] [jointLog] [info] Setting consensusSlack to selective-alignment default of 0.35.
[2023-11-15 14:46:02.441] [jointLog] [info] parsing read library format
[2023-11-15 14:46:02.441] [jointLog] [info] There is 1 library.
[2023-11-15 14:46:02.487] [jointLog] [info] Loading pufferfish index
[2023-11-15 14:46:02.494] [jointLog] [info] Loading dense pufferfish index.
[2023-11-15 14:46:11.952] [jointLog] [info] done
[2023-11-15 14:46:11.990] [jointLog] [info] Index contained 198,540 targets
[2023-11-15 14:46:12.049] [jointLog] [info] Number of decoys : 0
[2023-11-15 14:46:12.260] [jointLog] [info] Automatically detected most likely library type as SF

[2023-11-15 14:46:38.678] [jointLog] [info] Thread saw mini-batch with a maximum of 78.22% zero probability fragments
[2023-11-15 14:46:38.680] [jointLog] [info] Thread saw mini-batch with a maximum of 99.10% zero probability fragments
[2023-11-15 14:46:38.689] [jointLog] [info] Thread saw mini-batch with a maximum of 98.96% zero probability fragments
[2023-11-15 14:46:38.692] [jointLog] [info] Thread saw mini-batch with a maximum of 99.82% zero probability fragments
[2023-11-15 14:46:38.694] [jointLog] [info] Thread saw mini-batch with a maximum of 99.22% zero probability fragments
[2023-11-15 14:46:38.706] [jointLog] [info] Thread saw mini-batch with a maximum of 80.14% zero probability fragments
[2023-11-15 14:46:38.715] [jointLog] [info] Thread saw mini-batch with a maximum of 99.36% zero probability fragments
[2023-11-15 14:46:38.718] [jointLog] [info] Thread saw mini-batch with a maximum of 31.08% zero probability fragments
[2023-11-15 14:46:38.729] [jointLog] [info] Thread saw mini-batch with a maximum of 99.02% zero probability fragments
[2023-11-15 14:46:38.733] [jointLog] [info] Thread saw mini-batch with a maximum of 29.06% zero probability fragments
[2023-11-15 14:46:38.911] [jointLog] [info] Computed 240,733 rich equivalence classes for further processing
[2023-11-15 14:46:38.911] [jointLog] [info] Counted 11,565,977 total reads in the equivalence classes 
[2023-11-15 14:46:38.917] [jointLog] [info] Number of mappings discarded because of alignment score : 49,955,773
[2023-11-15 14:46:38.917] [jointLog] [info] Number of fragments entirely discarded because of alignment score : 446,890
[2023-11-15 14:46:38.917] [jointLog] [info] Number of fragments discarded because they are best-mapped to decoys : 0
[2023-11-15 14:46:38.917] [jointLog] [info] Number of fragments discarded because they have only dovetail (discordant) mappings to valid targets : 0
[2023-11-15 14:46:38.917] [jointLog] [info] Mapping rate = 89.8245%

[2023-11-15 14:46:38.917] [jointLog] [info] finished quantifyLibrary()
[2023-11-15 14:46:39.113] [jointLog] [info] Starting optimizer
[2023-11-15 14:46:38.912] [fileLog] [info] 
At end of round 0
==================
Observed 12876193 total fragments (12876193 in most recent round)

[2023-11-15 14:46:39.290] [jointLog] [info] Marked 0 weighted equivalence classes as degenerate
[2023-11-15 14:46:39.307] [jointLog] [info] iteration = 0 | max rel diff. = 4475.34
[2023-11-15 14:46:40.906] [jointLog] [info] iteration = 100 | max rel diff. = 20.4174
[2023-11-15 14:46:42.594] [jointLog] [info] iteration = 200 | max rel diff. = 14.0865
[2023-11-15 14:46:44.259] [jointLog] [info] iteration = 300 | max rel diff. = 2.18422
[2023-11-15 14:46:45.929] [jointLog] [info] iteration = 400 | max rel diff. = 0.640777
[2023-11-15 14:46:47.573] [jointLog] [info] iteration = 500 | max rel diff. = 0.348721
[2023-11-15 14:46:49.158] [jointLog] [info] iteration = 600 | max rel diff. = 1.006
[2023-11-15 14:46:50.764] [jointLog] [info] iteration = 700 | max rel diff. = 0.102174
[2023-11-15 14:46:52.256] [jointLog] [info] iteration = 800 | max rel diff. = 0.129218
[2023-11-15 14:46:53.727] [jointLog] [info] iteration = 900 | max rel diff. = 0.0800404
[2023-11-15 14:46:55.191] [jointLog] [info] iteration = 1,000 | max rel diff. = 0.0477156
[2023-11-15 14:46:56.654] [jointLog] [info] iteration = 1,100 | max rel diff. = 0.0895491
[2023-11-15 14:46:57.020] [jointLog] [info] iteration = 1,126 | max rel diff. = 0.00900419
[2023-11-15 14:46:57.056] [jointLog] [info] Finished optimizer
[2023-11-15 14:46:57.056] [jointLog] [info] writing output 

