[2023-11-15 13:42:18.060] [jointLog] [info] setting maxHashResizeThreads to 10
[2023-11-15 13:42:18.060] [jointLog] [info] Fragment incompatibility prior below threshold.  Incompatible fragments will be ignored.
[2023-11-15 13:42:18.060] [jointLog] [info] Usage of --validateMappings implies use of minScoreFraction. Since not explicitly specified, it is being set to 0.65
[2023-11-15 13:42:18.060] [jointLog] [info] Setting consensusSlack to selective-alignment default of 0.35.
[2023-11-15 13:42:18.060] [jointLog] [info] parsing read library format
[2023-11-15 13:42:18.060] [jointLog] [info] There is 1 library.
[2023-11-15 13:42:18.066] [jointLog] [info] Loading pufferfish index
[2023-11-15 13:42:18.067] [jointLog] [info] Loading dense pufferfish index.
[2023-11-15 13:42:26.935] [jointLog] [info] done
[2023-11-15 13:42:26.976] [jointLog] [info] Index contained 198,540 targets
[2023-11-15 13:42:27.041] [jointLog] [info] Number of decoys : 0
[2023-11-15 13:42:27.348] [jointLog] [info] Automatically detected most likely library type as SF

[2023-11-15 13:42:57.801] [jointLog] [info] Thread saw mini-batch with a maximum of 40.84% zero probability fragments
[2023-11-15 13:42:57.806] [jointLog] [info] Thread saw mini-batch with a maximum of 27.26% zero probability fragments
[2023-11-15 13:42:57.825] [jointLog] [info] Thread saw mini-batch with a maximum of 46.06% zero probability fragments
[2023-11-15 13:42:57.842] [jointLog] [info] Thread saw mini-batch with a maximum of 29.34% zero probability fragments
[2023-11-15 13:42:57.860] [jointLog] [info] Thread saw mini-batch with a maximum of 45.18% zero probability fragments
[2023-11-15 13:42:57.874] [jointLog] [info] Thread saw mini-batch with a maximum of 7.74% zero probability fragments
[2023-11-15 13:42:57.879] [jointLog] [info] Thread saw mini-batch with a maximum of 25.30% zero probability fragments
[2023-11-15 13:42:57.900] [jointLog] [info] Thread saw mini-batch with a maximum of 45.20% zero probability fragments
[2023-11-15 13:42:57.935] [jointLog] [info] Thread saw mini-batch with a maximum of 21.44% zero probability fragments
[2023-11-15 13:42:58.002] [jointLog] [info] Thread saw mini-batch with a maximum of 41.58% zero probability fragments
[2023-11-15 13:42:58.222] [jointLog] [info] Computed 238,472 rich equivalence classes for further processing
[2023-11-15 13:42:58.223] [jointLog] [info] Counted 12,473,179 total reads in the equivalence classes 
[2023-11-15 13:42:58.227] [jointLog] [info] Number of mappings discarded because of alignment score : 36,717,254
[2023-11-15 13:42:58.227] [jointLog] [info] Number of fragments entirely discarded because of alignment score : 674,805
[2023-11-15 13:42:58.227] [jointLog] [info] Number of fragments discarded because they are best-mapped to decoys : 0
[2023-11-15 13:42:58.227] [jointLog] [info] Number of fragments discarded because they have only dovetail (discordant) mappings to valid targets : 0
[2023-11-15 13:42:58.227] [jointLog] [info] Mapping rate = 92.5401%

[2023-11-15 13:42:58.227] [jointLog] [info] finished quantifyLibrary()
[2023-11-15 13:42:58.229] [jointLog] [info] Starting optimizer
[2023-11-15 13:42:58.224] [fileLog] [info] 
At end of round 0
==================
Observed 13478675 total fragments (13478675 in most recent round)

[2023-11-15 13:42:58.408] [jointLog] [info] Marked 0 weighted equivalence classes as degenerate
[2023-11-15 13:42:58.427] [jointLog] [info] iteration = 0 | max rel diff. = 4713.79
[2023-11-15 13:43:00.252] [jointLog] [info] iteration = 100 | max rel diff. = 18.6242
[2023-11-15 13:43:02.082] [jointLog] [info] iteration = 200 | max rel diff. = 4.41808
[2023-11-15 13:43:03.862] [jointLog] [info] iteration = 300 | max rel diff. = 3.32674
[2023-11-15 13:43:05.628] [jointLog] [info] iteration = 400 | max rel diff. = 1.70256
[2023-11-15 13:43:07.281] [jointLog] [info] iteration = 500 | max rel diff. = 0.174104
[2023-11-15 13:43:08.904] [jointLog] [info] iteration = 600 | max rel diff. = 0.155188
[2023-11-15 13:43:10.439] [jointLog] [info] iteration = 700 | max rel diff. = 14.3695
[2023-11-15 13:43:11.987] [jointLog] [info] iteration = 800 | max rel diff. = 0.359847
[2023-11-15 13:43:13.535] [jointLog] [info] iteration = 900 | max rel diff. = 1.04511
[2023-11-15 13:43:15.083] [jointLog] [info] iteration = 1,000 | max rel diff. = 0.0558591
[2023-11-15 13:43:16.635] [jointLog] [info] iteration = 1,100 | max rel diff. = 0.0847398
[2023-11-15 13:43:18.192] [jointLog] [info] iteration = 1,200 | max rel diff. = 0.011407
[2023-11-15 13:43:19.741] [jointLog] [info] iteration = 1,300 | max rel diff. = 0.590832
[2023-11-15 13:43:21.300] [jointLog] [info] iteration = 1,400 | max rel diff. = 0.0873261
[2023-11-15 13:43:22.531] [jointLog] [info] iteration = 1,480 | max rel diff. = 0.00416536
[2023-11-15 13:43:22.559] [jointLog] [info] Finished optimizer
[2023-11-15 13:43:22.559] [jointLog] [info] writing output 

